#
# There is insufficient memory for the Java Runtime Environment to continue.
# Native memory allocation (mmap) failed to map 35651584 bytes for G1 virtual space
# Possible reasons:
#   The system is out of physical RAM or swap space
#   The process is running with CompressedOops enabled, and the Java Heap may be blocking the growth of the native heap
# Possible solutions:
#   Reduce memory load on the system
#   Increase physical memory or swap space
#   Check if swap backing store is full
#   Decrease Java heap size (-Xmx/-Xms)
#   Decrease number of Java threads
#   Decrease Java thread stack sizes (-Xss)
#   Set larger code cache with -XX:ReservedCodeCacheSize=
#   JVM is running with Unscaled Compressed Oops mode in which the Java heap is
#     placed in the first 4GB address space. The Java Heap base address is the
#     maximum limit for the native heap growth. Please use -XX:HeapBaseMinAddress
#     to set the Java Heap base and to place the Java Heap above 4GB virtual address.
# This output file may be truncated or incomplete.
#
#  Out of Memory Error (os_windows.cpp:3541), pid=17184, tid=10680
#
# JRE version: Java(TM) SE Runtime Environment (17.0.5+9) (build 17.0.5+9-LTS-191)
# Java VM: Java HotSpot(TM) 64-Bit Server VM (17.0.5+9-LTS-191, mixed mode, sharing, tiered, compressed oops, compressed class ptrs, g1 gc, windows-amd64)
# No core dump will be written. Minidumps are not enabled by default on client versions of Windows
#

---------------  S U M M A R Y ------------

Command Line: -Dmaven.home=EMBEDDED -Dclassworlds.conf=C:\Users\IT CARE\Documents\myAPP2\.metadata\.plugins\org.eclipse.m2e.launching\launches\m2conf1762203462630628209.tmp -Dmaven.multiModuleProjectDirectory=E:\io5\io4\spring-boot-spring-security-jwt-authentication-master -Dfile.encoding=UTF-8 -XX:+ShowCodeDetailsInExceptionMessages org.codehaus.plexus.classworlds.launcher.Launcher -B -Dstyle.color=always install

Host: Intel(R) Core(TM) i5-6300U CPU @ 2.40GHz, 4 cores, 7G,  Windows 10 , 64 bit Build 19041 (10.0.19041.3636)
Time: Sun Apr 21 19:25:51 2024 India Standard Time elapsed time: 18.460824 seconds (0d 0h 0m 18s)

---------------  T H R E A D  ---------------

Current thread (0x000001f3fec844b0):  VMThread "VM Thread" [stack: 0x0000006489a00000,0x0000006489b00000] [id=10680]

Stack: [0x0000006489a00000,0x0000006489b00000]
Native frames: (J=compiled Java code, j=interpreted, Vv=VM code, C=native code)
V  [jvm.dll+0x672eea]
V  [jvm.dll+0x7d2a04]
V  [jvm.dll+0x7d41ae]
V  [jvm.dll+0x7d4813]
V  [jvm.dll+0x242c15]
V  [jvm.dll+0x66fe09]
V  [jvm.dll+0x664682]
V  [jvm.dll+0x300e8b]
V  [jvm.dll+0x308426]
V  [jvm.dll+0x357ffe]
V  [jvm.dll+0x35822f]
V  [jvm.dll+0x2d80a8]
V  [jvm.dll+0x2d6374]
V  [jvm.dll+0x2d597c]
V  [jvm.dll+0x3193eb]
V  [jvm.dll+0x7d8ceb]
V  [jvm.dll+0x7d9a24]
V  [jvm.dll+0x7d9f3c]
V  [jvm.dll+0x7da314]
V  [jvm.dll+0x7da3e0]
V  [jvm.dll+0x782b4a]
V  [jvm.dll+0x671d75]
C  [ucrtbase.dll+0x21bb2]
C  [KERNEL32.DLL+0x17344]
C  [ntdll.dll+0x526b1]

VM_Operation (0x00000064894fcc90): G1CollectForAllocation, mode: safepoint, requested by thread 0x000001f3e5405630


---------------  P R O C E S S  ---------------

Threads class SMR info:
_java_thread_list=0x000001f388976be0, length=13, elements={
0x000001f3e5405630, 0x000001f3fec89880, 0x000001f3fec8a600, 0x000001f3fec9af00,
0x000001f3fec9c9d0, 0x000001f3fec9f3a0, 0x000001f3fec9fc60, 0x000001f3feca0850,
0x000001f3fed0b650, 0x000001f3fed1fb60, 0x000001f3ff8a6da0, 0x000001f3ff8b5520,
0x000001f38648f500
}

Java Threads: ( => current thread )
  0x000001f3e5405630 JavaThread "main" [_thread_blocked, id=7852, stack(0x0000006489400000,0x0000006489500000)]
  0x000001f3fec89880 JavaThread "Reference Handler" daemon [_thread_blocked, id=15240, stack(0x0000006489b00000,0x0000006489c00000)]
  0x000001f3fec8a600 JavaThread "Finalizer" daemon [_thread_blocked, id=20992, stack(0x0000006489c00000,0x0000006489d00000)]
  0x000001f3fec9af00 JavaThread "Signal Dispatcher" daemon [_thread_blocked, id=7756, stack(0x0000006489e00000,0x0000006489f00000)]
  0x000001f3fec9c9d0 JavaThread "Attach Listener" daemon [_thread_blocked, id=16444, stack(0x0000006489f00000,0x000000648a000000)]
  0x000001f3fec9f3a0 JavaThread "Service Thread" daemon [_thread_blocked, id=16132, stack(0x000000648a000000,0x000000648a100000)]
  0x000001f3fec9fc60 JavaThread "Monitor Deflation Thread" daemon [_thread_blocked, id=17296, stack(0x000000648a100000,0x000000648a200000)]
  0x000001f3feca0850 JavaThread "C2 CompilerThread0" daemon [_thread_blocked, id=7024, stack(0x000000648a200000,0x000000648a300000)]
  0x000001f3fed0b650 JavaThread "C1 CompilerThread0" daemon [_thread_blocked, id=7700, stack(0x000000648a300000,0x000000648a400000)]
  0x000001f3fed1fb60 JavaThread "Sweeper thread" daemon [_thread_blocked, id=17596, stack(0x000000648a400000,0x000000648a500000)]
  0x000001f3ff8a6da0 JavaThread "Notification Thread" daemon [_thread_blocked, id=8664, stack(0x000000648a500000,0x000000648a600000)]
  0x000001f3ff8b5520 JavaThread "Common-Cleaner" daemon [_thread_blocked, id=4684, stack(0x000000648a700000,0x000000648a800000)]
  0x000001f38648f500 JavaThread "C2 CompilerThread1" daemon [_thread_blocked, id=20964, stack(0x000000648b000000,0x000000648b100000)]

Other Threads:
=>0x000001f3fec844b0 VMThread "VM Thread" [stack: 0x0000006489a00000,0x0000006489b00000] [id=10680]
  0x000001f3ff8aa0a0 WatcherThread [stack: 0x000000648a600000,0x000000648a700000] [id=11884]
  0x000001f3e545ec20 GCTaskThread "GC Thread#0" [stack: 0x0000006489500000,0x0000006489600000] [id=19704]
  0x000001f386457e30 GCTaskThread "GC Thread#1" [stack: 0x000000648a800000,0x000000648a900000] [id=15772]
  0x000001f386476150 GCTaskThread "GC Thread#2" [stack: 0x000000648a900000,0x000000648aa00000] [id=7236]
  0x000001f386477c60 GCTaskThread "GC Thread#3" [stack: 0x000000648aa00000,0x000000648ab00000] [id=868]
  0x000001f3e5470ea0 ConcurrentGCThread "G1 Main Marker" [stack: 0x0000006489600000,0x0000006489700000] [id=18980]
  0x000001f3e54730b0 ConcurrentGCThread "G1 Conc#0" [stack: 0x0000006489700000,0x0000006489800000] [id=18048]
  0x000001f3feb40090 ConcurrentGCThread "G1 Refine#0" [stack: 0x0000006489800000,0x0000006489900000] [id=6556]
  0x000001f38732fb90 ConcurrentGCThread "G1 Refine#1" [stack: 0x000000648ac00000,0x000000648ad00000] [id=2412]
  0x000001f3feb409c0 ConcurrentGCThread "G1 Service" [stack: 0x0000006489900000,0x0000006489a00000] [id=9228]

Threads with active compile tasks:
C2 CompilerThread0    18524 5477       4       org.apache.maven.model.merge.ModelMerger::mergePlugin_Dependencies (26 bytes)

VM state: at safepoint (normal execution)

VM Mutex/Monitor currently owned by a thread:  ([mutex/lock_event])
[0x000001f3e53ffce0] Threads_lock - owner thread: 0x000001f3fec844b0
[0x000001f3e53fff20] Heap_lock - owner thread: 0x000001f3e5405630

Heap address: 0x0000000081c00000, size: 2020 MB, Compressed Oops mode: 32-bit

CDS archive(s) mapped at: [0x0000000800000000-0x0000000800bd0000-0x0000000800bd0000), size 12386304, SharedBaseAddress: 0x0000000800000000, ArchiveRelocationMode: 0.
Compressed class space mapped at: 0x0000000800c00000-0x0000000840c00000, reserved size: 1073741824
Narrow klass base: 0x0000000800000000, Narrow klass shift: 0, Narrow klass range: 0x100000000

GC Precious Log:
 CPUs: 4 total, 4 available
 Memory: 8072M
 Large Page Support: Disabled
 NUMA Support: Disabled
 Compressed Oops: Enabled (32-bit)
 Heap Region Size: 1M
 Heap Min Capacity: 8M
 Heap Initial Capacity: 128M
 Heap Max Capacity: 2020M
 Pre-touch: Disabled
 Parallel Workers: 4
 Concurrent Workers: 1
 Concurrent Refinement Workers: 4
 Periodic GC: Disabled

Heap:
 garbage-first heap   total 92160K, used 31077K [0x0000000081c00000, 0x0000000100000000)
  region size 1024K, 1 young (1024K), 1 survivors (1024K)
 Metaspace       used 25925K, committed 26176K, reserved 1073152K
  class space    used 2953K, committed 3072K, reserved 1048576K

Heap Regions: E=young(eden), S=young(survivor), O=old, HS=humongous(starts), HC=humongous(continues), CS=collection set, F=free, OA=open archive, CA=closed archive, TAMS=top-at-mark-start (previous, next)
|   0|0x0000000081c00000, 0x0000000081d00000, 0x0000000081d00000|100%| O|  |TAMS 0x0000000081d00000, 0x0000000081c00000| Untracked 
|   1|0x0000000081d00000, 0x0000000081e00000, 0x0000000081e00000|100%| O|  |TAMS 0x0000000081e00000, 0x0000000081d00000| Untracked 
|   2|0x0000000081e00000, 0x0000000081f00000, 0x0000000081f00000|100%| O|  |TAMS 0x0000000081f00000, 0x0000000081e00000| Untracked 
|   3|0x0000000081f00000, 0x0000000082000000, 0x0000000082000000|100%| O|  |TAMS 0x0000000081f00000, 0x0000000081f00000| Untracked 
|   4|0x0000000082000000, 0x0000000082000000, 0x0000000082100000|  0%| F|  |TAMS 0x0000000082000000, 0x0000000082000000| Untracked 
|   5|0x0000000082100000, 0x0000000082200000, 0x0000000082200000|100%|HS|  |TAMS 0x0000000082200000, 0x0000000082100000| Complete 
|   6|0x0000000082200000, 0x0000000082300000, 0x0000000082300000|100%|HC|  |TAMS 0x0000000082300000, 0x0000000082200000| Complete 
|   7|0x0000000082300000, 0x0000000082400000, 0x0000000082400000|100%| O|  |TAMS 0x0000000082300000, 0x0000000082300000| Untracked 
|   8|0x0000000082400000, 0x0000000082500000, 0x0000000082500000|100%|HS|  |TAMS 0x0000000082500000, 0x0000000082400000| Complete 
|   9|0x0000000082500000, 0x0000000082600000, 0x0000000082600000|100%| O|  |TAMS 0x0000000082600000, 0x0000000082500000| Untracked 
|  10|0x0000000082600000, 0x0000000082700000, 0x0000000082700000|100%| O|  |TAMS 0x0000000082700000, 0x0000000082600000| Untracked 
|  11|0x0000000082700000, 0x0000000082700000, 0x0000000082800000|  0%| F|  |TAMS 0x0000000082700000, 0x0000000082700000| Untracked 
|  12|0x0000000082800000, 0x0000000082900000, 0x0000000082900000|100%| O|  |TAMS 0x0000000082900000, 0x0000000082800000| Untracked 
|  13|0x0000000082900000, 0x0000000082a00000, 0x0000000082a00000|100%| O|  |TAMS 0x0000000082a00000, 0x0000000082900000| Untracked 
|  14|0x0000000082a00000, 0x0000000082b00000, 0x0000000082b00000|100%| O|  |TAMS 0x0000000082b00000, 0x0000000082a00000| Untracked 
|  15|0x0000000082b00000, 0x0000000082c00000, 0x0000000082c00000|100%| O|  |TAMS 0x0000000082c00000, 0x0000000082b00000| Untracked 
|  16|0x0000000082c00000, 0x0000000082d00000, 0x0000000082d00000|100%| O|  |TAMS 0x0000000082d00000, 0x0000000082c00000| Untracked 
|  17|0x0000000082d00000, 0x0000000082e00000, 0x0000000082e00000|100%| O|  |TAMS 0x0000000082e00000, 0x0000000082d00000| Untracked 
|  18|0x0000000082e00000, 0x0000000082f00000, 0x0000000082f00000|100%| O|  |TAMS 0x0000000082f00000, 0x0000000082e00000| Untracked 
|  19|0x0000000082f00000, 0x0000000083000000, 0x0000000083000000|100%| O|  |TAMS 0x0000000082f00000, 0x0000000082f00000| Untracked 
|  20|0x0000000083000000, 0x0000000083100000, 0x0000000083100000|100%| O|  |TAMS 0x0000000083000000, 0x0000000083000000| Untracked 
|  21|0x0000000083100000, 0x0000000083100000, 0x0000000083200000|  0%| F|  |TAMS 0x0000000083100000, 0x0000000083100000| Untracked 
|  22|0x0000000083200000, 0x0000000083300000, 0x0000000083300000|100%| O|  |TAMS 0x0000000083200000, 0x0000000083200000| Untracked 
|  23|0x0000000083300000, 0x0000000083300000, 0x0000000083400000|  0%| F|  |TAMS 0x0000000083300000, 0x0000000083300000| Untracked 
|  24|0x0000000083400000, 0x0000000083400000, 0x0000000083500000|  0%| F|  |TAMS 0x0000000083400000, 0x0000000083400000| Untracked 
|  25|0x0000000083500000, 0x0000000083500000, 0x0000000083600000|  0%| F|  |TAMS 0x0000000083500000, 0x0000000083500000| Untracked 
|  26|0x0000000083600000, 0x0000000083600000, 0x0000000083700000|  0%| F|  |TAMS 0x0000000083600000, 0x0000000083600000| Untracked 
|  27|0x0000000083700000, 0x0000000083800000, 0x0000000083800000|100%| O|  |TAMS 0x0000000083800000, 0x0000000083700000| Untracked 
|  28|0x0000000083800000, 0x0000000083800000, 0x0000000083900000|  0%| F|  |TAMS 0x0000000083800000, 0x0000000083800000| Untracked 
|  29|0x0000000083900000, 0x0000000083900000, 0x0000000083a00000|  0%| F|  |TAMS 0x0000000083900000, 0x0000000083900000| Untracked 
|  30|0x0000000083a00000, 0x0000000083a00000, 0x0000000083b00000|  0%| F|  |TAMS 0x0000000083a00000, 0x0000000083a00000| Untracked 
|  31|0x0000000083b00000, 0x0000000083b00000, 0x0000000083c00000|  0%| F|  |TAMS 0x0000000083b00000, 0x0000000083b00000| Untracked 
|  32|0x0000000083c00000, 0x0000000083c00000, 0x0000000083d00000|  0%| F|  |TAMS 0x0000000083c00000, 0x0000000083c00000| Untracked 
|  33|0x0000000083d00000, 0x0000000083d00000, 0x0000000083e00000|  0%| F|  |TAMS 0x0000000083d00000, 0x0000000083d00000| Untracked 
|  34|0x0000000083e00000, 0x0000000083e00000, 0x0000000083f00000|  0%| F|  |TAMS 0x0000000083e00000, 0x0000000083e00000| Untracked 
|  35|0x0000000083f00000, 0x0000000084000000, 0x0000000084000000|100%| O|  |TAMS 0x0000000084000000, 0x0000000083f00000| Untracked 
|  36|0x0000000084000000, 0x0000000084100000, 0x0000000084100000|100%| O|  |TAMS 0x0000000084100000, 0x0000000084000000| Untracked 
|  37|0x0000000084100000, 0x0000000084200000, 0x0000000084200000|100%| O|  |TAMS 0x0000000084200000, 0x0000000084100000| Untracked 
|  38|0x0000000084200000, 0x0000000084300000, 0x0000000084300000|100%| O|  |TAMS 0x0000000084300000, 0x0000000084200000| Untracked 
|  39|0x0000000084300000, 0x0000000084400000, 0x0000000084400000|100%| O|  |TAMS 0x0000000084400000, 0x0000000084300000| Untracked 
|  40|0x0000000084400000, 0x0000000084500000, 0x0000000084500000|100%| O|  |TAMS 0x0000000084500000, 0x0000000084400000| Untracked 
|  41|0x0000000084500000, 0x0000000084500000, 0x0000000084600000|  0%| F|  |TAMS 0x0000000084500000, 0x0000000084500000| Untracked 
|  42|0x0000000084600000, 0x0000000084600000, 0x0000000084700000|  0%| F|  |TAMS 0x0000000084600000, 0x0000000084600000| Untracked 
|  43|0x0000000084700000, 0x0000000084700000, 0x0000000084800000|  0%| F|  |TAMS 0x0000000084700000, 0x0000000084700000| Untracked 
|  44|0x0000000084800000, 0x0000000084800000, 0x0000000084900000|  0%| F|  |TAMS 0x0000000084800000, 0x0000000084800000| Untracked 
|  45|0x0000000084900000, 0x0000000084900000, 0x0000000084a00000|  0%| F|  |TAMS 0x0000000084900000, 0x0000000084900000| Untracked 
|  46|0x0000000084a00000, 0x0000000084a00000, 0x0000000084b00000|  0%| F|  |TAMS 0x0000000084a00000, 0x0000000084a00000| Untracked 
|  47|0x0000000084b00000, 0x0000000084b00000, 0x0000000084c00000|  0%| F|  |TAMS 0x0000000084b00000, 0x0000000084b00000| Untracked 
|  48|0x0000000084c00000, 0x0000000084c00000, 0x0000000084d00000|  0%| F|  |TAMS 0x0000000084c00000, 0x0000000084c00000| Untracked 
|  49|0x0000000084d00000, 0x0000000084d00000, 0x0000000084e00000|  0%| F|  |TAMS 0x0000000084d00000, 0x0000000084d00000| Untracked 
|  50|0x0000000084e00000, 0x0000000084e00000, 0x0000000084f00000|  0%| F|  |TAMS 0x0000000084e00000, 0x0000000084e00000| Untracked 
|  51|0x0000000084f00000, 0x0000000084f00000, 0x0000000085000000|  0%| F|  |TAMS 0x0000000084f00000, 0x0000000084f00000| Untracked 
|  52|0x0000000085000000, 0x0000000085000000, 0x0000000085100000|  0%| F|  |TAMS 0x0000000085000000, 0x0000000085000000| Untracked 
|  53|0x0000000085100000, 0x0000000085100000, 0x0000000085200000|  0%| F|  |TAMS 0x0000000085100000, 0x0000000085100000| Untracked 
|  54|0x0000000085200000, 0x0000000085200000, 0x0000000085300000|  0%| F|  |TAMS 0x0000000085200000, 0x0000000085200000| Untracked 
|  55|0x0000000085300000, 0x0000000085300000, 0x0000000085400000|  0%| F|  |TAMS 0x0000000085300000, 0x0000000085300000| Untracked 
|  56|0x0000000085400000, 0x0000000085400000, 0x0000000085500000|  0%| F|  |TAMS 0x0000000085400000, 0x0000000085400000| Untracked 
|  57|0x0000000085500000, 0x0000000085500000, 0x0000000085600000|  0%| F|  |TAMS 0x0000000085500000, 0x0000000085500000| Untracked 
|  58|0x0000000085600000, 0x0000000085600000, 0x0000000085700000|  0%| F|  |TAMS 0x0000000085600000, 0x0000000085600000| Untracked 
|  59|0x0000000085700000, 0x0000000085700000, 0x0000000085800000|  0%| F|  |TAMS 0x0000000085700000, 0x0000000085700000| Untracked 
|  60|0x0000000085800000, 0x0000000085800000, 0x0000000085900000|  0%| F|  |TAMS 0x0000000085800000, 0x0000000085800000| Untracked 
|  61|0x0000000085900000, 0x0000000085900000, 0x0000000085a00000|  0%| F|  |TAMS 0x0000000085900000, 0x0000000085900000| Untracked 
|  62|0x0000000085a00000, 0x0000000085a00000, 0x0000000085b00000|  0%| F|  |TAMS 0x0000000085a00000, 0x0000000085a00000| Untracked 
|  63|0x0000000085b00000, 0x0000000085b00000, 0x0000000085c00000|  0%| F|  |TAMS 0x0000000085b00000, 0x0000000085b00000| Untracked 
|  64|0x0000000085c00000, 0x0000000085c00000, 0x0000000085d00000|  0%| F|  |TAMS 0x0000000085c00000, 0x0000000085c00000| Untracked 
|  65|0x0000000085d00000, 0x0000000085d00000, 0x0000000085e00000|  0%| F|  |TAMS 0x0000000085d00000, 0x0000000085d00000| Untracked 
|  66|0x0000000085e00000, 0x0000000085e00000, 0x0000000085f00000|  0%| F|  |TAMS 0x0000000085e00000, 0x0000000085e00000| Untracked 
|  67|0x0000000085f00000, 0x0000000085f00000, 0x0000000086000000|  0%| F|  |TAMS 0x0000000085f00000, 0x0000000085f00000| Untracked 
|  68|0x0000000086000000, 0x0000000086000000, 0x0000000086100000|  0%| F|  |TAMS 0x0000000086000000, 0x0000000086000000| Untracked 
|  69|0x0000000086100000, 0x0000000086100000, 0x0000000086200000|  0%| F|  |TAMS 0x0000000086100000, 0x0000000086100000| Untracked 
|  70|0x0000000086200000, 0x0000000086200000, 0x0000000086300000|  0%| F|  |TAMS 0x0000000086200000, 0x0000000086200000| Untracked 
| 105|0x0000000088500000, 0x0000000088500000, 0x0000000088600000|  0%| F|  |TAMS 0x0000000088500000, 0x0000000088500000| Untracked 
| 106|0x0000000088600000, 0x0000000088600000, 0x0000000088700000|  0%| F|  |TAMS 0x0000000088600000, 0x0000000088600000| Untracked 
| 107|0x0000000088700000, 0x0000000088700000, 0x0000000088800000|  0%| F|  |TAMS 0x0000000088700000, 0x0000000088700000| Untracked 
| 108|0x0000000088800000, 0x0000000088800000, 0x0000000088900000|  0%| F|  |TAMS 0x0000000088800000, 0x0000000088800000| Untracked 
| 109|0x0000000088900000, 0x0000000088900000, 0x0000000088a00000|  0%| F|  |TAMS 0x0000000088900000, 0x0000000088900000| Untracked 
| 110|0x0000000088a00000, 0x0000000088a00000, 0x0000000088b00000|  0%| F|  |TAMS 0x0000000088a00000, 0x0000000088a00000| Untracked 
| 111|0x0000000088b00000, 0x0000000088b00000, 0x0000000088c00000|  0%| F|  |TAMS 0x0000000088b00000, 0x0000000088b00000| Untracked 
| 112|0x0000000088c00000, 0x0000000088c00000, 0x0000000088d00000|  0%| F|  |TAMS 0x0000000088c00000, 0x0000000088c00000| Untracked 
| 113|0x0000000088d00000, 0x0000000088d00000, 0x0000000088e00000|  0%| F|  |TAMS 0x0000000088d00000, 0x0000000088d00000| Untracked 
| 127|0x0000000089b00000, 0x0000000089b00000, 0x0000000089c00000|  0%| F|  |TAMS 0x0000000089b00000, 0x0000000089b00000| Untracked 
|2011|0x00000000ff700000, 0x00000000ff700000, 0x00000000ff800000|  0%| F|  |TAMS 0x00000000ff700000, 0x00000000ff700000| Untracked 
|2012|0x00000000ff800000, 0x00000000ff800000, 0x00000000ff900000|  0%| F|  |TAMS 0x00000000ff800000, 0x00000000ff800000| Untracked 
|2013|0x00000000ff900000, 0x00000000ff9597b8, 0x00000000ffa00000| 34%| S|CS|TAMS 0x00000000ff900000, 0x00000000ff900000| Complete 
|2014|0x00000000ffa00000, 0x00000000ffa00000, 0x00000000ffb00000|  0%| F|  |TAMS 0x00000000ffa00000, 0x00000000ffa00000| Untracked 
|2015|0x00000000ffb00000, 0x00000000ffb00000, 0x00000000ffc00000|  0%| F|  |TAMS 0x00000000ffb00000, 0x00000000ffb00000| Untracked 
|2016|0x00000000ffc00000, 0x00000000ffc00000, 0x00000000ffd00000|  0%| F|  |TAMS 0x00000000ffc00000, 0x00000000ffc00000| Untracked 
|2017|0x00000000ffd00000, 0x00000000ffe00000, 0x00000000ffe00000|100%| O|  |TAMS 0x00000000ffe00000, 0x00000000ffd00000| Untracked 
|2018|0x00000000ffe00000, 0x00000000fff00000, 0x00000000fff00000|100%| O|  |TAMS 0x00000000fff00000, 0x00000000ffe00000| Untracked 
|2019|0x00000000fff00000, 0x0000000100000000, 0x0000000100000000|100%| O|  |TAMS 0x0000000100000000, 0x00000000fff00000| Untracked 

Card table byte_map: [0x000001f3fde90000,0x000001f3fe290000] _byte_map_base: 0x000001f3fda82000

Marking Bits (Prev, Next): (CMBitMap*) 0x000001f3e5460150, (CMBitMap*) 0x000001f3e5460190
 Prev Bits: [0x000001f380000000, 0x000001f381f90000)
 Next Bits: [0x000001f381f90000, 0x000001f383f20000)

Polling page: 0x000001f3e54e0000

Metaspace:

Usage:
  Non-class:     22.43 MB used.
      Class:      2.88 MB used.
       Both:     25.32 MB used.

Virtual space:
  Non-class space:       24.00 MB reserved,      22.56 MB ( 94%) committed,  3 nodes.
      Class space:        1.00 GB reserved,       3.00 MB ( <1%) committed,  1 nodes.
             Both:        1.02 GB reserved,      25.56 MB (  2%) committed. 

Chunk freelists:
   Non-Class:  1.02 MB
       Class:  975.00 KB
        Both:  1.97 MB

MaxMetaspaceSize: unlimited
CompressedClassSpaceSize: 1.00 GB
Initial GC threshold: 21.00 MB
Current GC threshold: 42.12 MB
CDS: on
MetaspaceReclaimPolicy: balanced
 - commit_granule_bytes: 65536.
 - commit_granule_words: 8192.
 - virtual_space_node_default_size: 1048576.
 - enlarge_chunks_in_place: 1.
 - new_chunks_are_fully_committed: 0.
 - uncommit_free_chunks: 1.
 - use_allocation_guard: 0.
 - handle_deallocations: 1.


Internal statistics:

num_allocs_failed_limit: 3.
num_arena_births: 170.
num_arena_deaths: 0.
num_vsnodes_births: 4.
num_vsnodes_deaths: 0.
num_space_committed: 409.
num_space_uncommitted: 0.
num_chunks_returned_to_freelist: 3.
num_chunks_taken_from_freelist: 1080.
num_chunk_merges: 3.
num_chunk_splits: 774.
num_chunks_enlarged: 607.
num_purges: 0.
num_inconsistent_stats: 0.

CodeHeap 'non-profiled nmethods': size=120000Kb used=3066Kb max_used=3141Kb free=116933Kb
 bounds [0x000001f3f5f20000, 0x000001f3f6250000, 0x000001f3fd450000]
CodeHeap 'profiled nmethods': size=120000Kb used=9578Kb max_used=10618Kb free=110421Kb
 bounds [0x000001f3ee9f0000, 0x000001f3ef450000, 0x000001f3f5f20000]
CodeHeap 'non-nmethods': size=5760Kb used=1230Kb max_used=1301Kb free=4529Kb
 bounds [0x000001f3ee450000, 0x000001f3ee6c0000, 0x000001f3ee9f0000]
 total_blobs=5247 nmethods=4715 adapters=443
 compilation: enabled
              stopped_count=0, restarted_count=0
 full_count=0

Compilation events (20 events):
Event: 18.419 Thread 0x000001f3feca0850 5473       4       org.apache.maven.model.merge.ModelMerger::mergePlugin_GroupId (41 bytes)
Event: 18.420 Thread 0x000001f38648f500 nmethod 5472 0x000001f3f5f70090 code [0x000001f3f5f70220, 0x000001f3f5f707d8]
Event: 18.420 Thread 0x000001f38648f500 5474       4       org.apache.maven.model.merge.ModelMerger::mergePlugin_ArtifactId (41 bytes)
Event: 18.423 Thread 0x000001f3feca0850 nmethod 5473 0x000001f3f5f2d690 code [0x000001f3f5f2d820, 0x000001f3f5f2da58]
Event: 18.423 Thread 0x000001f3feca0850 5475       4       org.apache.maven.model.merge.ModelMerger::mergePlugin_Version (41 bytes)
Event: 18.423 Thread 0x000001f38648f500 nmethod 5474 0x000001f3f5f2d110 code [0x000001f3f5f2d2a0, 0x000001f3f5f2d4d8]
Event: 18.424 Thread 0x000001f38648f500 5476       4       org.apache.maven.model.merge.ModelMerger::mergePlugin_Extensions (43 bytes)
Event: 18.426 Thread 0x000001f3feca0850 nmethod 5475 0x000001f3f5f2cb90 code [0x000001f3f5f2cd20, 0x000001f3f5f2cf38]
Event: 18.426 Thread 0x000001f3feca0850 5477       4       org.apache.maven.model.merge.ModelMerger::mergePlugin_Dependencies (26 bytes)
Event: 18.427 Thread 0x000001f38648f500 nmethod 5476 0x000001f3f5f2c610 code [0x000001f3f5f2c7a0, 0x000001f3f5f2c9b8]
Event: 18.432 Thread 0x000001f38648f500 5478       4       java.util.concurrent.ConcurrentHashMap$Traverser::<init> (36 bytes)
Event: 18.434 Thread 0x000001f38648f500 nmethod 5478 0x000001f3f5f2c210 code [0x000001f3f5f2c380, 0x000001f3f5f2c558]
Event: 18.434 Thread 0x000001f38648f500 5479       4       java.util.concurrent.ConcurrentHashMap$BaseIterator::<init> (21 bytes)
Event: 18.441 Thread 0x000001f3fed0b650 5480       3       org.eclipse.aether.internal.impl.collect.DataPool::putConstraint (20 bytes)
Event: 18.442 Thread 0x000001f3fed0b650 nmethod 5480 0x000001f3eec33590 code [0x000001f3eec33740, 0x000001f3eec339d8]
Event: 18.442 Thread 0x000001f3fed0b650 5481       3       org.eclipse.aether.internal.impl.collect.DataPool$Constraint::<init> (90 bytes)
Event: 18.442 Thread 0x000001f3fed0b650 nmethod 5481 0x000001f3ef0cb210 code [0x000001f3ef0cb460, 0x000001f3ef0cc288]
Event: 18.443 Thread 0x000001f3fed0b650 5482       3       org.eclipse.aether.internal.impl.collect.DataPool$Constraint$VersionRepo::<init> (15 bytes)
Event: 18.443 Thread 0x000001f3fed0b650 nmethod 5482 0x000001f3ef0cad10 code [0x000001f3ef0caec0, 0x000001f3ef0cb0d8]
Event: 18.446 Thread 0x000001f38648f500 nmethod 5479 0x000001f3f6167c10 code [0x000001f3f6167da0, 0x000001f3f6168318]

GC Heap History (20 events):
Event: 7.160 GC heap after
{Heap after GC invocations=3 (full 0):
 garbage-first heap   total 131072K, used 10672K [0x0000000081c00000, 0x0000000100000000)
  region size 1024K, 8 young (8192K), 8 survivors (8192K)
 Metaspace       used 12890K, committed 13056K, reserved 1064960K
  class space    used 1482K, committed 1536K, reserved 1048576K
}
Event: 10.862 GC heap before
{Heap before GC invocations=3 (full 0):
 garbage-first heap   total 131072K, used 112048K [0x0000000081c00000, 0x0000000100000000)
  region size 1024K, 76 young (77824K), 8 survivors (8192K)
 Metaspace       used 16830K, committed 17088K, reserved 1064960K
  class space    used 1864K, committed 1984K, reserved 1048576K
}
Event: 10.881 GC heap after
{Heap after GC invocations=4 (full 0):
 garbage-first heap   total 131072K, used 14932K [0x0000000081c00000, 0x0000000100000000)
  region size 1024K, 5 young (5120K), 5 survivors (5120K)
 Metaspace       used 16830K, committed 17088K, reserved 1064960K
  class space    used 1864K, committed 1984K, reserved 1048576K
}
Event: 11.905 GC heap before
{Heap before GC invocations=4 (full 0):
 garbage-first heap   total 131072K, used 32340K [0x0000000081c00000, 0x0000000100000000)
  region size 1024K, 19 young (19456K), 5 survivors (5120K)
 Metaspace       used 21237K, committed 21504K, reserved 1073152K
  class space    used 2408K, committed 2560K, reserved 1048576K
}
Event: 11.917 GC heap after
{Heap after GC invocations=5 (full 0):
 garbage-first heap   total 131072K, used 23124K [0x0000000081c00000, 0x0000000100000000)
  region size 1024K, 9 young (9216K), 9 survivors (9216K)
 Metaspace       used 21237K, committed 21504K, reserved 1073152K
  class space    used 2408K, committed 2560K, reserved 1048576K
}
Event: 13.809 GC heap before
{Heap before GC invocations=6 (full 0):
 garbage-first heap   total 81920K, used 64084K [0x0000000081c00000, 0x0000000100000000)
  region size 1024K, 48 young (49152K), 9 survivors (9216K)
 Metaspace       used 22836K, committed 23104K, reserved 1073152K
  class space    used 2597K, committed 2688K, reserved 1048576K
}
Event: 13.846 GC heap after
{Heap after GC invocations=7 (full 0):
 garbage-first heap   total 91136K, used 38613K [0x0000000081c00000, 0x0000000100000000)
  region size 1024K, 6 young (6144K), 6 survivors (6144K)
 Metaspace       used 22836K, committed 23104K, reserved 1073152K
  class space    used 2597K, committed 2688K, reserved 1048576K
}
Event: 13.862 GC heap before
{Heap before GC invocations=7 (full 0):
 garbage-first heap   total 91136K, used 39637K [0x0000000081c00000, 0x0000000100000000)
  region size 1024K, 7 young (7168K), 6 survivors (6144K)
 Metaspace       used 22851K, committed 23104K, reserved 1073152K
  class space    used 2598K, committed 2688K, reserved 1048576K
}
Event: 13.870 GC heap after
{Heap after GC invocations=8 (full 0):
 garbage-first heap   total 91136K, used 39895K [0x0000000081c00000, 0x0000000100000000)
  region size 1024K, 1 young (1024K), 1 survivors (1024K)
 Metaspace       used 22851K, committed 23104K, reserved 1073152K
  class space    used 2598K, committed 2688K, reserved 1048576K
}
Event: 15.493 GC heap before
{Heap before GC invocations=8 (full 0):
 garbage-first heap   total 91136K, used 64471K [0x0000000081c00000, 0x0000000100000000)
  region size 1024K, 26 young (26624K), 1 survivors (1024K)
 Metaspace       used 23277K, committed 23552K, reserved 1073152K
  class space    used 2631K, committed 2752K, reserved 1048576K
}
Event: 15.497 GC heap after
{Heap after GC invocations=9 (full 0):
 garbage-first heap   total 91136K, used 39176K [0x0000000081c00000, 0x0000000100000000)
  region size 1024K, 2 young (2048K), 2 survivors (2048K)
 Metaspace       used 23277K, committed 23552K, reserved 1073152K
  class space    used 2631K, committed 2752K, reserved 1048576K
}
Event: 16.901 GC heap before
{Heap before GC invocations=9 (full 0):
 garbage-first heap   total 91136K, used 66824K [0x0000000081c00000, 0x0000000100000000)
  region size 1024K, 29 young (29696K), 2 survivors (2048K)
 Metaspace       used 24554K, committed 24896K, reserved 1073152K
  class space    used 2811K, committed 2944K, reserved 1048576K
}
Event: 16.907 GC heap after
{Heap after GC invocations=10 (full 0):
 garbage-first heap   total 91136K, used 40177K [0x0000000081c00000, 0x0000000100000000)
  region size 1024K, 3 young (3072K), 3 survivors (3072K)
 Metaspace       used 24554K, committed 24896K, reserved 1073152K
  class space    used 2811K, committed 2944K, reserved 1048576K
}
Event: 17.553 GC heap before
{Heap before GC invocations=10 (full 0):
 garbage-first heap   total 91136K, used 55537K [0x0000000081c00000, 0x0000000100000000)
  region size 1024K, 16 young (16384K), 3 survivors (3072K)
 Metaspace       used 25475K, committed 25856K, reserved 1073152K
  class space    used 2911K, committed 3072K, reserved 1048576K
}
Event: 17.562 GC heap after
{Heap after GC invocations=11 (full 0):
 garbage-first heap   total 91136K, used 44044K [0x0000000081c00000, 0x0000000100000000)
  region size 1024K, 2 young (2048K), 2 survivors (2048K)
 Metaspace       used 25475K, committed 25856K, reserved 1073152K
  class space    used 2911K, committed 3072K, reserved 1048576K
}
Event: 18.352 GC heap before
{Heap before GC invocations=12 (full 0):
 garbage-first heap   total 92160K, used 83980K [0x0000000081c00000, 0x0000000100000000)
  region size 1024K, 21 young (21504K), 2 survivors (2048K)
 Metaspace       used 25918K, committed 26176K, reserved 1073152K
  class space    used 2953K, committed 3072K, reserved 1048576K
}
Event: 18.359 GC heap after
{Heap after GC invocations=13 (full 0):
 garbage-first heap   total 92160K, used 41760K [0x0000000081c00000, 0x0000000100000000)
  region size 1024K, 3 young (3072K), 3 survivors (3072K)
 Metaspace       used 25918K, committed 26176K, reserved 1073152K
  class space    used 2953K, committed 3072K, reserved 1048576K
}
Event: 18.377 GC heap before
{Heap before GC invocations=13 (full 0):
 garbage-first heap   total 92160K, used 42784K [0x0000000081c00000, 0x0000000100000000)
  region size 1024K, 4 young (4096K), 3 survivors (3072K)
 Metaspace       used 25918K, committed 26176K, reserved 1073152K
  class space    used 2953K, committed 3072K, reserved 1048576K
}
Event: 18.384 GC heap after
{Heap after GC invocations=14 (full 0):
 garbage-first heap   total 92160K, used 32978K [0x0000000081c00000, 0x0000000100000000)
  region size 1024K, 1 young (1024K), 1 survivors (1024K)
 Metaspace       used 25918K, committed 26176K, reserved 1073152K
  class space    used 2953K, committed 3072K, reserved 1048576K
}
Event: 18.453 GC heap before
{Heap before GC invocations=14 (full 0):
 garbage-first heap   total 92160K, used 36050K [0x0000000081c00000, 0x0000000100000000)
  region size 1024K, 4 young (4096K), 1 survivors (1024K)
 Metaspace       used 25925K, committed 26176K, reserved 1073152K
  class space    used 2953K, committed 3072K, reserved 1048576K
}

Deoptimization events (20 events):
Event: 18.236 Thread 0x000001f3e5405630 Uncommon trap: trap_request=0xffffffbe fr.pc=0x000001f3f606d970 relative=0x0000000000000250
Event: 18.236 Thread 0x000001f3e5405630 Uncommon trap: reason=profile_predicate action=maybe_recompile pc=0x000001f3f606d970 method=java.util.HashMap.keysToArray([Ljava/lang/Object;)[Ljava/lang/Object; @ 48 c2
Event: 18.236 Thread 0x000001f3e5405630 DEOPT PACKING pc=0x000001f3f606d970 sp=0x00000064894fbb90
Event: 18.236 Thread 0x000001f3e5405630 DEOPT UNPACKING pc=0x000001f3ee4a23a3 sp=0x00000064894fbb38 mode 2
Event: 18.385 Thread 0x000001f3e5405630 Uncommon trap: trap_request=0xffffffd6 fr.pc=0x000001f3f609c488 relative=0x0000000000000468
Event: 18.385 Thread 0x000001f3e5405630 Uncommon trap: reason=array_check action=maybe_recompile pc=0x000001f3f609c488 method=java.util.HashMap.keysToArray([Ljava/lang/Object;)[Ljava/lang/Object; @ 62 c2
Event: 18.385 Thread 0x000001f3e5405630 DEOPT PACKING pc=0x000001f3f609c488 sp=0x00000064894fbf80
Event: 18.385 Thread 0x000001f3e5405630 DEOPT UNPACKING pc=0x000001f3ee4a23a3 sp=0x00000064894fbf08 mode 2
Event: 18.385 Thread 0x000001f3e5405630 Uncommon trap: trap_request=0xffffffd6 fr.pc=0x000001f3f609c488 relative=0x0000000000000468
Event: 18.385 Thread 0x000001f3e5405630 Uncommon trap: reason=array_check action=maybe_recompile pc=0x000001f3f609c488 method=java.util.HashMap.keysToArray([Ljava/lang/Object;)[Ljava/lang/Object; @ 62 c2
Event: 18.385 Thread 0x000001f3e5405630 DEOPT PACKING pc=0x000001f3f609c488 sp=0x00000064894fbf80
Event: 18.385 Thread 0x000001f3e5405630 DEOPT UNPACKING pc=0x000001f3ee4a23a3 sp=0x00000064894fbf08 mode 2
Event: 18.385 Thread 0x000001f3e5405630 Uncommon trap: trap_request=0xffffffd6 fr.pc=0x000001f3f609c488 relative=0x0000000000000468
Event: 18.385 Thread 0x000001f3e5405630 Uncommon trap: reason=array_check action=maybe_recompile pc=0x000001f3f609c488 method=java.util.HashMap.keysToArray([Ljava/lang/Object;)[Ljava/lang/Object; @ 62 c2
Event: 18.385 Thread 0x000001f3e5405630 DEOPT PACKING pc=0x000001f3f609c488 sp=0x00000064894fbf80
Event: 18.385 Thread 0x000001f3e5405630 DEOPT UNPACKING pc=0x000001f3ee4a23a3 sp=0x00000064894fbf08 mode 2
Event: 18.385 Thread 0x000001f3e5405630 Uncommon trap: trap_request=0xffffffd6 fr.pc=0x000001f3f609c488 relative=0x0000000000000468
Event: 18.385 Thread 0x000001f3e5405630 Uncommon trap: reason=array_check action=maybe_recompile pc=0x000001f3f609c488 method=java.util.HashMap.keysToArray([Ljava/lang/Object;)[Ljava/lang/Object; @ 62 c2
Event: 18.386 Thread 0x000001f3e5405630 DEOPT PACKING pc=0x000001f3f609c488 sp=0x00000064894fc120
Event: 18.386 Thread 0x000001f3e5405630 DEOPT UNPACKING pc=0x000001f3ee4a23a3 sp=0x00000064894fc0a8 mode 2

Classes unloaded (0 events):
No events

Classes redefined (0 events):
No events

Internal exceptions (20 events):
Event: 12.238 Thread 0x000001f3e5405630 Exception <a 'sun/nio/fs/WindowsException'{0x0000000085c5c1b8}> (0x0000000085c5c1b8) 
thrown [s\open\src\hotspot\share\prims\jni.cpp, line 516]
Event: 12.238 Thread 0x000001f3e5405630 Exception <a 'sun/nio/fs/WindowsException'{0x0000000085c5c5f0}> (0x0000000085c5c5f0) 
thrown [s\open\src\hotspot\share\prims\jni.cpp, line 516]
Event: 12.238 Thread 0x000001f3e5405630 Exception <a 'sun/nio/fs/WindowsException'{0x0000000085c5d808}> (0x0000000085c5d808) 
thrown [s\open\src\hotspot\share\prims\jni.cpp, line 516]
Event: 12.238 Thread 0x000001f3e5405630 Exception <a 'sun/nio/fs/WindowsException'{0x0000000085c5db98}> (0x0000000085c5db98) 
thrown [s\open\src\hotspot\share\prims\jni.cpp, line 516]
Event: 12.276 Thread 0x000001f3e5405630 Exception <a 'java/lang/NoSuchMethodError'{0x0000000085ce3808}: 'int java.lang.invoke.DirectMethodHandle$Holder.invokeSpecial(java.lang.Object, java.lang.Object, java.lang.Object, java.lang.Object)'> (0x0000000085ce3808) 
thrown [s\open\src\hotspot\share\interpreter\linkResolver.cpp, line 759]
Event: 12.283 Thread 0x000001f3e5405630 Exception <a 'java/lang/NoSuchMethodError'{0x0000000085cf4e10}: 'java.lang.Object java.lang.invoke.DirectMethodHandle$Holder.invokeVirtual(java.lang.Object, java.lang.Object, java.lang.Object, int, int)'> (0x0000000085cf4e10) 
thrown [s\open\src\hotspot\share\interpreter\linkResolver.cpp, line 759]
Event: 12.285 Thread 0x000001f3e5405630 Exception <a 'java/lang/NoSuchMethodError'{0x0000000085cfbc40}: 'java.lang.Object java.lang.invoke.DirectMethodHandle$Holder.invokeVirtual(java.lang.Object, java.lang.Object, int)'> (0x0000000085cfbc40) 
thrown [s\open\src\hotspot\share\interpreter\linkResolver.cpp, line 759]
Event: 12.292 Thread 0x000001f3e5405630 Exception <a 'java/lang/NoSuchMethodError'{0x0000000085b0f930}: 'java.lang.Object java.lang.invoke.DirectMethodHandle$Holder.invokeSpecial(java.lang.Object, java.lang.Object, java.lang.Object, int, int)'> (0x0000000085b0f930) 
thrown [s\open\src\hotspot\share\interpreter\linkResolver.cpp, line 759]
Event: 12.438 Thread 0x000001f3e5405630 Exception <a 'java/lang/NoSuchMethodError'{0x0000000085af9e08}: 'void java.lang.invoke.DirectMethodHandle$Holder.invokeSpecial(java.lang.Object, java.lang.Object, java.lang.Object, java.lang.Object, java.lang.Object)'> (0x0000000085af9e08) 
thrown [s\open\src\hotspot\share\interpreter\linkResolver.cpp, line 759]
Event: 13.719 Thread 0x000001f3e5405630 Exception <a 'sun/nio/fs/WindowsException'{0x0000000083648b70}> (0x0000000083648b70) 
thrown [s\open\src\hotspot\share\prims\jni.cpp, line 516]
Event: 13.724 Thread 0x000001f3e5405630 Exception <a 'sun/nio/fs/WindowsException'{0x000000008364ae70}> (0x000000008364ae70) 
thrown [s\open\src\hotspot\share\prims\jni.cpp, line 516]
Event: 13.742 Thread 0x000001f3e5405630 Exception <a 'sun/nio/fs/WindowsException'{0x000000008367b308}> (0x000000008367b308) 
thrown [s\open\src\hotspot\share\prims\jni.cpp, line 516]
Event: 13.765 Thread 0x000001f3e5405630 Exception <a 'sun/nio/fs/WindowsException'{0x0000000083694028}> (0x0000000083694028) 
thrown [s\open\src\hotspot\share\prims\jni.cpp, line 516]
Event: 13.766 Thread 0x000001f3e5405630 Exception <a 'sun/nio/fs/WindowsException'{0x00000000836960b0}> (0x00000000836960b0) 
thrown [s\open\src\hotspot\share\prims\jni.cpp, line 516]
Event: 16.077 Thread 0x000001f387300310 Implicit null exception at 0x000001f3f60b8714 to 0x000001f3f60b87e8
Event: 16.090 Thread 0x000001f387300310 Exception <a 'java/lang/NoSuchMethodError'{0x000000008613f520}: 'java.lang.Object java.lang.invoke.DirectMethodHandle$Holder.invokeStaticInit(java.lang.Object, java.lang.Object, long, java.lang.Object)'> (0x000000008613f520) 
thrown [s\open\src\hotspot\share\interpreter\linkResolver.cpp, line 759]
Event: 16.091 Thread 0x000001f387300310 Exception <a 'java/lang/NoSuchMethodError'{0x0000000085e00cb8}: 'java.lang.Object java.lang.invoke.DirectMethodHandle$Holder.newInvokeSpecial(java.lang.Object, java.lang.Object, long)'> (0x0000000085e00cb8) 
thrown [s\open\src\hotspot\share\interpreter\linkResolver.cpp, line 759]
Event: 16.091 Thread 0x000001f387300310 Exception <a 'java/lang/NoSuchMethodError'{0x0000000085e04828}: 'java.lang.Object java.lang.invoke.Invokers$Holder.linkToTargetMethod(java.lang.Object, long, java.lang.Object)'> (0x0000000085e04828) 
thrown [s\open\src\hotspot\share\interpreter\linkResolver.cpp, line 759]
Event: 17.262 Thread 0x000001f3e5405630 Implicit null exception at 0x000001f3f5fb1560 to 0x000001f3f5fb15fa
Event: 17.545 Thread 0x000001f3e5405630 Exception <a 'java/lang/NoSuchMethodError'{0x0000000085f07b18}: 'void java.lang.invoke.DirectMethodHandle$Holder.invokeStaticInit(java.lang.Object, java.lang.Object)'> (0x0000000085f07b18) 
thrown [s\open\src\hotspot\share\interpreter\linkResolver.cpp, line 759]

VM Operations (20 events):
Event: 17.140 Executing VM operation: HandshakeAllThreads done
Event: 17.287 Executing VM operation: HandshakeAllThreads
Event: 17.287 Executing VM operation: HandshakeAllThreads done
Event: 17.553 Executing VM operation: G1TryInitiateConcMark
Event: 17.562 Executing VM operation: G1TryInitiateConcMark done
Event: 17.621 Executing VM operation: G1Concurrent
Event: 17.628 Executing VM operation: G1Concurrent done
Event: 17.636 Executing VM operation: HandshakeAllThreads
Event: 17.636 Executing VM operation: HandshakeAllThreads done
Event: 17.657 Executing VM operation: G1Concurrent
Event: 17.668 Executing VM operation: G1Concurrent done
Event: 17.712 Executing VM operation: HandshakeAllThreads
Event: 17.712 Executing VM operation: HandshakeAllThreads done
Event: 17.713 Executing VM operation: HandshakeAllThreads
Event: 17.713 Executing VM operation: HandshakeAllThreads done
Event: 18.351 Executing VM operation: G1CollectForAllocation
Event: 18.359 Executing VM operation: G1CollectForAllocation done
Event: 18.377 Executing VM operation: G1CollectForAllocation
Event: 18.384 Executing VM operation: G1CollectForAllocation done
Event: 18.453 Executing VM operation: G1CollectForAllocation

Events (20 events):
Event: 17.655 Thread 0x000001f387300310 Thread added: 0x000001f387300310
Event: 17.655 Thread 0x000001f38642ba30 Thread added: 0x000001f38642ba30
Event: 17.656 Thread 0x000001f3ffbf7ba0 Thread added: 0x000001f3ffbf7ba0
Event: 17.669 loading class java/util/concurrent/ConcurrentLinkedQueue$Itr
Event: 17.672 loading class java/util/concurrent/ConcurrentLinkedQueue$Itr done
Event: 17.688 loading class java/util/concurrent/locks/AbstractQueuedSynchronizer$ConditionNode
Event: 17.688 loading class java/util/concurrent/locks/AbstractQueuedSynchronizer$ExclusiveNode
Event: 17.688 loading class java/util/concurrent/locks/AbstractQueuedSynchronizer$ExclusiveNode done
Event: 17.690 loading class java/util/concurrent/locks/AbstractQueuedSynchronizer$ConditionNode done
Event: 17.710 loading class java/nio/StringCharBuffer
Event: 17.711 loading class java/nio/StringCharBuffer done
Event: 17.723 loading class java/util/concurrent/ConcurrentLinkedDeque$Itr
Event: 17.723 loading class java/util/concurrent/ConcurrentLinkedDeque$AbstractItr
Event: 17.723 loading class java/util/concurrent/ConcurrentLinkedDeque$AbstractItr done
Event: 17.723 loading class java/util/concurrent/ConcurrentLinkedDeque$Itr done
Event: 17.729 Thread 0x000001f38648f500 Thread added: 0x000001f38648f500
Event: 17.729 Thread 0x000001f3ffbf7ba0 Thread exited: 0x000001f3ffbf7ba0
Event: 17.732 Thread 0x000001f38a8a7120 Thread exited: 0x000001f38a8a7120
Event: 17.733 Thread 0x000001f38642ba30 Thread exited: 0x000001f38642ba30
Event: 17.733 Thread 0x000001f387300310 Thread exited: 0x000001f387300310


Dynamic libraries:
0x00007ff7eb830000 - 0x00007ff7eb840000 	C:\Program Files\Java\jdk-17.0.5\bin\javaw.exe
0x00007ff81a750000 - 0x00007ff81a948000 	C:\WINDOWS\SYSTEM32\ntdll.dll
0x00007ff818780000 - 0x00007ff81883d000 	C:\WINDOWS\System32\KERNEL32.DLL
0x00007ff818480000 - 0x00007ff818776000 	C:\WINDOWS\System32\KERNELBASE.dll
0x00007ff818190000 - 0x00007ff818290000 	C:\WINDOWS\System32\ucrtbase.dll
0x00007ff80c860000 - 0x00007ff80c878000 	C:\Program Files\Java\jdk-17.0.5\bin\jli.dll
0x00007ff818930000 - 0x00007ff8189e0000 	C:\WINDOWS\System32\ADVAPI32.dll
0x00007ff818840000 - 0x00007ff8188de000 	C:\WINDOWS\System32\msvcrt.dll
0x00007ff819b00000 - 0x00007ff819ba0000 	C:\WINDOWS\System32\sechost.dll
0x00007ff818a60000 - 0x00007ff818b83000 	C:\WINDOWS\System32\RPCRT4.dll
0x00007ff818330000 - 0x00007ff818357000 	C:\WINDOWS\System32\bcrypt.dll
0x00007ff818e20000 - 0x00007ff818fbf000 	C:\WINDOWS\System32\USER32.dll
0x00007ff818160000 - 0x00007ff818182000 	C:\WINDOWS\System32\win32u.dll
0x00007ff819e30000 - 0x00007ff819e5b000 	C:\WINDOWS\System32\GDI32.dll
0x00007ff817e50000 - 0x00007ff817f67000 	C:\WINDOWS\System32\gdi32full.dll
0x00007ff818290000 - 0x00007ff81832d000 	C:\WINDOWS\System32\msvcp_win.dll
0x00007ff802bd0000 - 0x00007ff802bea000 	C:\Program Files\Java\jdk-17.0.5\bin\VCRUNTIME140.dll
0x00007ffff8bc0000 - 0x00007ffff8e5a000 	C:\WINDOWS\WinSxS\amd64_microsoft.windows.common-controls_6595b64144ccf1df_6.0.19041.3636_none_60b6a03d71f818d5\COMCTL32.dll
0x00007ff80cd80000 - 0x00007ff80cd8a000 	C:\WINDOWS\SYSTEM32\VERSION.dll
0x00007ff8188e0000 - 0x00007ff818912000 	C:\WINDOWS\System32\IMM32.DLL
0x00007ff80dda0000 - 0x00007ff80ddac000 	C:\Program Files\Java\jdk-17.0.5\bin\vcruntime140_1.dll
0x00007fffda570000 - 0x00007fffda5fd000 	C:\Program Files\Java\jdk-17.0.5\bin\msvcp140.dll
0x00007fff8c650000 - 0x00007fff8d212000 	C:\Program Files\Java\jdk-17.0.5\bin\server\jvm.dll
0x00007ff818e10000 - 0x00007ff818e18000 	C:\WINDOWS\System32\PSAPI.DLL
0x00007ff801590000 - 0x00007ff801599000 	C:\WINDOWS\SYSTEM32\WSOCK32.dll
0x00007ff819c40000 - 0x00007ff819cab000 	C:\WINDOWS\System32\WS2_32.dll
0x00007ff801080000 - 0x00007ff8010a7000 	C:\WINDOWS\SYSTEM32\WINMM.dll
0x00007ff8165e0000 - 0x00007ff8165f2000 	C:\WINDOWS\SYSTEM32\kernel.appcore.dll
0x00007ff80cbb0000 - 0x00007ff80cbba000 	C:\Program Files\Java\jdk-17.0.5\bin\jimage.dll
0x00007ff811cc0000 - 0x00007ff811ea4000 	C:\WINDOWS\SYSTEM32\DBGHELP.DLL
0x00007ffffc690000 - 0x00007ffffc6c4000 	C:\WINDOWS\SYSTEM32\dbgcore.DLL
0x00007ff817f70000 - 0x00007ff817ff2000 	C:\WINDOWS\System32\bcryptPrimitives.dll
0x00007fffe9850000 - 0x00007fffe9875000 	C:\Program Files\Java\jdk-17.0.5\bin\java.dll
0x00007fffd6e90000 - 0x00007fffd6f66000 	C:\Program Files\Java\jdk-17.0.5\bin\jsvml.dll
0x00007ff819e60000 - 0x00007ff81a5cb000 	C:\WINDOWS\System32\SHELL32.dll
0x00007ff8158a0000 - 0x00007ff81603e000 	C:\WINDOWS\SYSTEM32\windows.storage.dll
0x00007ff818fc0000 - 0x00007ff819313000 	C:\WINDOWS\System32\combase.dll
0x00007ff8176e0000 - 0x00007ff81770e000 	C:\WINDOWS\SYSTEM32\Wldp.dll
0x00007ff818b90000 - 0x00007ff818c5d000 	C:\WINDOWS\System32\OLEAUT32.dll
0x00007ff819320000 - 0x00007ff8193cd000 	C:\WINDOWS\System32\SHCORE.dll
0x00007ff8199f0000 - 0x00007ff819a45000 	C:\WINDOWS\System32\shlwapi.dll
0x00007ff817d30000 - 0x00007ff817d53000 	C:\WINDOWS\SYSTEM32\profapi.dll
0x00007ff802920000 - 0x00007ff802939000 	C:\Program Files\Java\jdk-17.0.5\bin\net.dll
0x00007ff806210000 - 0x00007ff80631a000 	C:\WINDOWS\SYSTEM32\WINHTTP.dll
0x00007ff8174c0000 - 0x00007ff81752a000 	C:\WINDOWS\system32\mswsock.dll
0x00007ffffa4d0000 - 0x00007ffffa4e6000 	C:\Program Files\Java\jdk-17.0.5\bin\nio.dll
0x00007ffff3f90000 - 0x00007ffff3fa8000 	C:\Program Files\Java\jdk-17.0.5\bin\zip.dll
0x0000000069ac0000 - 0x0000000069ae4000 	C:\Users\IT CARE\AppData\Local\Temp\jansi-2.4.0-7552d80a845c8b96-jansi.dll
0x00007ff80c990000 - 0x00007ff80c9a0000 	C:\Program Files\Java\jdk-17.0.5\bin\verify.dll

dbghelp: loaded successfully - version: 4.0.5 - missing functions: none
symbol engine: initialized successfully - sym options: 0x614 - pdb path: .;C:\Program Files\Java\jdk-17.0.5\bin;C:\WINDOWS\SYSTEM32;C:\WINDOWS\WinSxS\amd64_microsoft.windows.common-controls_6595b64144ccf1df_6.0.19041.3636_none_60b6a03d71f818d5;C:\Program Files\Java\jdk-17.0.5\bin\server;C:\Users\IT CARE\AppData\Local\Temp

VM Arguments:
jvm_args: -Dmaven.home=EMBEDDED -Dclassworlds.conf=C:\Users\IT CARE\Documents\myAPP2\.metadata\.plugins\org.eclipse.m2e.launching\launches\m2conf1762203462630628209.tmp -Dmaven.multiModuleProjectDirectory=E:\io5\io4\spring-boot-spring-security-jwt-authentication-master -Dfile.encoding=UTF-8 -XX:+ShowCodeDetailsInExceptionMessages 
java_command: org.codehaus.plexus.classworlds.launcher.Launcher -B -Dstyle.color=always install
java_class_path (initial): D:\Downloads\sts-4.16.1.RELEASE\plugins\org.eclipse.m2e.maven.runtime_3.8.601.20220820-1147\jars\plexus-classworlds-2.6.0.jar
Launcher Type: SUN_STANDARD

[Global flags]
     intx CICompilerCount                          = 3                                         {product} {ergonomic}
     uint ConcGCThreads                            = 1                                         {product} {ergonomic}
     uint G1ConcRefinementThreads                  = 4                                         {product} {ergonomic}
   size_t G1HeapRegionSize                         = 1048576                                   {product} {ergonomic}
    uintx GCDrainStackTargetSize                   = 64                                        {product} {ergonomic}
   size_t InitialHeapSize                          = 134217728                                 {product} {ergonomic}
   size_t MarkStackSize                            = 4194304                                   {product} {ergonomic}
   size_t MaxHeapSize                              = 2118123520                                {product} {ergonomic}
   size_t MaxNewSize                               = 1270874112                                {product} {ergonomic}
   size_t MinHeapDeltaBytes                        = 1048576                                   {product} {ergonomic}
   size_t MinHeapSize                              = 8388608                                   {product} {ergonomic}
    uintx NonNMethodCodeHeapSize                   = 5832780                                {pd product} {ergonomic}
    uintx NonProfiledCodeHeapSize                  = 122912730                              {pd product} {ergonomic}
    uintx ProfiledCodeHeapSize                     = 122912730                              {pd product} {ergonomic}
    uintx ReservedCodeCacheSize                    = 251658240                              {pd product} {ergonomic}
     bool SegmentedCodeCache                       = true                                      {product} {ergonomic}
     bool ShowCodeDetailsInExceptionMessages       = true                                   {manageable} {command line}
   size_t SoftMaxHeapSize                          = 2118123520                             {manageable} {ergonomic}
     bool UseCompressedClassPointers               = true                           {product lp64_product} {ergonomic}
     bool UseCompressedOops                        = true                           {product lp64_product} {ergonomic}
     bool UseG1GC                                  = true                                      {product} {ergonomic}
     bool UseLargePagesIndividualAllocation        = false                                  {pd product} {ergonomic}

Logging:
Log output configuration:
 #0: stdout all=warning uptime,level,tags
 #1: stderr all=off uptime,level,tags

Environment Variables:
JAVA_HOME=C:\Program Files\Java\jdk-17.0.5
CLASSPATH=C:\Program Files\Java\jdk-17.0.5\bin
PATH=D:/Downloads/sts-4.16.1.RELEASE//plugins/org.eclipse.justj.openjdk.hotspot.jre.full.win32.x86_64_17.0.4.v20221004-1257/jre/bin/server;D:/Downloads/sts-4.16.1.RELEASE//plugins/org.eclipse.justj.openjdk.hotspot.jre.full.win32.x86_64_17.0.4.v20221004-1257/jre/bin;C:\Python312\Scripts\;C:\Python312\;E:\InformaticaInstalations\clients\tools\datadirect;E:\InformaticaInstalations\java\jre\bin\server;E:\InformaticaInstalations\tools\odbcdrv;E:\InformaticaInstalations\tools\jdbcdrv;E:\InformaticaInstalations\tools\sharedlibs;E:\InformaticaInstalations\tools\datadirect;E:\\java\jre\bin\server;E:\\tools\odbcdrv;E:\\tools\jdbcdrv;E:\\tools\sharedlibs;E:\\tools\datadirect;C:\WINDOWS\system32;C:\WINDOWS;C:\WINDOWS\System32\Wbem;C:\WINDOWS\System32\WindowsPowerShell\v1.0\;C:\WINDOWS\System32\OpenSSH\;C:\Users\IT CARE\Downloads\apache-maven-3.8.6-bin\apache-maven-3.8.6\bin;C:\Program Files\Git\cmd;C:\Program Files\Notepad++;C:\ProgramData\chocolatey\bin;C:\Program Files\PuTTY\;C:\Program Files\Java\jdk-17.0.5\bin;C:\Program Files\Docker\Docker\resources\bin;C:\minikube;C:\Program Files\nodejs\;C:\Program Files\Terraform\;C:\Program Files\Amazon\AWSCLIV2\;C:\Users\IT CARE\AppData\Local\Microsoft\WindowsApps;C:\Program Files\JetBrains\IntelliJ IDEA Community Edition 2022.2.3\bin;;C:\Users\IT CARE\AppData\Local\Programs\Microsoft VS Code\bin;D:\minikube;C:\Program Files\Java\jdk-17.0.5\bin;D:\IntelliJ IDEA 2023.2.3\bin;;C:\Users\IT CARE\AppData\Roaming\npm;C:\Program Files\Terraform\;;C:\WINDOWS\System32;
USERNAME=IT CARE
OS=Windows_NT
PROCESSOR_IDENTIFIER=Intel64 Family 6 Model 78 Stepping 3, GenuineIntel



---------------  S Y S T E M  ---------------

OS:
 Windows 10 , 64 bit Build 19041 (10.0.19041.3636)
OS uptime: 6 days 7:02 hours
Hyper-V role detected

CPU: total 4 (initial active 4) (2 cores per cpu, 2 threads per core) family 6 model 78 stepping 3 microcode 0xcc, cx8, cmov, fxsr, ht, mmx, 3dnowpref, sse, sse2, sse3, ssse3, sse4.1, sse4.2, popcnt, lzcnt, tsc, tscinvbit, avx, avx2, aes, erms, clmul, bmi1, bmi2, rtm, adx, fma, vzeroupper, clflush, clflushopt, hv

Memory: 4k page, system-wide physical 8072M (584M free)
TotalPageFile size 19847M (AvailPageFile size 29M)
current process WorkingSet (physical memory assigned to process): 211M, peak: 227M
current process commit charge ("private bytes"): 236M, peak: 270M

vm_info: Java HotSpot(TM) 64-Bit Server VM (17.0.5+9-LTS-191) for windows-amd64 JRE (17.0.5+9-LTS-191), built on Sep 13 2022 17:31:43 by "mach5one" with MS VC++ 16.8 / 16.9 (VS2019)

END.
