#
# There is insufficient memory for the Java Runtime Environment to continue.
# Native memory allocation (mmap) failed to map 63963136 bytes for G1 virtual space
# Possible reasons:
#   The system is out of physical RAM or swap space
#   The process is running with CompressedOops enabled, and the Java Heap may be blocking the growth of the native heap
# Possible solutions:
#   Reduce memory load on the system
#   Increase physical memory or swap space
#   Check if swap backing store is full
#   Decrease Java heap size (-Xmx/-Xms)
#   Decrease number of Java threads
#   Decrease Java thread stack sizes (-Xss)
#   Set larger code cache with -XX:ReservedCodeCacheSize=
#   JVM is running with Unscaled Compressed Oops mode in which the Java heap is
#     placed in the first 4GB address space. The Java Heap base address is the
#     maximum limit for the native heap growth. Please use -XX:HeapBaseMinAddress
#     to set the Java Heap base and to place the Java Heap above 4GB virtual address.
# This output file may be truncated or incomplete.
#
#  Out of Memory Error (os_windows.cpp:3541), pid=8556, tid=17012
#
# JRE version: Java(TM) SE Runtime Environment (17.0.5+9) (build 17.0.5+9-LTS-191)
# Java VM: Java HotSpot(TM) 64-Bit Server VM (17.0.5+9-LTS-191, mixed mode, sharing, tiered, compressed oops, compressed class ptrs, g1 gc, windows-amd64)
# No core dump will be written. Minidumps are not enabled by default on client versions of Windows
#

---------------  S U M M A R Y ------------

Command Line: -Dmaven.home=EMBEDDED -Dclassworlds.conf=C:\Users\IT CARE\Documents\myAPP2\.metadata\.plugins\org.eclipse.m2e.launching\launches\m2conf11703805796423652979.tmp -Dmaven.multiModuleProjectDirectory=E:\io5\io4\spring-boot-spring-security-jwt-authentication-master -Dfile.encoding=UTF-8 -XX:+ShowCodeDetailsInExceptionMessages org.codehaus.plexus.classworlds.launcher.Launcher -B -Dstyle.color=always install

Host: Intel(R) Core(TM) i5-6300U CPU @ 2.40GHz, 4 cores, 7G,  Windows 10 , 64 bit Build 19041 (10.0.19041.3636)
Time: Sun Apr 21 18:07:22 2024 India Standard Time elapsed time: 13.844084 seconds (0d 0h 0m 13s)

---------------  T H R E A D  ---------------

Current thread (0x000001e0b8b71680):  VMThread "VM Thread" [stack: 0x0000005667900000,0x0000005667a00000] [id=17012]

Stack: [0x0000005667900000,0x0000005667a00000]
Native frames: (J=compiled Java code, j=interpreted, Vv=VM code, C=native code)
V  [jvm.dll+0x672eea]
V  [jvm.dll+0x7d2a04]
V  [jvm.dll+0x7d41ae]
V  [jvm.dll+0x7d4813]
V  [jvm.dll+0x242c15]
V  [jvm.dll+0x66fe09]
V  [jvm.dll+0x664682]
V  [jvm.dll+0x300e8b]
V  [jvm.dll+0x308426]
V  [jvm.dll+0x357ffe]
V  [jvm.dll+0x35822f]
V  [jvm.dll+0x2d80a8]
V  [jvm.dll+0x2d6374]
V  [jvm.dll+0x2d597c]
V  [jvm.dll+0x3193eb]
V  [jvm.dll+0x7d8ceb]
V  [jvm.dll+0x7d9a24]
V  [jvm.dll+0x7d9f3c]
V  [jvm.dll+0x7da314]
V  [jvm.dll+0x7da3e0]
V  [jvm.dll+0x782b4a]
V  [jvm.dll+0x671d75]
C  [ucrtbase.dll+0x21bb2]
C  [KERNEL32.DLL+0x17344]
C  [ntdll.dll+0x526b1]

VM_Operation (0x00000056673fb0a0): G1CollectForAllocation, mode: safepoint, requested by thread 0x000001e09b356770


---------------  P R O C E S S  ---------------

Threads class SMR info:
_java_thread_list=0x000001e0b9ca98e0, length=12, elements={
0x000001e09b356770, 0x000001e0b8b771f0, 0x000001e0b8b79060, 0x000001e0b8b8b5a0,
0x000001e0b8b8d810, 0x000001e0b8b90980, 0x000001e0b8b92250, 0x000001e0b8b93690,
0x000001e0b8ba0ea0, 0x000001e0b8bb4740, 0x000001e0b98a43b0, 0x000001e0b98b72f0
}

Java Threads: ( => current thread )
  0x000001e09b356770 JavaThread "main" [_thread_blocked, id=5452, stack(0x0000005667300000,0x0000005667400000)]
  0x000001e0b8b771f0 JavaThread "Reference Handler" daemon [_thread_blocked, id=18276, stack(0x0000005667a00000,0x0000005667b00000)]
  0x000001e0b8b79060 JavaThread "Finalizer" daemon [_thread_blocked, id=10724, stack(0x0000005667b00000,0x0000005667c00000)]
  0x000001e0b8b8b5a0 JavaThread "Signal Dispatcher" daemon [_thread_blocked, id=20712, stack(0x0000005667d00000,0x0000005667e00000)]
  0x000001e0b8b8d810 JavaThread "Attach Listener" daemon [_thread_blocked, id=9060, stack(0x0000005667e00000,0x0000005667f00000)]
  0x000001e0b8b90980 JavaThread "Service Thread" daemon [_thread_blocked, id=7812, stack(0x0000005667f00000,0x0000005668000000)]
  0x000001e0b8b92250 JavaThread "Monitor Deflation Thread" daemon [_thread_blocked, id=5744, stack(0x0000005668000000,0x0000005668100000)]
  0x000001e0b8b93690 JavaThread "C2 CompilerThread0" daemon [_thread_blocked, id=14776, stack(0x0000005668100000,0x0000005668200000)]
  0x000001e0b8ba0ea0 JavaThread "C1 CompilerThread0" daemon [_thread_blocked, id=2320, stack(0x0000005668200000,0x0000005668300000)]
  0x000001e0b8bb4740 JavaThread "Sweeper thread" daemon [_thread_blocked, id=14920, stack(0x0000005668300000,0x0000005668400000)]
  0x000001e0b98a43b0 JavaThread "Notification Thread" daemon [_thread_blocked, id=10764, stack(0x0000005668400000,0x0000005668500000)]
  0x000001e0b98b72f0 JavaThread "Common-Cleaner" daemon [_thread_blocked, id=772, stack(0x0000005668600000,0x0000005668700000)]

Other Threads:
=>0x000001e0b8b71680 VMThread "VM Thread" [stack: 0x0000005667900000,0x0000005667a00000] [id=17012]
  0x000001e09b3cbc70 WatcherThread [stack: 0x0000005668500000,0x0000005668600000] [id=11252]
  0x000001e09b3afe30 GCTaskThread "GC Thread#0" [stack: 0x0000005667400000,0x0000005667500000] [id=9500]
  0x000001e0ba16fa50 GCTaskThread "GC Thread#1" [stack: 0x0000005668700000,0x0000005668800000] [id=12368]
  0x000001e0ba1614a0 GCTaskThread "GC Thread#2" [stack: 0x0000005668800000,0x0000005668900000] [id=1256]
  0x000001e0ba11b940 GCTaskThread "GC Thread#3" [stack: 0x0000005668900000,0x0000005668a00000] [id=17372]
  0x000001e09b3c20b0 ConcurrentGCThread "G1 Main Marker" [stack: 0x0000005667500000,0x0000005667600000] [id=11488]
  0x000001e09b3c42c0 ConcurrentGCThread "G1 Conc#0" [stack: 0x0000005667600000,0x0000005667700000] [id=17948]
  0x000001e0b8a30090 ConcurrentGCThread "G1 Refine#0" [stack: 0x0000005667700000,0x0000005667800000] [id=14048]
  0x000001e0bb14c4b0 ConcurrentGCThread "G1 Refine#1" [stack: 0x0000005668a00000,0x0000005668b00000] [id=18864]
  0x000001e0b9d0ea10 ConcurrentGCThread "G1 Refine#2" [stack: 0x0000005668b00000,0x0000005668c00000] [id=7932]
  0x000001e0bc787870 ConcurrentGCThread "G1 Refine#3" [stack: 0x0000005668c00000,0x0000005668d00000] [id=20452]
  0x000001e0b8a309c0 ConcurrentGCThread "G1 Service" [stack: 0x0000005667800000,0x0000005667900000] [id=14832]

Threads with active compile tasks:
C2 CompilerThread0    13920 6349       4       com.sun.tools.javac.jvm.PoolReader::resolve (344 bytes)

VM state: at safepoint (normal execution)

VM Mutex/Monitor currently owned by a thread:  ([mutex/lock_event])
[0x000001e09b350b40] Threads_lock - owner thread: 0x000001e0b8b71680
[0x000001e09b3506c0] Heap_lock - owner thread: 0x000001e09b356770

Heap address: 0x0000000081c00000, size: 2020 MB, Compressed Oops mode: 32-bit

CDS archive(s) mapped at: [0x0000000800000000-0x0000000800bd0000-0x0000000800bd0000), size 12386304, SharedBaseAddress: 0x0000000800000000, ArchiveRelocationMode: 0.
Compressed class space mapped at: 0x0000000800c00000-0x0000000840c00000, reserved size: 1073741824
Narrow klass base: 0x0000000800000000, Narrow klass shift: 0, Narrow klass range: 0x100000000

GC Precious Log:
 CPUs: 4 total, 4 available
 Memory: 8072M
 Large Page Support: Disabled
 NUMA Support: Disabled
 Compressed Oops: Enabled (32-bit)
 Heap Region Size: 1M
 Heap Min Capacity: 8M
 Heap Initial Capacity: 128M
 Heap Max Capacity: 2020M
 Pre-touch: Disabled
 Parallel Workers: 4
 Concurrent Workers: 1
 Concurrent Refinement Workers: 4
 Periodic GC: Disabled

Heap:
 garbage-first heap   total 137216K, used 51935K [0x0000000081c00000, 0x0000000100000000)
  region size 1024K, 1 young (1024K), 1 survivors (1024K)
 Metaspace       used 25837K, committed 26176K, reserved 1073152K
  class space    used 2899K, committed 3072K, reserved 1048576K

Heap Regions: E=young(eden), S=young(survivor), O=old, HS=humongous(starts), HC=humongous(continues), CS=collection set, F=free, OA=open archive, CA=closed archive, TAMS=top-at-mark-start (previous, next)
|   0|0x0000000081c00000, 0x0000000081d00000, 0x0000000081d00000|100%| O|  |TAMS 0x0000000081d00000, 0x0000000081c00000| Untracked 
|   1|0x0000000081d00000, 0x0000000081e00000, 0x0000000081e00000|100%| O|  |TAMS 0x0000000081e00000, 0x0000000081d00000| Untracked 
|   2|0x0000000081e00000, 0x0000000081f00000, 0x0000000081f00000|100%| O|  |TAMS 0x0000000081f00000, 0x0000000081e00000| Untracked 
|   3|0x0000000081f00000, 0x0000000082000000, 0x0000000082000000|100%| O|  |TAMS 0x0000000082000000, 0x0000000081f00000| Untracked 
|   4|0x0000000082000000, 0x00000000820b7e00, 0x0000000082100000| 71%| O|  |TAMS 0x0000000082000000, 0x0000000082000000| Untracked 
|   5|0x0000000082100000, 0x0000000082200000, 0x0000000082200000|100%|HS|  |TAMS 0x0000000082200000, 0x0000000082100000| Complete 
|   6|0x0000000082200000, 0x0000000082300000, 0x0000000082300000|100%|HC|  |TAMS 0x0000000082300000, 0x0000000082200000| Complete 
|   7|0x0000000082300000, 0x0000000082400000, 0x0000000082400000|100%|HS|  |TAMS 0x0000000082300000, 0x0000000082300000| Complete 
|   8|0x0000000082400000, 0x0000000082400000, 0x0000000082500000|  0%| F|  |TAMS 0x0000000082400000, 0x0000000082400000| Untracked 
|   9|0x0000000082500000, 0x0000000082600000, 0x0000000082600000|100%| O|  |TAMS 0x0000000082600000, 0x0000000082500000| Untracked 
|  10|0x0000000082600000, 0x0000000082700000, 0x0000000082700000|100%| O|  |TAMS 0x0000000082700000, 0x0000000082600000| Untracked 
|  11|0x0000000082700000, 0x0000000082800000, 0x0000000082800000|100%| O|  |TAMS 0x0000000082800000, 0x0000000082700000| Untracked 
|  12|0x0000000082800000, 0x0000000082800000, 0x0000000082900000|  0%| F|  |TAMS 0x0000000082800000, 0x0000000082800000| Untracked 
|  13|0x0000000082900000, 0x0000000082900000, 0x0000000082a00000|  0%| F|  |TAMS 0x0000000082900000, 0x0000000082900000| Untracked 
|  14|0x0000000082a00000, 0x0000000082a00000, 0x0000000082b00000|  0%| F|  |TAMS 0x0000000082a00000, 0x0000000082a00000| Untracked 
|  15|0x0000000082b00000, 0x0000000082b00000, 0x0000000082c00000|  0%| F|  |TAMS 0x0000000082b00000, 0x0000000082b00000| Untracked 
|  16|0x0000000082c00000, 0x0000000082c00000, 0x0000000082d00000|  0%| F|  |TAMS 0x0000000082c00000, 0x0000000082c00000| Untracked 
|  17|0x0000000082d00000, 0x0000000082d00000, 0x0000000082e00000|  0%| F|  |TAMS 0x0000000082d00000, 0x0000000082d00000| Untracked 
|  18|0x0000000082e00000, 0x0000000082f00000, 0x0000000082f00000|100%| O|  |TAMS 0x0000000082f00000, 0x0000000082e00000| Untracked 
|  19|0x0000000082f00000, 0x0000000083000000, 0x0000000083000000|100%|HS|  |TAMS 0x0000000082f00000, 0x0000000082f00000| Complete 
|  20|0x0000000083000000, 0x0000000083100000, 0x0000000083100000|100%| O|  |TAMS 0x0000000083100000, 0x0000000083000000| Untracked 
|  21|0x0000000083100000, 0x0000000083200000, 0x0000000083200000|100%| O|  |TAMS 0x0000000083200000, 0x0000000083100000| Untracked 
|  22|0x0000000083200000, 0x0000000083300000, 0x0000000083300000|100%| O|  |TAMS 0x0000000083300000, 0x0000000083200000| Untracked 
|  23|0x0000000083300000, 0x0000000083400000, 0x0000000083400000|100%| O|  |TAMS 0x0000000083400000, 0x0000000083300000| Untracked 
|  24|0x0000000083400000, 0x0000000083500000, 0x0000000083500000|100%| O|  |TAMS 0x0000000083491c00, 0x0000000083400000| Untracked 
|  25|0x0000000083500000, 0x0000000083500000, 0x0000000083600000|  0%| F|  |TAMS 0x0000000083500000, 0x0000000083500000| Untracked 
|  26|0x0000000083600000, 0x0000000083600000, 0x0000000083700000|  0%| F|  |TAMS 0x0000000083600000, 0x0000000083600000| Untracked 
|  27|0x0000000083700000, 0x0000000083800000, 0x0000000083800000|100%| O|  |TAMS 0x0000000083800000, 0x0000000083700000| Untracked 
|  28|0x0000000083800000, 0x0000000083900000, 0x0000000083900000|100%| O|  |TAMS 0x0000000083900000, 0x0000000083800000| Untracked 
|  29|0x0000000083900000, 0x0000000083900000, 0x0000000083a00000|  0%| F|  |TAMS 0x0000000083900000, 0x0000000083900000| Untracked 
|  30|0x0000000083a00000, 0x0000000083b00000, 0x0000000083b00000|100%|HS|  |TAMS 0x0000000083b00000, 0x0000000083a00000| Complete 
|  31|0x0000000083b00000, 0x0000000083c00000, 0x0000000083c00000|100%|HC|  |TAMS 0x0000000083c00000, 0x0000000083b00000| Complete 
|  32|0x0000000083c00000, 0x0000000083d00000, 0x0000000083d00000|100%|HS|  |TAMS 0x0000000083c00000, 0x0000000083c00000| Complete 
|  33|0x0000000083d00000, 0x0000000083e00000, 0x0000000083e00000|100%|HC|  |TAMS 0x0000000083d00000, 0x0000000083d00000| Complete 
|  34|0x0000000083e00000, 0x0000000083f00000, 0x0000000083f00000|100%| O|  |TAMS 0x0000000083e00000, 0x0000000083e00000| Untracked 
|  35|0x0000000083f00000, 0x0000000084000000, 0x0000000084000000|100%| O|  |TAMS 0x0000000084000000, 0x0000000083f00000| Untracked 
|  36|0x0000000084000000, 0x0000000084100000, 0x0000000084100000|100%| O|  |TAMS 0x0000000084100000, 0x0000000084000000| Untracked 
|  37|0x0000000084100000, 0x0000000084200000, 0x0000000084200000|100%| O|  |TAMS 0x0000000084200000, 0x0000000084100000| Untracked 
|  38|0x0000000084200000, 0x0000000084300000, 0x0000000084300000|100%| O|  |TAMS 0x0000000084300000, 0x0000000084200000| Untracked 
|  39|0x0000000084300000, 0x0000000084400000, 0x0000000084400000|100%| O|  |TAMS 0x0000000084400000, 0x0000000084300000| Untracked 
|  40|0x0000000084400000, 0x0000000084500000, 0x0000000084500000|100%| O|  |TAMS 0x0000000084500000, 0x0000000084400000| Untracked 
|  41|0x0000000084500000, 0x0000000084600000, 0x0000000084600000|100%| O|  |TAMS 0x0000000084500000, 0x0000000084500000| Untracked 
|  42|0x0000000084600000, 0x0000000084700000, 0x0000000084700000|100%| O|  |TAMS 0x0000000084600000, 0x0000000084600000| Untracked 
|  43|0x0000000084700000, 0x0000000084800000, 0x0000000084800000|100%| O|  |TAMS 0x0000000084700000, 0x0000000084700000| Untracked 
|  44|0x0000000084800000, 0x0000000084900000, 0x0000000084900000|100%| O|  |TAMS 0x0000000084800000, 0x0000000084800000| Untracked 
|  45|0x0000000084900000, 0x0000000084a00000, 0x0000000084a00000|100%| O|  |TAMS 0x0000000084900000, 0x0000000084900000| Untracked 
|  46|0x0000000084a00000, 0x0000000084b00000, 0x0000000084b00000|100%| O|  |TAMS 0x0000000084a00000, 0x0000000084a00000| Untracked 
|  47|0x0000000084b00000, 0x0000000084c00000, 0x0000000084c00000|100%| O|  |TAMS 0x0000000084b00000, 0x0000000084b00000| Untracked 
|  48|0x0000000084c00000, 0x0000000084d00000, 0x0000000084d00000|100%| O|  |TAMS 0x0000000084c00000, 0x0000000084c00000| Untracked 
|  49|0x0000000084d00000, 0x0000000084e00000, 0x0000000084e00000|100%| O|  |TAMS 0x0000000084d00000, 0x0000000084d00000| Untracked 
|  50|0x0000000084e00000, 0x0000000084f00000, 0x0000000084f00000|100%| O|  |TAMS 0x0000000084e00000, 0x0000000084e00000| Untracked 
|  51|0x0000000084f00000, 0x0000000085000000, 0x0000000085000000|100%| O|  |TAMS 0x0000000084f00000, 0x0000000084f00000| Untracked 
|  52|0x0000000085000000, 0x0000000085100000, 0x0000000085100000|100%| O|  |TAMS 0x0000000085000000, 0x0000000085000000| Untracked 
|  53|0x0000000085100000, 0x0000000085100000, 0x0000000085200000|  0%| F|  |TAMS 0x0000000085100000, 0x0000000085100000| Untracked 
|  54|0x0000000085200000, 0x0000000085200000, 0x0000000085300000|  0%| F|  |TAMS 0x0000000085200000, 0x0000000085200000| Untracked 
|  55|0x0000000085300000, 0x0000000085300000, 0x0000000085400000|  0%| F|  |TAMS 0x0000000085300000, 0x0000000085300000| Untracked 
|  56|0x0000000085400000, 0x0000000085500000, 0x0000000085500000|100%| O|  |TAMS 0x0000000085400000, 0x0000000085400000| Untracked 
|  57|0x0000000085500000, 0x0000000085500000, 0x0000000085600000|  0%| F|  |TAMS 0x0000000085500000, 0x0000000085500000| Untracked 
|  58|0x0000000085600000, 0x0000000085600000, 0x0000000085700000|  0%| F|  |TAMS 0x0000000085600000, 0x0000000085600000| Untracked 
|  59|0x0000000085700000, 0x0000000085700000, 0x0000000085800000|  0%| F|  |TAMS 0x0000000085700000, 0x0000000085700000| Untracked 
|  60|0x0000000085800000, 0x0000000085800000, 0x0000000085900000|  0%| F|  |TAMS 0x0000000085800000, 0x0000000085800000| Untracked 
|  61|0x0000000085900000, 0x0000000085900000, 0x0000000085a00000|  0%| F|  |TAMS 0x0000000085900000, 0x0000000085900000| Untracked 
|  62|0x0000000085a00000, 0x0000000085a00000, 0x0000000085b00000|  0%| F|  |TAMS 0x0000000085a00000, 0x0000000085a00000| Untracked 
|  63|0x0000000085b00000, 0x0000000085b00000, 0x0000000085c00000|  0%| F|  |TAMS 0x0000000085b00000, 0x0000000085b00000| Untracked 
|  64|0x0000000085c00000, 0x0000000085c00000, 0x0000000085d00000|  0%| F|  |TAMS 0x0000000085c00000, 0x0000000085c00000| Untracked 
|  65|0x0000000085d00000, 0x0000000085d00000, 0x0000000085e00000|  0%| F|  |TAMS 0x0000000085d00000, 0x0000000085d00000| Untracked 
|  66|0x0000000085e00000, 0x0000000085e00000, 0x0000000085f00000|  0%| F|  |TAMS 0x0000000085e00000, 0x0000000085e00000| Untracked 
|  67|0x0000000085f00000, 0x0000000085f00000, 0x0000000086000000|  0%| F|  |TAMS 0x0000000085f00000, 0x0000000085f00000| Untracked 
|  68|0x0000000086000000, 0x0000000086000000, 0x0000000086100000|  0%| F|  |TAMS 0x0000000086000000, 0x0000000086000000| Untracked 
|  69|0x0000000086100000, 0x0000000086100000, 0x0000000086200000|  0%| F|  |TAMS 0x0000000086100000, 0x0000000086100000| Untracked 
|  70|0x0000000086200000, 0x0000000086200000, 0x0000000086300000|  0%| F|  |TAMS 0x0000000086200000, 0x0000000086200000| Untracked 
|  71|0x0000000086300000, 0x0000000086300000, 0x0000000086400000|  0%| F|  |TAMS 0x0000000086300000, 0x0000000086300000| Untracked 
|  72|0x0000000086400000, 0x0000000086400000, 0x0000000086500000|  0%| F|  |TAMS 0x0000000086400000, 0x0000000086400000| Untracked 
|  73|0x0000000086500000, 0x0000000086500000, 0x0000000086600000|  0%| F|  |TAMS 0x0000000086500000, 0x0000000086500000| Untracked 
|  74|0x0000000086600000, 0x0000000086600000, 0x0000000086700000|  0%| F|  |TAMS 0x0000000086600000, 0x0000000086600000| Untracked 
|  75|0x0000000086700000, 0x0000000086700000, 0x0000000086800000|  0%| F|  |TAMS 0x0000000086700000, 0x0000000086700000| Untracked 
|  76|0x0000000086800000, 0x0000000086800000, 0x0000000086900000|  0%| F|  |TAMS 0x0000000086800000, 0x0000000086800000| Untracked 
|  77|0x0000000086900000, 0x0000000086900000, 0x0000000086a00000|  0%| F|  |TAMS 0x0000000086900000, 0x0000000086900000| Untracked 
|  78|0x0000000086a00000, 0x0000000086a00000, 0x0000000086b00000|  0%| F|  |TAMS 0x0000000086a00000, 0x0000000086a00000| Untracked 
|  79|0x0000000086b00000, 0x0000000086b00000, 0x0000000086c00000|  0%| F|  |TAMS 0x0000000086b00000, 0x0000000086b00000| Untracked 
|  80|0x0000000086c00000, 0x0000000086c00000, 0x0000000086d00000|  0%| F|  |TAMS 0x0000000086c00000, 0x0000000086c00000| Untracked 
|  81|0x0000000086d00000, 0x0000000086d00000, 0x0000000086e00000|  0%| F|  |TAMS 0x0000000086d00000, 0x0000000086d00000| Untracked 
|  82|0x0000000086e00000, 0x0000000086e00000, 0x0000000086f00000|  0%| F|  |TAMS 0x0000000086e00000, 0x0000000086e00000| Untracked 
|  83|0x0000000086f00000, 0x0000000086f00000, 0x0000000087000000|  0%| F|  |TAMS 0x0000000086f00000, 0x0000000086f00000| Untracked 
|  84|0x0000000087000000, 0x0000000087000000, 0x0000000087100000|  0%| F|  |TAMS 0x0000000087000000, 0x0000000087000000| Untracked 
|  85|0x0000000087100000, 0x0000000087100000, 0x0000000087200000|  0%| F|  |TAMS 0x0000000087100000, 0x0000000087100000| Untracked 
|  86|0x0000000087200000, 0x0000000087200000, 0x0000000087300000|  0%| F|  |TAMS 0x0000000087200000, 0x0000000087200000| Untracked 
|  87|0x0000000087300000, 0x0000000087300000, 0x0000000087400000|  0%| F|  |TAMS 0x0000000087300000, 0x0000000087300000| Untracked 
|  88|0x0000000087400000, 0x0000000087400000, 0x0000000087500000|  0%| F|  |TAMS 0x0000000087400000, 0x0000000087400000| Untracked 
|  89|0x0000000087500000, 0x0000000087500000, 0x0000000087600000|  0%| F|  |TAMS 0x0000000087500000, 0x0000000087500000| Untracked 
|  90|0x0000000087600000, 0x0000000087600000, 0x0000000087700000|  0%| F|  |TAMS 0x0000000087600000, 0x0000000087600000| Untracked 
|  91|0x0000000087700000, 0x0000000087700000, 0x0000000087800000|  0%| F|  |TAMS 0x0000000087700000, 0x0000000087700000| Untracked 
|  92|0x0000000087800000, 0x0000000087800000, 0x0000000087900000|  0%| F|  |TAMS 0x0000000087800000, 0x0000000087800000| Untracked 
|  93|0x0000000087900000, 0x0000000087900000, 0x0000000087a00000|  0%| F|  |TAMS 0x0000000087900000, 0x0000000087900000| Untracked 
|  94|0x0000000087a00000, 0x0000000087a00000, 0x0000000087b00000|  0%| F|  |TAMS 0x0000000087a00000, 0x0000000087a00000| Untracked 
|  95|0x0000000087b00000, 0x0000000087b00000, 0x0000000087c00000|  0%| F|  |TAMS 0x0000000087b00000, 0x0000000087b00000| Untracked 
|  96|0x0000000087c00000, 0x0000000087c00000, 0x0000000087d00000|  0%| F|  |TAMS 0x0000000087c00000, 0x0000000087c00000| Untracked 
|  97|0x0000000087d00000, 0x0000000087d00000, 0x0000000087e00000|  0%| F|  |TAMS 0x0000000087d00000, 0x0000000087d00000| Untracked 
|  98|0x0000000087e00000, 0x0000000087e00000, 0x0000000087f00000|  0%| F|  |TAMS 0x0000000087e00000, 0x0000000087e00000| Untracked 
|  99|0x0000000087f00000, 0x0000000087f00000, 0x0000000088000000|  0%| F|  |TAMS 0x0000000087f00000, 0x0000000087f00000| Untracked 
| 100|0x0000000088000000, 0x0000000088000000, 0x0000000088100000|  0%| F|  |TAMS 0x0000000088000000, 0x0000000088000000| Untracked 
| 101|0x0000000088100000, 0x0000000088100000, 0x0000000088200000|  0%| F|  |TAMS 0x0000000088100000, 0x0000000088100000| Untracked 
| 102|0x0000000088200000, 0x0000000088200000, 0x0000000088300000|  0%| F|  |TAMS 0x0000000088200000, 0x0000000088200000| Untracked 
| 103|0x0000000088300000, 0x0000000088300000, 0x0000000088400000|  0%| F|  |TAMS 0x0000000088300000, 0x0000000088300000| Untracked 
| 104|0x0000000088400000, 0x0000000088400000, 0x0000000088500000|  0%| F|  |TAMS 0x0000000088400000, 0x0000000088400000| Untracked 
| 105|0x0000000088500000, 0x0000000088500000, 0x0000000088600000|  0%| F|  |TAMS 0x0000000088500000, 0x0000000088500000| Untracked 
| 106|0x0000000088600000, 0x0000000088600000, 0x0000000088700000|  0%| F|  |TAMS 0x0000000088600000, 0x0000000088600000| Untracked 
| 107|0x0000000088700000, 0x0000000088700000, 0x0000000088800000|  0%| F|  |TAMS 0x0000000088700000, 0x0000000088700000| Untracked 
| 108|0x0000000088800000, 0x0000000088800000, 0x0000000088900000|  0%| F|  |TAMS 0x0000000088800000, 0x0000000088800000| Untracked 
| 109|0x0000000088900000, 0x0000000088900000, 0x0000000088a00000|  0%| F|  |TAMS 0x0000000088900000, 0x0000000088900000| Untracked 
| 110|0x0000000088a00000, 0x0000000088a00000, 0x0000000088b00000|  0%| F|  |TAMS 0x0000000088a00000, 0x0000000088a00000| Untracked 
| 111|0x0000000088b00000, 0x0000000088b00000, 0x0000000088c00000|  0%| F|  |TAMS 0x0000000088b00000, 0x0000000088b00000| Untracked 
| 112|0x0000000088c00000, 0x0000000088d00000, 0x0000000088d00000|100%| S|CS|TAMS 0x0000000088c00000, 0x0000000088c00000| Complete 
| 113|0x0000000088d00000, 0x0000000088d00000, 0x0000000088e00000|  0%| F|  |TAMS 0x0000000088d00000, 0x0000000088d00000| Untracked 
| 114|0x0000000088e00000, 0x0000000088e00000, 0x0000000088f00000|  0%| F|  |TAMS 0x0000000088e00000, 0x0000000088e00000| Untracked 
| 115|0x0000000088f00000, 0x0000000088f00000, 0x0000000089000000|  0%| F|  |TAMS 0x0000000088f00000, 0x0000000088f00000| Untracked 
| 116|0x0000000089000000, 0x0000000089000000, 0x0000000089100000|  0%| F|  |TAMS 0x0000000089000000, 0x0000000089000000| Untracked 
| 117|0x0000000089100000, 0x0000000089100000, 0x0000000089200000|  0%| F|  |TAMS 0x0000000089100000, 0x0000000089100000| Untracked 
| 118|0x0000000089200000, 0x0000000089200000, 0x0000000089300000|  0%| F|  |TAMS 0x0000000089200000, 0x0000000089200000| Untracked 
| 119|0x0000000089300000, 0x0000000089300000, 0x0000000089400000|  0%| F|  |TAMS 0x0000000089300000, 0x0000000089300000| Untracked 
| 120|0x0000000089400000, 0x0000000089400000, 0x0000000089500000|  0%| F|  |TAMS 0x0000000089400000, 0x0000000089400000| Untracked 
| 121|0x0000000089500000, 0x0000000089500000, 0x0000000089600000|  0%| F|  |TAMS 0x0000000089500000, 0x0000000089500000| Untracked 
| 122|0x0000000089600000, 0x0000000089600000, 0x0000000089700000|  0%| F|  |TAMS 0x0000000089600000, 0x0000000089600000| Untracked 
| 123|0x0000000089700000, 0x0000000089700000, 0x0000000089800000|  0%| F|  |TAMS 0x0000000089700000, 0x0000000089700000| Untracked 
| 124|0x0000000089800000, 0x0000000089800000, 0x0000000089900000|  0%| F|  |TAMS 0x0000000089800000, 0x0000000089800000| Untracked 
| 125|0x0000000089900000, 0x0000000089900000, 0x0000000089a00000|  0%| F|  |TAMS 0x0000000089900000, 0x0000000089900000| Untracked 
| 126|0x0000000089a00000, 0x0000000089a00000, 0x0000000089b00000|  0%| F|  |TAMS 0x0000000089a00000, 0x0000000089a00000| Untracked 
| 127|0x0000000089b00000, 0x0000000089b00000, 0x0000000089c00000|  0%| F|  |TAMS 0x0000000089b00000, 0x0000000089b00000| Untracked 
|2014|0x00000000ffa00000, 0x00000000ffb00000, 0x00000000ffb00000|100%| O|  |TAMS 0x00000000ffb00000, 0x00000000ffa00000| Untracked 
|2015|0x00000000ffb00000, 0x00000000ffc00000, 0x00000000ffc00000|100%| O|  |TAMS 0x00000000ffc00000, 0x00000000ffb00000| Untracked 
|2016|0x00000000ffc00000, 0x00000000ffd00000, 0x00000000ffd00000|100%| O|  |TAMS 0x00000000ffd00000, 0x00000000ffc00000| Untracked 
|2017|0x00000000ffd00000, 0x00000000ffe00000, 0x00000000ffe00000|100%| O|  |TAMS 0x00000000ffe00000, 0x00000000ffd00000| Untracked 
|2018|0x00000000ffe00000, 0x00000000fff00000, 0x00000000fff00000|100%| O|  |TAMS 0x00000000fff00000, 0x00000000ffe00000| Untracked 
|2019|0x00000000fff00000, 0x0000000100000000, 0x0000000100000000|100%| O|  |TAMS 0x0000000100000000, 0x00000000fff00000| Untracked 

Card table byte_map: [0x000001e0b1fd0000,0x000001e0b23d0000] _byte_map_base: 0x000001e0b1bc2000

Marking Bits (Prev, Next): (CMBitMap*) 0x000001e09b3b1360, (CMBitMap*) 0x000001e09b3b13a0
 Prev Bits: [0x000001e0b27d0000, 0x000001e0b4760000)
 Next Bits: [0x000001e0b4760000, 0x000001e0b66f0000)

Polling page: 0x000001e0991c0000

Metaspace:

Usage:
  Non-class:     22.40 MB used.
      Class:      2.83 MB used.
       Both:     25.23 MB used.

Virtual space:
  Non-class space:       24.00 MB reserved,      22.56 MB ( 94%) committed,  3 nodes.
      Class space:        1.00 GB reserved,       3.00 MB ( <1%) committed,  1 nodes.
             Both:        1.02 GB reserved,      25.56 MB (  2%) committed. 

Chunk freelists:
   Non-Class:  845.00 KB
       Class:  1007.00 KB
        Both:  1.81 MB

MaxMetaspaceSize: unlimited
CompressedClassSpaceSize: 1.00 GB
Initial GC threshold: 21.00 MB
Current GC threshold: 42.50 MB
CDS: on
MetaspaceReclaimPolicy: balanced
 - commit_granule_bytes: 65536.
 - commit_granule_words: 8192.
 - virtual_space_node_default_size: 1048576.
 - enlarge_chunks_in_place: 1.
 - new_chunks_are_fully_committed: 0.
 - uncommit_free_chunks: 1.
 - use_allocation_guard: 0.
 - handle_deallocations: 1.


Internal statistics:

num_allocs_failed_limit: 6.
num_arena_births: 190.
num_arena_deaths: 0.
num_vsnodes_births: 4.
num_vsnodes_deaths: 0.
num_space_committed: 409.
num_space_uncommitted: 0.
num_chunks_returned_to_freelist: 6.
num_chunks_taken_from_freelist: 1099.
num_chunk_merges: 6.
num_chunk_splits: 796.
num_chunks_enlarged: 622.
num_purges: 0.
num_inconsistent_stats: 0.

CodeHeap 'non-profiled nmethods': size=120000Kb used=2459Kb max_used=2459Kb free=117540Kb
 bounds [0x000001e0aa6a0000, 0x000001e0aa910000, 0x000001e0b1bd0000]
CodeHeap 'profiled nmethods': size=120000Kb used=13100Kb max_used=13100Kb free=106899Kb
 bounds [0x000001e0a3170000, 0x000001e0a3e40000, 0x000001e0aa6a0000]
CodeHeap 'non-nmethods': size=5760Kb used=1202Kb max_used=1284Kb free=4557Kb
 bounds [0x000001e0a2bd0000, 0x000001e0a2e40000, 0x000001e0a3170000]
 total_blobs=6864 nmethods=6363 adapters=413
 compilation: enabled
              stopped_count=0, restarted_count=0
 full_count=0

Compilation events (20 events):
Event: 13.624 Thread 0x000001e0b8ba0ea0 6369       2       jdk.nio.zipfs.ZipFileSystem::getInputStream (186 bytes)
Event: 13.625 Thread 0x000001e0b8ba0ea0 nmethod 6369 0x000001e0a3e35c10 code [0x000001e0a3e35e80, 0x000001e0a3e367b8]
Event: 13.644 Thread 0x000001e0b8ba0ea0 6370   !   2       sun.nio.fs.WindowsLinkSupport::getFinalPath (175 bytes)
Event: 13.646 Thread 0x000001e0b8ba0ea0 nmethod 6370 0x000001e0a3e36b90 code [0x000001e0a3e36e40, 0x000001e0a3e374e8]
Event: 13.656 Thread 0x000001e0b8b93690 nmethod 6321 0x000001e0aa903f10 code [0x000001e0aa904220, 0x000001e0aa905280]
Event: 13.656 Thread 0x000001e0b8b93690 6359  s    4       jdk.nio.zipfs.ZipDirectoryStream$1::next (34 bytes)
Event: 13.660 Thread 0x000001e0b8b93690 nmethod 6359 0x000001e0aa905b10 code [0x000001e0aa905ca0, 0x000001e0aa905ff8]
Event: 13.660 Thread 0x000001e0b8b93690 6348       4       com.sun.tools.javac.util.Name::subName (28 bytes)
Event: 13.662 Thread 0x000001e0b8b93690 nmethod 6348 0x000001e0aa906290 code [0x000001e0aa906420, 0x000001e0aa906508]
Event: 13.662 Thread 0x000001e0b8ba0ea0 6371       3       java.util.Collections$SingletonMap::containsKey (9 bytes)
Event: 13.662 Thread 0x000001e0b8b93690 6319       4       com.sun.tools.javac.code.Symbol::<init> (45 bytes)
Event: 13.662 Thread 0x000001e0b8ba0ea0 nmethod 6371 0x000001e0a3e37b10 code [0x000001e0a3e37cc0, 0x000001e0a3e37fa8]
Event: 13.671 Thread 0x000001e0b8b93690 nmethod 6319 0x000001e0aa906690 code [0x000001e0aa906800, 0x000001e0aa906d98]
Event: 13.671 Thread 0x000001e0b8b93690 6349       4       com.sun.tools.javac.jvm.PoolReader::resolve (344 bytes)
Event: 13.676 Thread 0x000001e0b8ba0ea0 6372       3       jdk.nio.zipfs.ZipCoder$UTF8::getBytes (40 bytes)
Event: 13.678 Thread 0x000001e0b8ba0ea0 nmethod 6372 0x000001e0a3e38090 code [0x000001e0a3e382e0, 0x000001e0a3e38c58]
Event: 13.707 Thread 0x000001e0b8ba0ea0 6374  s    3       com.sun.tools.javac.file.FSInfo::getJarFSProvider (64 bytes)
Event: 13.708 Thread 0x000001e0b8ba0ea0 nmethod 6374 0x000001e0a3e39010 code [0x000001e0a3e39240, 0x000001e0a3e39ad8]
Event: 13.751 Thread 0x000001e0b8ba0ea0 6375       3       sun.nio.ch.FileChannelImpl::<init> (144 bytes)
Event: 13.753 Thread 0x000001e0b8ba0ea0 nmethod 6375 0x000001e0a3e39d10 code [0x000001e0a3e39f80, 0x000001e0a3e3ae18]

GC Heap History (20 events):
Event: 6.850 GC heap after
{Heap after GC invocations=3 (full 0):
 garbage-first heap   total 131072K, used 10602K [0x0000000081c00000, 0x0000000100000000)
  region size 1024K, 8 young (8192K), 8 survivors (8192K)
 Metaspace       used 12866K, committed 13056K, reserved 1064960K
  class space    used 1477K, committed 1536K, reserved 1048576K
}
Event: 9.148 GC heap before
{Heap before GC invocations=3 (full 0):
 garbage-first heap   total 131072K, used 111978K [0x0000000081c00000, 0x0000000100000000)
  region size 1024K, 76 young (77824K), 8 survivors (8192K)
 Metaspace       used 16739K, committed 17024K, reserved 1064960K
  class space    used 1859K, committed 1984K, reserved 1048576K
}
Event: 9.166 GC heap after
{Heap after GC invocations=4 (full 0):
 garbage-first heap   total 131072K, used 14637K [0x0000000081c00000, 0x0000000100000000)
  region size 1024K, 5 young (5120K), 5 survivors (5120K)
 Metaspace       used 16739K, committed 17024K, reserved 1064960K
  class space    used 1859K, committed 1984K, reserved 1048576K
}
Event: 10.003 GC heap before
{Heap before GC invocations=4 (full 0):
 garbage-first heap   total 131072K, used 29997K [0x0000000081c00000, 0x0000000100000000)
  region size 1024K, 17 young (17408K), 5 survivors (5120K)
 Metaspace       used 21274K, committed 21504K, reserved 1073152K
  class space    used 2440K, committed 2560K, reserved 1048576K
}
Event: 10.014 GC heap after
{Heap after GC invocations=5 (full 0):
 garbage-first heap   total 131072K, used 23064K [0x0000000081c00000, 0x0000000100000000)
  region size 1024K, 9 young (9216K), 9 survivors (9216K)
 Metaspace       used 21274K, committed 21504K, reserved 1073152K
  class space    used 2440K, committed 2560K, reserved 1048576K
}
Event: 11.222 GC heap before
{Heap before GC invocations=6 (full 0):
 garbage-first heap   total 81920K, used 64024K [0x0000000081c00000, 0x0000000100000000)
  region size 1024K, 48 young (49152K), 9 survivors (9216K)
 Metaspace       used 23287K, committed 23552K, reserved 1073152K
  class space    used 2638K, committed 2752K, reserved 1048576K
}
Event: 11.257 GC heap after
{Heap after GC invocations=7 (full 0):
 garbage-first heap   total 88064K, used 35993K [0x0000000081c00000, 0x0000000100000000)
  region size 1024K, 6 young (6144K), 6 survivors (6144K)
 Metaspace       used 23287K, committed 23552K, reserved 1073152K
  class space    used 2638K, committed 2752K, reserved 1048576K
}
Event: 11.268 GC heap before
{Heap before GC invocations=7 (full 0):
 garbage-first heap   total 88064K, used 37017K [0x0000000081c00000, 0x0000000100000000)
  region size 1024K, 7 young (7168K), 6 survivors (6144K)
 Metaspace       used 23287K, committed 23552K, reserved 1073152K
  class space    used 2638K, committed 2752K, reserved 1048576K
}
Event: 11.277 GC heap after
{Heap after GC invocations=8 (full 0):
 garbage-first heap   total 88064K, used 37376K [0x0000000081c00000, 0x0000000100000000)
  region size 1024K, 1 young (1024K), 1 survivors (1024K)
 Metaspace       used 23287K, committed 23552K, reserved 1073152K
  class space    used 2638K, committed 2752K, reserved 1048576K
}
Event: 12.273 GC heap before
{Heap before GC invocations=8 (full 0):
 garbage-first heap   total 88064K, used 62976K [0x0000000081c00000, 0x0000000100000000)
  region size 1024K, 26 young (26624K), 1 survivors (1024K)
 Metaspace       used 25365K, committed 25664K, reserved 1073152K
  class space    used 2887K, committed 3008K, reserved 1048576K
}
Event: 12.288 GC heap after
{Heap after GC invocations=9 (full 0):
 garbage-first heap   total 88064K, used 42496K [0x0000000081c00000, 0x0000000100000000)
  region size 1024K, 4 young (4096K), 4 survivors (4096K)
 Metaspace       used 25365K, committed 25664K, reserved 1073152K
  class space    used 2887K, committed 3008K, reserved 1048576K
}
Event: 12.456 GC heap before
{Heap before GC invocations=10 (full 0):
 garbage-first heap   total 88064K, used 44544K [0x0000000081c00000, 0x0000000100000000)
  region size 1024K, 7 young (7168K), 4 survivors (4096K)
 Metaspace       used 25560K, committed 25856K, reserved 1073152K
  class space    used 2891K, committed 3008K, reserved 1048576K
}
Event: 12.469 GC heap after
{Heap after GC invocations=11 (full 0):
 garbage-first heap   total 88064K, used 43255K [0x0000000081c00000, 0x0000000100000000)
  region size 1024K, 1 young (1024K), 1 survivors (1024K)
 Metaspace       used 25560K, committed 25856K, reserved 1073152K
  class space    used 2891K, committed 3008K, reserved 1048576K
}
Event: 13.214 GC heap before
{Heap before GC invocations=12 (full 0):
 garbage-first heap   total 88064K, used 54519K [0x0000000081c00000, 0x0000000100000000)
  region size 1024K, 12 young (12288K), 1 survivors (1024K)
 Metaspace       used 25765K, committed 26112K, reserved 1073152K
  class space    used 2898K, committed 3072K, reserved 1048576K
}
Event: 13.221 GC heap after
{Heap after GC invocations=13 (full 0):
 garbage-first heap   total 88064K, used 43591K [0x0000000081c00000, 0x0000000100000000)
  region size 1024K, 1 young (1024K), 1 survivors (1024K)
 Metaspace       used 25765K, committed 26112K, reserved 1073152K
  class space    used 2898K, committed 3072K, reserved 1048576K
}
Event: 13.713 GC heap before
{Heap before GC invocations=14 (full 0):
 garbage-first heap   total 88064K, used 70215K [0x0000000081c00000, 0x0000000100000000)
  region size 1024K, 24 young (24576K), 1 survivors (1024K)
 Metaspace       used 25834K, committed 26176K, reserved 1073152K
  class space    used 2898K, committed 3072K, reserved 1048576K
}
Event: 13.730 GC heap after
{Heap after GC invocations=15 (full 0):
 garbage-first heap   total 88064K, used 59841K [0x0000000081c00000, 0x0000000100000000)
  region size 1024K, 3 young (3072K), 3 survivors (3072K)
 Metaspace       used 25834K, committed 26176K, reserved 1073152K
  class space    used 2898K, committed 3072K, reserved 1048576K
}
Event: 13.761 GC heap before
{Heap before GC invocations=15 (full 0):
 garbage-first heap   total 88064K, used 59841K [0x0000000081c00000, 0x0000000100000000)
  region size 1024K, 4 young (4096K), 3 survivors (3072K)
 Metaspace       used 25834K, committed 26176K, reserved 1073152K
  class space    used 2898K, committed 3072K, reserved 1048576K
}
Event: 13.765 GC heap after
{Heap after GC invocations=16 (full 0):
 garbage-first heap   total 88064K, used 51272K [0x0000000081c00000, 0x0000000100000000)
  region size 1024K, 1 young (1024K), 1 survivors (1024K)
 Metaspace       used 25834K, committed 26176K, reserved 1073152K
  class space    used 2898K, committed 3072K, reserved 1048576K
}
Event: 13.837 GC heap before
{Heap before GC invocations=16 (full 0):
 garbage-first heap   total 88064K, used 54344K [0x0000000081c00000, 0x0000000100000000)
  region size 1024K, 4 young (4096K), 1 survivors (1024K)
 Metaspace       used 25837K, committed 26176K, reserved 1073152K
  class space    used 2899K, committed 3072K, reserved 1048576K
}

Deoptimization events (20 events):
Event: 12.531 Thread 0x000001e09b356770 DEOPT PACKING pc=0x000001e0aa76cfc4 sp=0x00000056673fb810
Event: 12.531 Thread 0x000001e09b356770 DEOPT UNPACKING pc=0x000001e0a2c223a3 sp=0x00000056673fb7a8 mode 2
Event: 12.635 Thread 0x000001e09b356770 Uncommon trap: trap_request=0xffffff45 fr.pc=0x000001e0aa8ca214 relative=0x0000000000005d14
Event: 12.635 Thread 0x000001e09b356770 Uncommon trap: reason=unstable_if action=reinterpret pc=0x000001e0aa8ca214 method=com.sun.tools.javac.jvm.ClassReader.classSigToType()Lcom/sun/tools/javac/code/Type; @ 254 c2
Event: 12.635 Thread 0x000001e09b356770 DEOPT PACKING pc=0x000001e0aa8ca214 sp=0x00000056673fab00
Event: 12.635 Thread 0x000001e09b356770 DEOPT UNPACKING pc=0x000001e0a2c223a3 sp=0x00000056673fab38 mode 2
Event: 12.682 Thread 0x000001e09b356770 DEOPT PACKING pc=0x000001e0a3cbd219 sp=0x00000056673fd060
Event: 12.682 Thread 0x000001e09b356770 DEOPT UNPACKING pc=0x000001e0a2c22b43 sp=0x00000056673fc4d8 mode 0
Event: 12.867 Thread 0x000001e09b356770 Uncommon trap: trap_request=0xffffff45 fr.pc=0x000001e0aa8b5fe4 relative=0x00000000000005a4
Event: 12.867 Thread 0x000001e09b356770 Uncommon trap: reason=unstable_if action=reinterpret pc=0x000001e0aa8b5fe4 method=com.sun.tools.javac.file.BaseFileManager.getKind(Ljava/lang/String;)Ljavax/tools/JavaFileObject$Kind; @ 27 c2
Event: 12.867 Thread 0x000001e09b356770 DEOPT PACKING pc=0x000001e0aa8b5fe4 sp=0x00000056673fd980
Event: 12.867 Thread 0x000001e09b356770 DEOPT UNPACKING pc=0x000001e0a2c223a3 sp=0x00000056673fd928 mode 2
Event: 13.328 Thread 0x000001e09b356770 DEOPT PACKING pc=0x000001e0a33a8534 sp=0x00000056673fcbd0
Event: 13.328 Thread 0x000001e09b356770 DEOPT UNPACKING pc=0x000001e0a2c22b43 sp=0x00000056673fc040 mode 0
Event: 13.329 Thread 0x000001e09b356770 DEOPT PACKING pc=0x000001e0a33a8534 sp=0x00000056673fcbd0
Event: 13.329 Thread 0x000001e09b356770 DEOPT UNPACKING pc=0x000001e0a2c22b43 sp=0x00000056673fc040 mode 0
Event: 13.346 Thread 0x000001e09b356770 DEOPT PACKING pc=0x000001e0a33a8534 sp=0x00000056673fcbd0
Event: 13.346 Thread 0x000001e09b356770 DEOPT UNPACKING pc=0x000001e0a2c22b43 sp=0x00000056673fc040 mode 0
Event: 13.706 Thread 0x000001e09b356770 DEOPT PACKING pc=0x000001e0a3905227 sp=0x00000056673fc510
Event: 13.706 Thread 0x000001e09b356770 DEOPT UNPACKING pc=0x000001e0a2c22b43 sp=0x00000056673fbaa0 mode 0

Classes unloaded (0 events):
No events

Classes redefined (0 events):
No events

Internal exceptions (20 events):
Event: 12.648 Thread 0x000001e09b356770 Exception <a 'sun/nio/fs/WindowsException'{0x0000000088eccbf0}> (0x0000000088eccbf0) 
thrown [s\open\src\hotspot\share\prims\jni.cpp, line 516]
Event: 12.648 Thread 0x000001e09b356770 Exception <a 'sun/nio/fs/WindowsException'{0x0000000088ecd010}> (0x0000000088ecd010) 
thrown [s\open\src\hotspot\share\prims\jni.cpp, line 516]
Event: 12.649 Thread 0x000001e09b356770 Exception <a 'sun/nio/fs/WindowsException'{0x0000000088ed31a8}> (0x0000000088ed31a8) 
thrown [s\open\src\hotspot\share\prims\jni.cpp, line 516]
Event: 12.649 Thread 0x000001e09b356770 Exception <a 'sun/nio/fs/WindowsException'{0x0000000088ed3580}> (0x0000000088ed3580) 
thrown [s\open\src\hotspot\share\prims\jni.cpp, line 516]
Event: 12.650 Thread 0x000001e09b356770 Exception <a 'sun/nio/fs/WindowsException'{0x0000000088ee2a98}> (0x0000000088ee2a98) 
thrown [s\open\src\hotspot\share\prims\jni.cpp, line 516]
Event: 12.650 Thread 0x000001e09b356770 Exception <a 'sun/nio/fs/WindowsException'{0x0000000088ee2eb8}> (0x0000000088ee2eb8) 
thrown [s\open\src\hotspot\share\prims\jni.cpp, line 516]
Event: 12.650 Thread 0x000001e09b356770 Exception <a 'sun/nio/fs/WindowsException'{0x0000000088ee4f20}> (0x0000000088ee4f20) 
thrown [s\open\src\hotspot\share\prims\jni.cpp, line 516]
Event: 12.651 Thread 0x000001e09b356770 Exception <a 'sun/nio/fs/WindowsException'{0x0000000088ee53c8}> (0x0000000088ee53c8) 
thrown [s\open\src\hotspot\share\prims\jni.cpp, line 516]
Event: 12.673 Thread 0x000001e09b356770 Exception <a 'sun/nio/fs/WindowsException'{0x0000000088c437c0}> (0x0000000088c437c0) 
thrown [s\open\src\hotspot\share\prims\jni.cpp, line 516]
Event: 12.681 Thread 0x000001e09b356770 Exception <a 'sun/nio/fs/WindowsException'{0x0000000088c61bf8}> (0x0000000088c61bf8) 
thrown [s\open\src\hotspot\share\prims\jni.cpp, line 516]
Event: 13.278 Thread 0x000001e09b356770 Exception <a 'sun/nio/fs/WindowsException'{0x0000000088d93cd8}> (0x0000000088d93cd8) 
thrown [s\open\src\hotspot\share\prims\jni.cpp, line 516]
Event: 13.278 Thread 0x000001e09b356770 Exception <a 'sun/nio/fs/WindowsException'{0x0000000088d94028}> (0x0000000088d94028) 
thrown [s\open\src\hotspot\share\prims\jni.cpp, line 516]
Event: 13.282 Thread 0x000001e09b356770 Exception <a 'sun/nio/fs/WindowsException'{0x0000000088df6930}> (0x0000000088df6930) 
thrown [s\open\src\hotspot\share\prims\jni.cpp, line 516]
Event: 13.282 Thread 0x000001e09b356770 Exception <a 'sun/nio/fs/WindowsException'{0x0000000088df6b70}> (0x0000000088df6b70) 
thrown [s\open\src\hotspot\share\prims\jni.cpp, line 516]
Event: 13.447 Thread 0x000001e09b356770 Exception <a 'sun/nio/fs/WindowsException'{0x00000000887c89a0}> (0x00000000887c89a0) 
thrown [s\open\src\hotspot\share\prims\jni.cpp, line 516]
Event: 13.447 Thread 0x000001e09b356770 Exception <a 'sun/nio/fs/WindowsException'{0x00000000887c8d10}> (0x00000000887c8d10) 
thrown [s\open\src\hotspot\share\prims\jni.cpp, line 516]
Event: 13.447 Thread 0x000001e09b356770 Exception <a 'sun/nio/fs/WindowsException'{0x00000000887c9e88}> (0x00000000887c9e88) 
thrown [s\open\src\hotspot\share\prims\jni.cpp, line 516]
Event: 13.447 Thread 0x000001e09b356770 Exception <a 'sun/nio/fs/WindowsException'{0x00000000887ca2c0}> (0x00000000887ca2c0) 
thrown [s\open\src\hotspot\share\prims\jni.cpp, line 516]
Event: 13.448 Thread 0x000001e09b356770 Exception <a 'sun/nio/fs/WindowsException'{0x00000000887cb4d8}> (0x00000000887cb4d8) 
thrown [s\open\src\hotspot\share\prims\jni.cpp, line 516]
Event: 13.448 Thread 0x000001e09b356770 Exception <a 'sun/nio/fs/WindowsException'{0x00000000887cb868}> (0x00000000887cb868) 
thrown [s\open\src\hotspot\share\prims\jni.cpp, line 516]

VM Operations (20 events):
Event: 12.418 Executing VM operation: G1Concurrent done
Event: 12.448 Executing VM operation: HandshakeAllThreads
Event: 12.448 Executing VM operation: HandshakeAllThreads done
Event: 12.456 Executing VM operation: G1TryInitiateConcMark
Event: 12.469 Executing VM operation: G1TryInitiateConcMark done
Event: 12.556 Executing VM operation: G1Concurrent
Event: 12.564 Executing VM operation: G1Concurrent done
Event: 12.602 Executing VM operation: G1Concurrent
Event: 12.614 Executing VM operation: G1Concurrent done
Event: 13.214 Executing VM operation: G1TryInitiateConcMark
Event: 13.221 Executing VM operation: G1TryInitiateConcMark done
Event: 13.305 Executing VM operation: G1Concurrent
Event: 13.314 Executing VM operation: G1Concurrent done
Event: 13.350 Executing VM operation: G1Concurrent
Event: 13.352 Executing VM operation: G1Concurrent done
Event: 13.713 Executing VM operation: G1CollectForAllocation
Event: 13.730 Executing VM operation: G1CollectForAllocation done
Event: 13.761 Executing VM operation: G1CollectForAllocation
Event: 13.765 Executing VM operation: G1CollectForAllocation done
Event: 13.837 Executing VM operation: G1CollectForAllocation

Events (20 events):
Event: 12.187 loading class java/util/stream/Nodes$IntFixedNodeBuilder
Event: 12.187 loading class java/util/stream/Node$Builder$OfInt
Event: 12.187 loading class java/util/stream/Node$Builder$OfInt done
Event: 12.187 loading class java/util/stream/Nodes$IntArrayNode
Event: 12.187 loading class java/util/stream/Nodes$IntArrayNode done
Event: 12.187 loading class java/util/stream/Nodes$IntFixedNodeBuilder done
Event: 12.188 loading class java/util/stream/ReferencePipeline$4$1
Event: 12.188 loading class java/util/stream/ReferencePipeline$4$1 done
Event: 12.455 loading class java/io/DataOutputStream
Event: 12.455 loading class java/io/DataOutputStream done
Event: 12.683 loading class java/util/EnumMap$Values
Event: 12.684 loading class java/util/EnumMap$Values done
Event: 12.684 loading class java/util/EnumMap$ValueIterator
Event: 12.684 loading class java/util/EnumMap$ValueIterator done
Event: 12.687 loading class java/util/WeakHashMap$KeyIterator
Event: 12.687 loading class java/util/WeakHashMap$HashIterator
Event: 12.688 loading class java/util/WeakHashMap$HashIterator done
Event: 12.688 loading class java/util/WeakHashMap$KeyIterator done
Event: 13.769 loading class java/util/concurrent/locks/AbstractQueuedSynchronizer$Node
Event: 13.770 loading class java/util/concurrent/locks/AbstractQueuedSynchronizer$Node done


Dynamic libraries:
0x00007ff627fc0000 - 0x00007ff627fd0000 	C:\Program Files\Java\jdk-17.0.5\bin\javaw.exe
0x00007ff81a750000 - 0x00007ff81a948000 	C:\WINDOWS\SYSTEM32\ntdll.dll
0x00007ff818780000 - 0x00007ff81883d000 	C:\WINDOWS\System32\KERNEL32.DLL
0x00007ff818480000 - 0x00007ff818776000 	C:\WINDOWS\System32\KERNELBASE.dll
0x00007ff818190000 - 0x00007ff818290000 	C:\WINDOWS\System32\ucrtbase.dll
0x00007ff80ddb0000 - 0x00007ff80ddc8000 	C:\Program Files\Java\jdk-17.0.5\bin\jli.dll
0x00007ff818930000 - 0x00007ff8189e0000 	C:\WINDOWS\System32\ADVAPI32.dll
0x00007ff818840000 - 0x00007ff8188de000 	C:\WINDOWS\System32\msvcrt.dll
0x00007ff819b00000 - 0x00007ff819ba0000 	C:\WINDOWS\System32\sechost.dll
0x00007ff818a60000 - 0x00007ff818b83000 	C:\WINDOWS\System32\RPCRT4.dll
0x00007ff818330000 - 0x00007ff818357000 	C:\WINDOWS\System32\bcrypt.dll
0x00007ffffa4d0000 - 0x00007ffffa4ea000 	C:\Program Files\Java\jdk-17.0.5\bin\VCRUNTIME140.dll
0x00007ff818e20000 - 0x00007ff818fbf000 	C:\WINDOWS\System32\USER32.dll
0x00007ff818160000 - 0x00007ff818182000 	C:\WINDOWS\System32\win32u.dll
0x00007ff819e30000 - 0x00007ff819e5b000 	C:\WINDOWS\System32\GDI32.dll
0x00007ff817e50000 - 0x00007ff817f67000 	C:\WINDOWS\System32\gdi32full.dll
0x00007ff818290000 - 0x00007ff81832d000 	C:\WINDOWS\System32\msvcp_win.dll
0x00007ffff8bc0000 - 0x00007ffff8e5a000 	C:\WINDOWS\WinSxS\amd64_microsoft.windows.common-controls_6595b64144ccf1df_6.0.19041.3636_none_60b6a03d71f818d5\COMCTL32.dll
0x00007ff80cd80000 - 0x00007ff80cd8a000 	C:\WINDOWS\SYSTEM32\VERSION.dll
0x00007ff8188e0000 - 0x00007ff818912000 	C:\WINDOWS\System32\IMM32.DLL
0x00007ff80fd60000 - 0x00007ff80fd6c000 	C:\Program Files\Java\jdk-17.0.5\bin\vcruntime140_1.dll
0x00007fffdc800000 - 0x00007fffdc88d000 	C:\Program Files\Java\jdk-17.0.5\bin\msvcp140.dll
0x00007fff8c650000 - 0x00007fff8d212000 	C:\Program Files\Java\jdk-17.0.5\bin\server\jvm.dll
0x00007ff818e10000 - 0x00007ff818e18000 	C:\WINDOWS\System32\PSAPI.DLL
0x00007ff801590000 - 0x00007ff801599000 	C:\WINDOWS\SYSTEM32\WSOCK32.dll
0x00007ff819c40000 - 0x00007ff819cab000 	C:\WINDOWS\System32\WS2_32.dll
0x00007ff801080000 - 0x00007ff8010a7000 	C:\WINDOWS\SYSTEM32\WINMM.dll
0x00007ff8165e0000 - 0x00007ff8165f2000 	C:\WINDOWS\SYSTEM32\kernel.appcore.dll
0x00007ff80dda0000 - 0x00007ff80ddaa000 	C:\Program Files\Java\jdk-17.0.5\bin\jimage.dll
0x00007ff811cc0000 - 0x00007ff811ea4000 	C:\WINDOWS\SYSTEM32\DBGHELP.DLL
0x00007ffffc690000 - 0x00007ffffc6c4000 	C:\WINDOWS\SYSTEM32\dbgcore.DLL
0x00007ff817f70000 - 0x00007ff817ff2000 	C:\WINDOWS\System32\bcryptPrimitives.dll
0x00007fffe98e0000 - 0x00007fffe9905000 	C:\Program Files\Java\jdk-17.0.5\bin\java.dll
0x00007fffda520000 - 0x00007fffda5f6000 	C:\Program Files\Java\jdk-17.0.5\bin\jsvml.dll
0x00007ff819e60000 - 0x00007ff81a5cb000 	C:\WINDOWS\System32\SHELL32.dll
0x00007ff8158a0000 - 0x00007ff81603e000 	C:\WINDOWS\SYSTEM32\windows.storage.dll
0x00007ff818fc0000 - 0x00007ff819313000 	C:\WINDOWS\System32\combase.dll
0x00007ff8176e0000 - 0x00007ff81770e000 	C:\WINDOWS\SYSTEM32\Wldp.dll
0x00007ff818b90000 - 0x00007ff818c5d000 	C:\WINDOWS\System32\OLEAUT32.dll
0x00007ff819320000 - 0x00007ff8193cd000 	C:\WINDOWS\System32\SHCORE.dll
0x00007ff8199f0000 - 0x00007ff819a45000 	C:\WINDOWS\System32\shlwapi.dll
0x00007ff817d30000 - 0x00007ff817d53000 	C:\WINDOWS\SYSTEM32\profapi.dll
0x00007ffff3f90000 - 0x00007ffff3fa9000 	C:\Program Files\Java\jdk-17.0.5\bin\net.dll
0x00007ff806210000 - 0x00007ff80631a000 	C:\WINDOWS\SYSTEM32\WINHTTP.dll
0x00007ff8174c0000 - 0x00007ff81752a000 	C:\WINDOWS\system32\mswsock.dll
0x00007ffff3740000 - 0x00007ffff3756000 	C:\Program Files\Java\jdk-17.0.5\bin\nio.dll
0x00007ffff2090000 - 0x00007ffff20a8000 	C:\Program Files\Java\jdk-17.0.5\bin\zip.dll
0x0000000069ac0000 - 0x0000000069ae4000 	C:\Users\IT CARE\AppData\Local\Temp\jansi-2.4.0-5d51df8d7084a019-jansi.dll
0x00007ff80c850000 - 0x00007ff80c860000 	C:\Program Files\Java\jdk-17.0.5\bin\verify.dll

dbghelp: loaded successfully - version: 4.0.5 - missing functions: none
symbol engine: initialized successfully - sym options: 0x614 - pdb path: .;C:\Program Files\Java\jdk-17.0.5\bin;C:\WINDOWS\SYSTEM32;C:\WINDOWS\WinSxS\amd64_microsoft.windows.common-controls_6595b64144ccf1df_6.0.19041.3636_none_60b6a03d71f818d5;C:\Program Files\Java\jdk-17.0.5\bin\server;C:\Users\IT CARE\AppData\Local\Temp

VM Arguments:
jvm_args: -Dmaven.home=EMBEDDED -Dclassworlds.conf=C:\Users\IT CARE\Documents\myAPP2\.metadata\.plugins\org.eclipse.m2e.launching\launches\m2conf11703805796423652979.tmp -Dmaven.multiModuleProjectDirectory=E:\io5\io4\spring-boot-spring-security-jwt-authentication-master -Dfile.encoding=UTF-8 -XX:+ShowCodeDetailsInExceptionMessages 
java_command: org.codehaus.plexus.classworlds.launcher.Launcher -B -Dstyle.color=always install
java_class_path (initial): D:\Downloads\sts-4.16.1.RELEASE\plugins\org.eclipse.m2e.maven.runtime_3.8.601.20220820-1147\jars\plexus-classworlds-2.6.0.jar
Launcher Type: SUN_STANDARD

[Global flags]
     intx CICompilerCount                          = 3                                         {product} {ergonomic}
     uint ConcGCThreads                            = 1                                         {product} {ergonomic}
     uint G1ConcRefinementThreads                  = 4                                         {product} {ergonomic}
   size_t G1HeapRegionSize                         = 1048576                                   {product} {ergonomic}
    uintx GCDrainStackTargetSize                   = 64                                        {product} {ergonomic}
   size_t InitialHeapSize                          = 134217728                                 {product} {ergonomic}
   size_t MarkStackSize                            = 4194304                                   {product} {ergonomic}
   size_t MaxHeapSize                              = 2118123520                                {product} {ergonomic}
   size_t MaxNewSize                               = 1270874112                                {product} {ergonomic}
   size_t MinHeapDeltaBytes                        = 1048576                                   {product} {ergonomic}
   size_t MinHeapSize                              = 8388608                                   {product} {ergonomic}
    uintx NonNMethodCodeHeapSize                   = 5832780                                {pd product} {ergonomic}
    uintx NonProfiledCodeHeapSize                  = 122912730                              {pd product} {ergonomic}
    uintx ProfiledCodeHeapSize                     = 122912730                              {pd product} {ergonomic}
    uintx ReservedCodeCacheSize                    = 251658240                              {pd product} {ergonomic}
     bool SegmentedCodeCache                       = true                                      {product} {ergonomic}
     bool ShowCodeDetailsInExceptionMessages       = true                                   {manageable} {command line}
   size_t SoftMaxHeapSize                          = 2118123520                             {manageable} {ergonomic}
     bool UseCompressedClassPointers               = true                           {product lp64_product} {ergonomic}
     bool UseCompressedOops                        = true                           {product lp64_product} {ergonomic}
     bool UseG1GC                                  = true                                      {product} {ergonomic}
     bool UseLargePagesIndividualAllocation        = false                                  {pd product} {ergonomic}

Logging:
Log output configuration:
 #0: stdout all=warning uptime,level,tags
 #1: stderr all=off uptime,level,tags

Environment Variables:
JAVA_HOME=C:\Program Files\Java\jdk-17.0.5
CLASSPATH=C:\Program Files\Java\jdk-17.0.5\bin
PATH=D:/Downloads/sts-4.16.1.RELEASE//plugins/org.eclipse.justj.openjdk.hotspot.jre.full.win32.x86_64_17.0.4.v20221004-1257/jre/bin/server;D:/Downloads/sts-4.16.1.RELEASE//plugins/org.eclipse.justj.openjdk.hotspot.jre.full.win32.x86_64_17.0.4.v20221004-1257/jre/bin;C:\Python312\Scripts\;C:\Python312\;E:\InformaticaInstalations\clients\tools\datadirect;E:\InformaticaInstalations\java\jre\bin\server;E:\InformaticaInstalations\tools\odbcdrv;E:\InformaticaInstalations\tools\jdbcdrv;E:\InformaticaInstalations\tools\sharedlibs;E:\InformaticaInstalations\tools\datadirect;E:\\java\jre\bin\server;E:\\tools\odbcdrv;E:\\tools\jdbcdrv;E:\\tools\sharedlibs;E:\\tools\datadirect;C:\WINDOWS\system32;C:\WINDOWS;C:\WINDOWS\System32\Wbem;C:\WINDOWS\System32\WindowsPowerShell\v1.0\;C:\WINDOWS\System32\OpenSSH\;C:\Users\IT CARE\Downloads\apache-maven-3.8.6-bin\apache-maven-3.8.6\bin;C:\Program Files\Git\cmd;C:\Program Files\Notepad++;C:\ProgramData\chocolatey\bin;C:\Program Files\PuTTY\;C:\Program Files\Java\jdk-17.0.5\bin;C:\Program Files\Docker\Docker\resources\bin;C:\minikube;C:\Program Files\nodejs\;C:\Program Files\Terraform\;C:\Program Files\Amazon\AWSCLIV2\;C:\Users\IT CARE\AppData\Local\Microsoft\WindowsApps;C:\Program Files\JetBrains\IntelliJ IDEA Community Edition 2022.2.3\bin;;C:\Users\IT CARE\AppData\Local\Programs\Microsoft VS Code\bin;D:\minikube;C:\Program Files\Java\jdk-17.0.5\bin;D:\IntelliJ IDEA 2023.2.3\bin;;C:\Users\IT CARE\AppData\Roaming\npm;C:\Program Files\Terraform\;;C:\WINDOWS\System32;
USERNAME=IT CARE
OS=Windows_NT
PROCESSOR_IDENTIFIER=Intel64 Family 6 Model 78 Stepping 3, GenuineIntel



---------------  S Y S T E M  ---------------

OS:
 Windows 10 , 64 bit Build 19041 (10.0.19041.3636)
OS uptime: 6 days 5:44 hours
Hyper-V role detected

CPU: total 4 (initial active 4) (2 cores per cpu, 2 threads per core) family 6 model 78 stepping 3 microcode 0xcc, cx8, cmov, fxsr, ht, mmx, 3dnowpref, sse, sse2, sse3, ssse3, sse4.1, sse4.2, popcnt, lzcnt, tsc, tscinvbit, avx, avx2, aes, erms, clmul, bmi1, bmi2, rtm, adx, fma, vzeroupper, clflush, clflushopt, hv

Memory: 4k page, system-wide physical 8072M (288M free)
TotalPageFile size 19847M (AvailPageFile size 62M)
current process WorkingSet (physical memory assigned to process): 214M, peak: 221M
current process commit charge ("private bytes"): 289M, peak: 350M

vm_info: Java HotSpot(TM) 64-Bit Server VM (17.0.5+9-LTS-191) for windows-amd64 JRE (17.0.5+9-LTS-191), built on Sep 13 2022 17:31:43 by "mach5one" with MS VC++ 16.8 / 16.9 (VS2019)

END.
