#
# There is insufficient memory for the Java Runtime Environment to continue.
# Native memory allocation (mmap) failed to map 130023424 bytes for G1 virtual space
# Possible reasons:
#   The system is out of physical RAM or swap space
#   The process is running with CompressedOops enabled, and the Java Heap may be blocking the growth of the native heap
# Possible solutions:
#   Reduce memory load on the system
#   Increase physical memory or swap space
#   Check if swap backing store is full
#   Decrease Java heap size (-Xmx/-Xms)
#   Decrease number of Java threads
#   Decrease Java thread stack sizes (-Xss)
#   Set larger code cache with -XX:ReservedCodeCacheSize=
#   JVM is running with Unscaled Compressed Oops mode in which the Java heap is
#     placed in the first 4GB address space. The Java Heap base address is the
#     maximum limit for the native heap growth. Please use -XX:HeapBaseMinAddress
#     to set the Java Heap base and to place the Java Heap above 4GB virtual address.
# This output file may be truncated or incomplete.
#
#  Out of Memory Error (os_windows.cpp:3541), pid=19300, tid=14048
#
# JRE version: Java(TM) SE Runtime Environment (17.0.5+9) (build 17.0.5+9-LTS-191)
# Java VM: Java HotSpot(TM) 64-Bit Server VM (17.0.5+9-LTS-191, mixed mode, sharing, tiered, compressed oops, compressed class ptrs, g1 gc, windows-amd64)
# No core dump will be written. Minidumps are not enabled by default on client versions of Windows
#

---------------  S U M M A R Y ------------

Command Line: -Dmaven.home=EMBEDDED -Dclassworlds.conf=C:\Users\IT CARE\Documents\myAPP2\.metadata\.plugins\org.eclipse.m2e.launching\launches\m2conf2561367578461599932.tmp -Dmaven.multiModuleProjectDirectory=E:\io5\io4\spring-boot-spring-security-jwt-authentication-master -Dfile.encoding=UTF-8 -XX:+ShowCodeDetailsInExceptionMessages org.codehaus.plexus.classworlds.launcher.Launcher -B -Dstyle.color=always install

Host: Intel(R) Core(TM) i5-6300U CPU @ 2.40GHz, 4 cores, 7G,  Windows 10 , 64 bit Build 19041 (10.0.19041.3636)
Time: Sun Apr 21 19:20:14 2024 India Standard Time elapsed time: 14.510502 seconds (0d 0h 0m 14s)

---------------  T H R E A D  ---------------

Current thread (0x00000162ff9b0e10):  VMThread "VM Thread" [stack: 0x0000001898000000,0x0000001898100000] [id=14048]

Stack: [0x0000001898000000,0x0000001898100000]
Native frames: (J=compiled Java code, j=interpreted, Vv=VM code, C=native code)
V  [jvm.dll+0x672eea]
V  [jvm.dll+0x7d2a04]
V  [jvm.dll+0x7d41ae]
V  [jvm.dll+0x7d4813]
V  [jvm.dll+0x242c15]
V  [jvm.dll+0x66fe09]
V  [jvm.dll+0x664682]
V  [jvm.dll+0x300e8b]
V  [jvm.dll+0x308426]
V  [jvm.dll+0x357ffe]
V  [jvm.dll+0x35822f]
V  [jvm.dll+0x2d80a8]
V  [jvm.dll+0x2d6374]
V  [jvm.dll+0x2d597c]
V  [jvm.dll+0x3193eb]
V  [jvm.dll+0x7d8ceb]
V  [jvm.dll+0x7d9a24]
V  [jvm.dll+0x7d9f3c]
V  [jvm.dll+0x7da314]
V  [jvm.dll+0x7da3e0]
V  [jvm.dll+0x782b4a]
V  [jvm.dll+0x671d75]
C  [ucrtbase.dll+0x21bb2]
C  [KERNEL32.DLL+0x17344]
C  [ntdll.dll+0x526b1]

VM_Operation (0x0000001897afbd70): G1CollectForAllocation, mode: safepoint, requested by thread 0x00000162e2195680


---------------  P R O C E S S  ---------------

Threads class SMR info:
_java_thread_list=0x0000016281dca090, length=13, elements={
0x00000162e2195680, 0x00000162ff9b7830, 0x00000162ff9b8f90, 0x00000162ff9c93b0,
0x00000162ff9c9e70, 0x00000162ff9cc840, 0x00000162ff9cd100, 0x00000162ff9cfd00,
0x00000162ffa265e0, 0x00000162ffa48ac0, 0x00000162ffc01850, 0x00000162ffc0b190,
0x0000016280e27090
}

Java Threads: ( => current thread )
  0x00000162e2195680 JavaThread "main" [_thread_blocked, id=17764, stack(0x0000001897a00000,0x0000001897b00000)]
  0x00000162ff9b7830 JavaThread "Reference Handler" daemon [_thread_blocked, id=6384, stack(0x0000001898100000,0x0000001898200000)]
  0x00000162ff9b8f90 JavaThread "Finalizer" daemon [_thread_blocked, id=12396, stack(0x0000001898200000,0x0000001898300000)]
  0x00000162ff9c93b0 JavaThread "Signal Dispatcher" daemon [_thread_blocked, id=19544, stack(0x0000001898300000,0x0000001898400000)]
  0x00000162ff9c9e70 JavaThread "Attach Listener" daemon [_thread_blocked, id=5612, stack(0x0000001898400000,0x0000001898500000)]
  0x00000162ff9cc840 JavaThread "Service Thread" daemon [_thread_blocked, id=1548, stack(0x0000001898500000,0x0000001898600000)]
  0x00000162ff9cd100 JavaThread "Monitor Deflation Thread" daemon [_thread_blocked, id=2828, stack(0x0000001898600000,0x0000001898700000)]
  0x00000162ff9cfd00 JavaThread "C2 CompilerThread0" daemon [_thread_blocked, id=8276, stack(0x0000001898700000,0x0000001898800000)]
  0x00000162ffa265e0 JavaThread "C1 CompilerThread0" daemon [_thread_blocked, id=17520, stack(0x0000001898800000,0x0000001898900000)]
  0x00000162ffa48ac0 JavaThread "Sweeper thread" daemon [_thread_blocked, id=10096, stack(0x0000001898900000,0x0000001898a00000)]
  0x00000162ffc01850 JavaThread "Notification Thread" daemon [_thread_blocked, id=10312, stack(0x0000001898a00000,0x0000001898b00000)]
  0x00000162ffc0b190 JavaThread "Common-Cleaner" daemon [_thread_blocked, id=9988, stack(0x0000001898c00000,0x0000001898d00000)]
  0x0000016280e27090 JavaThread "C2 CompilerThread1" daemon [_thread_blocked, id=2908, stack(0x0000001898d00000,0x0000001898e00000)]

Other Threads:
=>0x00000162ff9b0e10 VMThread "VM Thread" [stack: 0x0000001898000000,0x0000001898100000] [id=14048]
  0x00000162ffc02d30 WatcherThread [stack: 0x0000001898b00000,0x0000001898c00000] [id=15448]
  0x00000162e21eec60 GCTaskThread "GC Thread#0" [stack: 0x0000001897b00000,0x0000001897c00000] [id=20516]
  0x0000016280df5cd0 GCTaskThread "GC Thread#1" [stack: 0x0000001898e00000,0x0000001898f00000] [id=15344]
  0x0000016280d29fa0 GCTaskThread "GC Thread#2" [stack: 0x0000001898f00000,0x0000001899000000] [id=12884]
  0x0000016280d66c80 GCTaskThread "GC Thread#3" [stack: 0x0000001899000000,0x0000001899100000] [id=21220]
  0x00000162e2200740 ConcurrentGCThread "G1 Main Marker" [stack: 0x0000001897c00000,0x0000001897d00000] [id=15036]
  0x00000162e2202950 ConcurrentGCThread "G1 Conc#0" [stack: 0x0000001897d00000,0x0000001897e00000] [id=10364]
  0x00000162e2267e40 ConcurrentGCThread "G1 Refine#0" [stack: 0x0000001897e00000,0x0000001897f00000] [id=16368]
  0x0000016280abb040 ConcurrentGCThread "G1 Refine#1" [stack: 0x0000001899100000,0x0000001899200000] [id=12156]
  0x0000016282f2adc0 ConcurrentGCThread "G1 Refine#2" [stack: 0x0000001899200000,0x0000001899300000] [id=10676]
  0x00000162e2268770 ConcurrentGCThread "G1 Service" [stack: 0x0000001897f00000,0x0000001898000000] [id=8984]

Threads with active compile tasks:

VM state: at safepoint (normal execution)

VM Mutex/Monitor currently owned by a thread:  ([mutex/lock_event])
[0x00000162e218fee0] Threads_lock - owner thread: 0x00000162ff9b0e10
[0x00000162e2190900] Heap_lock - owner thread: 0x00000162e2195680

Heap address: 0x0000000081c00000, size: 2020 MB, Compressed Oops mode: 32-bit

CDS archive(s) mapped at: [0x0000000800000000-0x0000000800bd0000-0x0000000800bd0000), size 12386304, SharedBaseAddress: 0x0000000800000000, ArchiveRelocationMode: 0.
Compressed class space mapped at: 0x0000000800c00000-0x0000000840c00000, reserved size: 1073741824
Narrow klass base: 0x0000000800000000, Narrow klass shift: 0, Narrow klass range: 0x100000000

GC Precious Log:
 CPUs: 4 total, 4 available
 Memory: 8072M
 Large Page Support: Disabled
 NUMA Support: Disabled
 Compressed Oops: Enabled (32-bit)
 Heap Region Size: 1M
 Heap Min Capacity: 8M
 Heap Initial Capacity: 128M
 Heap Max Capacity: 2020M
 Pre-touch: Disabled
 Parallel Workers: 4
 Concurrent Workers: 1
 Concurrent Refinement Workers: 4
 Periodic GC: Disabled

Heap:
 garbage-first heap   total 137216K, used 53209K [0x0000000081c00000, 0x0000000100000000)
  region size 1024K, 1 young (1024K), 1 survivors (1024K)
 Metaspace       used 25890K, committed 26240K, reserved 1073152K
  class space    used 2900K, committed 3072K, reserved 1048576K

Heap Regions: E=young(eden), S=young(survivor), O=old, HS=humongous(starts), HC=humongous(continues), CS=collection set, F=free, OA=open archive, CA=closed archive, TAMS=top-at-mark-start (previous, next)
|   0|0x0000000081c00000, 0x0000000081d00000, 0x0000000081d00000|100%| O|  |TAMS 0x0000000081d00000, 0x0000000081c00000| Untracked 
|   1|0x0000000081d00000, 0x0000000081e00000, 0x0000000081e00000|100%| O|  |TAMS 0x0000000081e00000, 0x0000000081d00000| Untracked 
|   2|0x0000000081e00000, 0x0000000081f00000, 0x0000000081f00000|100%| O|  |TAMS 0x0000000081f00000, 0x0000000081e00000| Untracked 
|   3|0x0000000081f00000, 0x0000000082000000, 0x0000000082000000|100%| O|  |TAMS 0x0000000082000000, 0x0000000081f00000| Untracked 
|   4|0x0000000082000000, 0x00000000820f6400, 0x0000000082100000| 96%| O|  |TAMS 0x0000000082000000, 0x0000000082000000| Untracked 
|   5|0x0000000082100000, 0x0000000082200000, 0x0000000082200000|100%|HS|  |TAMS 0x0000000082200000, 0x0000000082100000| Complete 
|   6|0x0000000082200000, 0x0000000082300000, 0x0000000082300000|100%|HC|  |TAMS 0x0000000082300000, 0x0000000082200000| Complete 
|   7|0x0000000082300000, 0x0000000082400000, 0x0000000082400000|100%|HS|  |TAMS 0x0000000082300000, 0x0000000082300000| Complete 
|   8|0x0000000082400000, 0x0000000082400000, 0x0000000082500000|  0%| F|  |TAMS 0x0000000082400000, 0x0000000082400000| Untracked 
|   9|0x0000000082500000, 0x0000000082600000, 0x0000000082600000|100%| O|  |TAMS 0x0000000082600000, 0x0000000082500000| Untracked 
|  10|0x0000000082600000, 0x0000000082700000, 0x0000000082700000|100%| O|  |TAMS 0x0000000082700000, 0x0000000082600000| Untracked 
|  11|0x0000000082700000, 0x0000000082700000, 0x0000000082800000|  0%| F|  |TAMS 0x0000000082700000, 0x0000000082700000| Untracked 
|  12|0x0000000082800000, 0x0000000082800000, 0x0000000082900000|  0%| F|  |TAMS 0x0000000082800000, 0x0000000082800000| Untracked 
|  13|0x0000000082900000, 0x0000000082a00000, 0x0000000082a00000|100%| O|  |TAMS 0x0000000082a00000, 0x0000000082900000| Untracked 
|  14|0x0000000082a00000, 0x0000000082b00000, 0x0000000082b00000|100%| O|  |TAMS 0x0000000082b00000, 0x0000000082a00000| Untracked 
|  15|0x0000000082b00000, 0x0000000082c00000, 0x0000000082c00000|100%| O|  |TAMS 0x0000000082c00000, 0x0000000082b00000| Untracked 
|  16|0x0000000082c00000, 0x0000000082d00000, 0x0000000082d00000|100%| O|  |TAMS 0x0000000082d00000, 0x0000000082c00000| Untracked 
|  17|0x0000000082d00000, 0x0000000082d00000, 0x0000000082e00000|  0%| F|  |TAMS 0x0000000082d00000, 0x0000000082d00000| Untracked 
|  18|0x0000000082e00000, 0x0000000082e00000, 0x0000000082f00000|  0%| F|  |TAMS 0x0000000082e00000, 0x0000000082e00000| Untracked 
|  19|0x0000000082f00000, 0x0000000083000000, 0x0000000083000000|100%|HS|  |TAMS 0x0000000082f00000, 0x0000000082f00000| Complete 
|  20|0x0000000083000000, 0x0000000083000000, 0x0000000083100000|  0%| F|  |TAMS 0x0000000083000000, 0x0000000083000000| Untracked 
|  21|0x0000000083100000, 0x0000000083200000, 0x0000000083200000|100%|HS|  |TAMS 0x0000000083200000, 0x0000000083100000| Complete 
|  22|0x0000000083200000, 0x0000000083300000, 0x0000000083300000|100%|HC|  |TAMS 0x0000000083300000, 0x0000000083200000| Complete 
|  23|0x0000000083300000, 0x0000000083400000, 0x0000000083400000|100%| O|  |TAMS 0x0000000083300000, 0x0000000083300000| Untracked 
|  24|0x0000000083400000, 0x0000000083500000, 0x0000000083500000|100%| O|  |TAMS 0x0000000083400000, 0x0000000083400000| Untracked 
|  25|0x0000000083500000, 0x0000000083500000, 0x0000000083600000|  0%| F|  |TAMS 0x0000000083500000, 0x0000000083500000| Untracked 
|  26|0x0000000083600000, 0x0000000083700000, 0x0000000083700000|100%| O|  |TAMS 0x0000000083700000, 0x0000000083600000| Untracked 
|  27|0x0000000083700000, 0x0000000083800000, 0x0000000083800000|100%| O|  |TAMS 0x0000000083800000, 0x0000000083700000| Untracked 
|  28|0x0000000083800000, 0x0000000083800000, 0x0000000083900000|  0%| F|  |TAMS 0x0000000083800000, 0x0000000083800000| Untracked 
|  29|0x0000000083900000, 0x0000000083a00000, 0x0000000083a00000|100%| O|  |TAMS 0x0000000083900000, 0x0000000083900000| Untracked 
|  30|0x0000000083a00000, 0x0000000083b00000, 0x0000000083b00000|100%| O|  |TAMS 0x0000000083a00000, 0x0000000083a00000| Untracked 
|  31|0x0000000083b00000, 0x0000000083c00000, 0x0000000083c00000|100%|HS|  |TAMS 0x0000000083b00000, 0x0000000083b00000| Complete 
|  32|0x0000000083c00000, 0x0000000083d00000, 0x0000000083d00000|100%|HC|  |TAMS 0x0000000083c00000, 0x0000000083c00000| Complete 
|  33|0x0000000083d00000, 0x0000000083e00000, 0x0000000083e00000|100%| O|  |TAMS 0x0000000083d00000, 0x0000000083d00000| Untracked 
|  34|0x0000000083e00000, 0x0000000083f00000, 0x0000000083f00000|100%| O|  |TAMS 0x0000000083e00000, 0x0000000083e00000| Untracked 
|  35|0x0000000083f00000, 0x0000000084000000, 0x0000000084000000|100%| O|  |TAMS 0x0000000084000000, 0x0000000083f00000| Untracked 
|  36|0x0000000084000000, 0x0000000084100000, 0x0000000084100000|100%| O|  |TAMS 0x0000000084100000, 0x0000000084000000| Untracked 
|  37|0x0000000084100000, 0x0000000084200000, 0x0000000084200000|100%| O|  |TAMS 0x0000000084200000, 0x0000000084100000| Untracked 
|  38|0x0000000084200000, 0x0000000084300000, 0x0000000084300000|100%| O|  |TAMS 0x0000000084300000, 0x0000000084200000| Untracked 
|  39|0x0000000084300000, 0x0000000084400000, 0x0000000084400000|100%| O|  |TAMS 0x0000000084400000, 0x0000000084300000| Untracked 
|  40|0x0000000084400000, 0x0000000084500000, 0x0000000084500000|100%| O|  |TAMS 0x0000000084500000, 0x0000000084400000| Untracked 
|  41|0x0000000084500000, 0x0000000084600000, 0x0000000084600000|100%| O|  |TAMS 0x0000000084500000, 0x0000000084500000| Untracked 
|  42|0x0000000084600000, 0x0000000084700000, 0x0000000084700000|100%| O|  |TAMS 0x0000000084600000, 0x0000000084600000| Untracked 
|  43|0x0000000084700000, 0x0000000084800000, 0x0000000084800000|100%| O|  |TAMS 0x0000000084700000, 0x0000000084700000| Untracked 
|  44|0x0000000084800000, 0x0000000084900000, 0x0000000084900000|100%| O|  |TAMS 0x0000000084800000, 0x0000000084800000| Untracked 
|  45|0x0000000084900000, 0x0000000084a00000, 0x0000000084a00000|100%| O|  |TAMS 0x0000000084900000, 0x0000000084900000| Untracked 
|  46|0x0000000084a00000, 0x0000000084b00000, 0x0000000084b00000|100%| O|  |TAMS 0x0000000084a00000, 0x0000000084a00000| Untracked 
|  47|0x0000000084b00000, 0x0000000084c00000, 0x0000000084c00000|100%| O|  |TAMS 0x0000000084b00000, 0x0000000084b00000| Untracked 
|  48|0x0000000084c00000, 0x0000000084d00000, 0x0000000084d00000|100%| O|  |TAMS 0x0000000084c00000, 0x0000000084c00000| Untracked 
|  49|0x0000000084d00000, 0x0000000084e00000, 0x0000000084e00000|100%| O|  |TAMS 0x0000000084d00000, 0x0000000084d00000| Untracked 
|  50|0x0000000084e00000, 0x0000000084f00000, 0x0000000084f00000|100%| O|  |TAMS 0x0000000084e00000, 0x0000000084e00000| Untracked 
|  51|0x0000000084f00000, 0x0000000085000000, 0x0000000085000000|100%| O|  |TAMS 0x0000000084f00000, 0x0000000084f00000| Untracked 
|  52|0x0000000085000000, 0x0000000085100000, 0x0000000085100000|100%| O|  |TAMS 0x0000000085000000, 0x0000000085000000| Untracked 
|  53|0x0000000085100000, 0x0000000085100000, 0x0000000085200000|  0%| F|  |TAMS 0x0000000085100000, 0x0000000085100000| Untracked 
|  54|0x0000000085200000, 0x0000000085200000, 0x0000000085300000|  0%| F|  |TAMS 0x0000000085200000, 0x0000000085200000| Untracked 
|  55|0x0000000085300000, 0x0000000085300000, 0x0000000085400000|  0%| F|  |TAMS 0x0000000085300000, 0x0000000085300000| Untracked 
|  56|0x0000000085400000, 0x0000000085500000, 0x0000000085500000|100%| O|  |TAMS 0x0000000085400000, 0x0000000085400000| Untracked 
|  57|0x0000000085500000, 0x0000000085600000, 0x0000000085600000|100%| O|  |TAMS 0x0000000085500000, 0x0000000085500000| Untracked 
|  58|0x0000000085600000, 0x0000000085700000, 0x0000000085700000|100%| O|  |TAMS 0x0000000085600000, 0x0000000085600000| Untracked 
|  59|0x0000000085700000, 0x0000000085700000, 0x0000000085800000|  0%| F|  |TAMS 0x0000000085700000, 0x0000000085700000| Untracked 
|  60|0x0000000085800000, 0x0000000085800000, 0x0000000085900000|  0%| F|  |TAMS 0x0000000085800000, 0x0000000085800000| Untracked 
|  61|0x0000000085900000, 0x0000000085900000, 0x0000000085a00000|  0%| F|  |TAMS 0x0000000085900000, 0x0000000085900000| Untracked 
|  62|0x0000000085a00000, 0x0000000085a00000, 0x0000000085b00000|  0%| F|  |TAMS 0x0000000085a00000, 0x0000000085a00000| Untracked 
|  63|0x0000000085b00000, 0x0000000085b00000, 0x0000000085c00000|  0%| F|  |TAMS 0x0000000085b00000, 0x0000000085b00000| Untracked 
|  64|0x0000000085c00000, 0x0000000085c00000, 0x0000000085d00000|  0%| F|  |TAMS 0x0000000085c00000, 0x0000000085c00000| Untracked 
|  65|0x0000000085d00000, 0x0000000085d00000, 0x0000000085e00000|  0%| F|  |TAMS 0x0000000085d00000, 0x0000000085d00000| Untracked 
|  66|0x0000000085e00000, 0x0000000085e00000, 0x0000000085f00000|  0%| F|  |TAMS 0x0000000085e00000, 0x0000000085e00000| Untracked 
|  67|0x0000000085f00000, 0x0000000085f00000, 0x0000000086000000|  0%| F|  |TAMS 0x0000000085f00000, 0x0000000085f00000| Untracked 
|  68|0x0000000086000000, 0x0000000086000000, 0x0000000086100000|  0%| F|  |TAMS 0x0000000086000000, 0x0000000086000000| Untracked 
|  69|0x0000000086100000, 0x0000000086100000, 0x0000000086200000|  0%| F|  |TAMS 0x0000000086100000, 0x0000000086100000| Untracked 
|  70|0x0000000086200000, 0x0000000086200000, 0x0000000086300000|  0%| F|  |TAMS 0x0000000086200000, 0x0000000086200000| Untracked 
|  71|0x0000000086300000, 0x0000000086300000, 0x0000000086400000|  0%| F|  |TAMS 0x0000000086300000, 0x0000000086300000| Untracked 
|  72|0x0000000086400000, 0x0000000086400000, 0x0000000086500000|  0%| F|  |TAMS 0x0000000086400000, 0x0000000086400000| Untracked 
|  73|0x0000000086500000, 0x0000000086500000, 0x0000000086600000|  0%| F|  |TAMS 0x0000000086500000, 0x0000000086500000| Untracked 
|  74|0x0000000086600000, 0x0000000086600000, 0x0000000086700000|  0%| F|  |TAMS 0x0000000086600000, 0x0000000086600000| Untracked 
|  75|0x0000000086700000, 0x0000000086700000, 0x0000000086800000|  0%| F|  |TAMS 0x0000000086700000, 0x0000000086700000| Untracked 
|  76|0x0000000086800000, 0x0000000086800000, 0x0000000086900000|  0%| F|  |TAMS 0x0000000086800000, 0x0000000086800000| Untracked 
|  77|0x0000000086900000, 0x0000000086900000, 0x0000000086a00000|  0%| F|  |TAMS 0x0000000086900000, 0x0000000086900000| Untracked 
|  78|0x0000000086a00000, 0x0000000086a00000, 0x0000000086b00000|  0%| F|  |TAMS 0x0000000086a00000, 0x0000000086a00000| Untracked 
|  79|0x0000000086b00000, 0x0000000086b00000, 0x0000000086c00000|  0%| F|  |TAMS 0x0000000086b00000, 0x0000000086b00000| Untracked 
|  80|0x0000000086c00000, 0x0000000086c00000, 0x0000000086d00000|  0%| F|  |TAMS 0x0000000086c00000, 0x0000000086c00000| Untracked 
|  81|0x0000000086d00000, 0x0000000086d00000, 0x0000000086e00000|  0%| F|  |TAMS 0x0000000086d00000, 0x0000000086d00000| Untracked 
|  82|0x0000000086e00000, 0x0000000086e00000, 0x0000000086f00000|  0%| F|  |TAMS 0x0000000086e00000, 0x0000000086e00000| Untracked 
|  83|0x0000000086f00000, 0x0000000086f00000, 0x0000000087000000|  0%| F|  |TAMS 0x0000000086f00000, 0x0000000086f00000| Untracked 
|  84|0x0000000087000000, 0x0000000087000000, 0x0000000087100000|  0%| F|  |TAMS 0x0000000087000000, 0x0000000087000000| Untracked 
|  85|0x0000000087100000, 0x0000000087100000, 0x0000000087200000|  0%| F|  |TAMS 0x0000000087100000, 0x0000000087100000| Untracked 
|  86|0x0000000087200000, 0x0000000087200000, 0x0000000087300000|  0%| F|  |TAMS 0x0000000087200000, 0x0000000087200000| Untracked 
|  87|0x0000000087300000, 0x0000000087300000, 0x0000000087400000|  0%| F|  |TAMS 0x0000000087300000, 0x0000000087300000| Untracked 
|  88|0x0000000087400000, 0x0000000087400000, 0x0000000087500000|  0%| F|  |TAMS 0x0000000087400000, 0x0000000087400000| Untracked 
|  89|0x0000000087500000, 0x0000000087500000, 0x0000000087600000|  0%| F|  |TAMS 0x0000000087500000, 0x0000000087500000| Untracked 
|  90|0x0000000087600000, 0x0000000087600000, 0x0000000087700000|  0%| F|  |TAMS 0x0000000087600000, 0x0000000087600000| Untracked 
|  91|0x0000000087700000, 0x0000000087700000, 0x0000000087800000|  0%| F|  |TAMS 0x0000000087700000, 0x0000000087700000| Untracked 
|  92|0x0000000087800000, 0x0000000087800000, 0x0000000087900000|  0%| F|  |TAMS 0x0000000087800000, 0x0000000087800000| Untracked 
|  93|0x0000000087900000, 0x0000000087900000, 0x0000000087a00000|  0%| F|  |TAMS 0x0000000087900000, 0x0000000087900000| Untracked 
|  94|0x0000000087a00000, 0x0000000087a00000, 0x0000000087b00000|  0%| F|  |TAMS 0x0000000087a00000, 0x0000000087a00000| Untracked 
|  95|0x0000000087b00000, 0x0000000087b00000, 0x0000000087c00000|  0%| F|  |TAMS 0x0000000087b00000, 0x0000000087b00000| Untracked 
|  96|0x0000000087c00000, 0x0000000087c00000, 0x0000000087d00000|  0%| F|  |TAMS 0x0000000087c00000, 0x0000000087c00000| Untracked 
|  97|0x0000000087d00000, 0x0000000087d00000, 0x0000000087e00000|  0%| F|  |TAMS 0x0000000087d00000, 0x0000000087d00000| Untracked 
|  98|0x0000000087e00000, 0x0000000087e00000, 0x0000000087f00000|  0%| F|  |TAMS 0x0000000087e00000, 0x0000000087e00000| Untracked 
|  99|0x0000000087f00000, 0x0000000087f00000, 0x0000000088000000|  0%| F|  |TAMS 0x0000000087f00000, 0x0000000087f00000| Untracked 
| 100|0x0000000088000000, 0x0000000088000000, 0x0000000088100000|  0%| F|  |TAMS 0x0000000088000000, 0x0000000088000000| Untracked 
| 101|0x0000000088100000, 0x0000000088100000, 0x0000000088200000|  0%| F|  |TAMS 0x0000000088100000, 0x0000000088100000| Untracked 
| 102|0x0000000088200000, 0x0000000088200000, 0x0000000088300000|  0%| F|  |TAMS 0x0000000088200000, 0x0000000088200000| Untracked 
| 103|0x0000000088300000, 0x0000000088300000, 0x0000000088400000|  0%| F|  |TAMS 0x0000000088300000, 0x0000000088300000| Untracked 
| 104|0x0000000088400000, 0x0000000088400000, 0x0000000088500000|  0%| F|  |TAMS 0x0000000088400000, 0x0000000088400000| Untracked 
| 105|0x0000000088500000, 0x0000000088500000, 0x0000000088600000|  0%| F|  |TAMS 0x0000000088500000, 0x0000000088500000| Untracked 
| 106|0x0000000088600000, 0x0000000088600000, 0x0000000088700000|  0%| F|  |TAMS 0x0000000088600000, 0x0000000088600000| Untracked 
| 107|0x0000000088700000, 0x0000000088700000, 0x0000000088800000|  0%| F|  |TAMS 0x0000000088700000, 0x0000000088700000| Untracked 
| 108|0x0000000088800000, 0x0000000088800000, 0x0000000088900000|  0%| F|  |TAMS 0x0000000088800000, 0x0000000088800000| Untracked 
| 109|0x0000000088900000, 0x0000000088900000, 0x0000000088a00000|  0%| F|  |TAMS 0x0000000088900000, 0x0000000088900000| Untracked 
| 110|0x0000000088a00000, 0x0000000088a00000, 0x0000000088b00000|  0%| F|  |TAMS 0x0000000088a00000, 0x0000000088a00000| Untracked 
| 111|0x0000000088b00000, 0x0000000088b00000, 0x0000000088c00000|  0%| F|  |TAMS 0x0000000088b00000, 0x0000000088b00000| Untracked 
| 112|0x0000000088c00000, 0x0000000088c00000, 0x0000000088d00000|  0%| F|  |TAMS 0x0000000088c00000, 0x0000000088c00000| Untracked 
| 113|0x0000000088d00000, 0x0000000088e00000, 0x0000000088e00000|100%| S|CS|TAMS 0x0000000088d00000, 0x0000000088d00000| Complete 
| 114|0x0000000088e00000, 0x0000000088e00000, 0x0000000088f00000|  0%| F|  |TAMS 0x0000000088e00000, 0x0000000088e00000| Untracked 
| 115|0x0000000088f00000, 0x0000000088f00000, 0x0000000089000000|  0%| F|  |TAMS 0x0000000088f00000, 0x0000000088f00000| Untracked 
| 116|0x0000000089000000, 0x0000000089000000, 0x0000000089100000|  0%| F|  |TAMS 0x0000000089000000, 0x0000000089000000| Untracked 
| 117|0x0000000089100000, 0x0000000089100000, 0x0000000089200000|  0%| F|  |TAMS 0x0000000089100000, 0x0000000089100000| Untracked 
| 118|0x0000000089200000, 0x0000000089200000, 0x0000000089300000|  0%| F|  |TAMS 0x0000000089200000, 0x0000000089200000| Untracked 
| 119|0x0000000089300000, 0x0000000089300000, 0x0000000089400000|  0%| F|  |TAMS 0x0000000089300000, 0x0000000089300000| Untracked 
| 120|0x0000000089400000, 0x0000000089400000, 0x0000000089500000|  0%| F|  |TAMS 0x0000000089400000, 0x0000000089400000| Untracked 
| 121|0x0000000089500000, 0x0000000089500000, 0x0000000089600000|  0%| F|  |TAMS 0x0000000089500000, 0x0000000089500000| Untracked 
| 122|0x0000000089600000, 0x0000000089600000, 0x0000000089700000|  0%| F|  |TAMS 0x0000000089600000, 0x0000000089600000| Untracked 
| 123|0x0000000089700000, 0x0000000089700000, 0x0000000089800000|  0%| F|  |TAMS 0x0000000089700000, 0x0000000089700000| Untracked 
| 124|0x0000000089800000, 0x0000000089800000, 0x0000000089900000|  0%| F|  |TAMS 0x0000000089800000, 0x0000000089800000| Untracked 
| 125|0x0000000089900000, 0x0000000089900000, 0x0000000089a00000|  0%| F|  |TAMS 0x0000000089900000, 0x0000000089900000| Untracked 
| 126|0x0000000089a00000, 0x0000000089a00000, 0x0000000089b00000|  0%| F|  |TAMS 0x0000000089a00000, 0x0000000089a00000| Untracked 
| 127|0x0000000089b00000, 0x0000000089b00000, 0x0000000089c00000|  0%| F|  |TAMS 0x0000000089b00000, 0x0000000089b00000| Untracked 
|2014|0x00000000ffa00000, 0x00000000ffa00000, 0x00000000ffb00000|  0%| F|  |TAMS 0x00000000ffa00000, 0x00000000ffa00000| Untracked 
|2015|0x00000000ffb00000, 0x00000000ffb00000, 0x00000000ffc00000|  0%| F|  |TAMS 0x00000000ffb00000, 0x00000000ffb00000| Untracked 
|2016|0x00000000ffc00000, 0x00000000ffc00000, 0x00000000ffd00000|  0%| F|  |TAMS 0x00000000ffc00000, 0x00000000ffc00000| Untracked 
|2017|0x00000000ffd00000, 0x00000000ffe00000, 0x00000000ffe00000|100%| O|  |TAMS 0x00000000ffe00000, 0x00000000ffd00000| Untracked 
|2018|0x00000000ffe00000, 0x00000000fff00000, 0x00000000fff00000|100%| O|  |TAMS 0x00000000fff00000, 0x00000000ffe00000| Untracked 
|2019|0x00000000fff00000, 0x0000000100000000, 0x0000000100000000|100%| O|  |TAMS 0x0000000100000000, 0x00000000fff00000| Untracked 

Card table byte_map: [0x00000162f8e10000,0x00000162f9210000] _byte_map_base: 0x00000162f8a02000

Marking Bits (Prev, Next): (CMBitMap*) 0x00000162e21f01d0, (CMBitMap*) 0x00000162e21f0190
 Prev Bits: [0x00000162fb5a0000, 0x00000162fd530000)
 Next Bits: [0x00000162f9610000, 0x00000162fb5a0000)

Polling page: 0x00000162e0100000

Metaspace:

Usage:
  Non-class:     22.45 MB used.
      Class:      2.83 MB used.
       Both:     25.28 MB used.

Virtual space:
  Non-class space:       24.00 MB reserved,      22.62 MB ( 94%) committed,  3 nodes.
      Class space:        1.00 GB reserved,       3.00 MB ( <1%) committed,  1 nodes.
             Both:        1.02 GB reserved,      25.62 MB (  2%) committed. 

Chunk freelists:
   Non-Class:  816.00 KB
       Class:  1007.00 KB
        Both:  1.78 MB

MaxMetaspaceSize: unlimited
CompressedClassSpaceSize: 1.00 GB
Initial GC threshold: 21.00 MB
Current GC threshold: 42.50 MB
CDS: on
MetaspaceReclaimPolicy: balanced
 - commit_granule_bytes: 65536.
 - commit_granule_words: 8192.
 - virtual_space_node_default_size: 1048576.
 - enlarge_chunks_in_place: 1.
 - new_chunks_are_fully_committed: 0.
 - uncommit_free_chunks: 1.
 - use_allocation_guard: 0.
 - handle_deallocations: 1.


Internal statistics:

num_allocs_failed_limit: 6.
num_arena_births: 190.
num_arena_deaths: 0.
num_vsnodes_births: 4.
num_vsnodes_deaths: 0.
num_space_committed: 410.
num_space_uncommitted: 0.
num_chunks_returned_to_freelist: 6.
num_chunks_taken_from_freelist: 1095.
num_chunk_merges: 6.
num_chunk_splits: 794.
num_chunks_enlarged: 630.
num_purges: 0.
num_inconsistent_stats: 0.

CodeHeap 'non-profiled nmethods': size=120000Kb used=2998Kb max_used=3238Kb free=117001Kb
 bounds [0x00000162f14e0000, 0x00000162f1830000, 0x00000162f8a10000]
CodeHeap 'profiled nmethods': size=120000Kb used=11431Kb max_used=13537Kb free=108568Kb
 bounds [0x00000162e9fb0000, 0x00000162eacf0000, 0x00000162f14e0000]
CodeHeap 'non-nmethods': size=5760Kb used=1201Kb max_used=1288Kb free=4558Kb
 bounds [0x00000162e9a10000, 0x00000162e9c80000, 0x00000162e9fb0000]
 total_blobs=5936 nmethods=5435 adapters=413
 compilation: enabled
              stopped_count=0, restarted_count=0
 full_count=0

Compilation events (20 events):
Event: 14.310 Thread 0x00000162ffa265e0 6359       3       java.util.Collections$SingletonMap::containsKey (9 bytes)
Event: 14.311 Thread 0x00000162ffa265e0 nmethod 6359 0x00000162ea1f1290 code [0x00000162ea1f1440, 0x00000162ea1f1728]
Event: 14.323 Thread 0x00000162ffa265e0 6360       3       jdk.nio.zipfs.ZipCoder$UTF8::getBytes (40 bytes)
Event: 14.325 Thread 0x00000162ffa265e0 nmethod 6360 0x00000162ea9f8c10 code [0x00000162ea9f8e60, 0x00000162ea9f97d8]
Event: 14.348 Thread 0x00000162ffa265e0 6361  s    3       com.sun.tools.javac.file.FSInfo::getJarFSProvider (64 bytes)
Event: 14.349 Thread 0x00000162ffa265e0 nmethod 6361 0x00000162ea8c8710 code [0x00000162ea8c8940, 0x00000162ea8c91d8]
Event: 14.390 Thread 0x00000162ff9cfd00 nmethod 6270 0x00000162f1810790 code [0x00000162f1810ca0, 0x00000162f18175d8]
Event: 14.392 Thread 0x00000162ff9cfd00 6348       4       java.util.jar.Manifest$FastInputStream::readLine (9 bytes)
Event: 14.415 Thread 0x00000162ff9cfd00 nmethod 6348 0x00000162f17e1310 code [0x00000162f17e14c0, 0x00000162f17e1c98]
Event: 14.415 Thread 0x00000162ff9cfd00 6349       4       jdk.nio.zipfs.ZipFileSystem::getInode (36 bytes)
Event: 14.416 Thread 0x00000162ffa265e0 6363       3       jdk.internal.misc.Unsafe::weakCompareAndSetInt (11 bytes)
Event: 14.416 Thread 0x00000162ffa265e0 nmethod 6363 0x00000162ea14a710 code [0x00000162ea14a8a0, 0x00000162ea14a9d8]
Event: 14.439 Thread 0x00000162ff9cfd00 nmethod 6349 0x00000162f1767290 code [0x00000162f1767480, 0x00000162f1767d70]
Event: 14.439 Thread 0x00000162ff9cfd00 6357       4       java.util.concurrent.locks.AbstractQueuedSynchronizer::acquireShared (20 bytes)
Event: 14.443 Thread 0x00000162ff9cfd00 nmethod 6357 0x00000162f15b2190 code [0x00000162f15b2320, 0x00000162f15b25b8]
Event: 14.443 Thread 0x00000162ff9cfd00 6362       4       jdk.nio.zipfs.ZipPath::equals (38 bytes)
Event: 14.448 Thread 0x00000162ff9cfd00 nmethod 6362 0x00000162f173b910 code [0x00000162f173baa0, 0x00000162f173bc98]
Event: 14.448 Thread 0x00000162ff9cfd00 6364       4       java.nio.ByteBuffer::limit (8 bytes)
Event: 14.450 Thread 0x0000016280e27090 nmethod 6347 0x00000162f181a690 code [0x00000162f181aa00, 0x00000162f181ec38]
Event: 14.451 Thread 0x00000162ff9cfd00 nmethod 6364 0x00000162f1708010 code [0x00000162f1708180, 0x00000162f1708278]

GC Heap History (20 events):
Event: 2.804 GC heap after
{Heap after GC invocations=2 (full 0):
 garbage-first heap   total 131072K, used 3531K [0x0000000081c00000, 0x0000000100000000)
  region size 1024K, 1 young (1024K), 1 survivors (1024K)
 Metaspace       used 4952K, committed 5056K, reserved 1056768K
  class space    used 580K, committed 640K, reserved 1048576K
}
Event: 6.240 GC heap before
{Heap before GC invocations=2 (full 0):
 garbage-first heap   total 131072K, used 80331K [0x0000000081c00000, 0x0000000100000000)
  region size 1024K, 76 young (77824K), 1 survivors (1024K)
 Metaspace       used 12868K, committed 13056K, reserved 1064960K
  class space    used 1478K, committed 1536K, reserved 1048576K
}
Event: 6.257 GC heap after
{Heap after GC invocations=3 (full 0):
 garbage-first heap   total 131072K, used 10628K [0x0000000081c00000, 0x0000000100000000)
  region size 1024K, 8 young (8192K), 8 survivors (8192K)
 Metaspace       used 12868K, committed 13056K, reserved 1064960K
  class space    used 1478K, committed 1536K, reserved 1048576K
}
Event: 9.065 GC heap before
{Heap before GC invocations=3 (full 0):
 garbage-first heap   total 131072K, used 112004K [0x0000000081c00000, 0x0000000100000000)
  region size 1024K, 76 young (77824K), 8 survivors (8192K)
 Metaspace       used 16774K, committed 16960K, reserved 1064960K
  class space    used 1860K, committed 1920K, reserved 1048576K
}
Event: 9.084 GC heap after
{Heap after GC invocations=4 (full 0):
 garbage-first heap   total 131072K, used 14884K [0x0000000081c00000, 0x0000000100000000)
  region size 1024K, 5 young (5120K), 5 survivors (5120K)
 Metaspace       used 16774K, committed 16960K, reserved 1064960K
  class space    used 1860K, committed 1920K, reserved 1048576K
}
Event: 9.898 GC heap before
{Heap before GC invocations=4 (full 0):
 garbage-first heap   total 131072K, used 30244K [0x0000000081c00000, 0x0000000100000000)
  region size 1024K, 17 young (17408K), 5 survivors (5120K)
 Metaspace       used 21299K, committed 21504K, reserved 1073152K
  class space    used 2436K, committed 2560K, reserved 1048576K
}
Event: 9.909 GC heap after
{Heap after GC invocations=5 (full 0):
 garbage-first heap   total 131072K, used 22949K [0x0000000081c00000, 0x0000000100000000)
  region size 1024K, 9 young (9216K), 9 survivors (9216K)
 Metaspace       used 21299K, committed 21504K, reserved 1073152K
  class space    used 2436K, committed 2560K, reserved 1048576K
}
Event: 11.287 GC heap before
{Heap before GC invocations=6 (full 0):
 garbage-first heap   total 81920K, used 63909K [0x0000000081c00000, 0x0000000100000000)
  region size 1024K, 48 young (49152K), 9 survivors (9216K)
 Metaspace       used 23351K, committed 23616K, reserved 1073152K
  class space    used 2640K, committed 2752K, reserved 1048576K
}
Event: 11.319 GC heap after
{Heap after GC invocations=7 (full 0):
 garbage-first heap   total 88064K, used 35624K [0x0000000081c00000, 0x0000000100000000)
  region size 1024K, 6 young (6144K), 6 survivors (6144K)
 Metaspace       used 23351K, committed 23616K, reserved 1073152K
  class space    used 2640K, committed 2752K, reserved 1048576K
}
Event: 11.328 GC heap before
{Heap before GC invocations=7 (full 0):
 garbage-first heap   total 88064K, used 36648K [0x0000000081c00000, 0x0000000100000000)
  region size 1024K, 7 young (7168K), 6 survivors (6144K)
 Metaspace       used 23352K, committed 23616K, reserved 1073152K
  class space    used 2640K, committed 2752K, reserved 1048576K
}
Event: 11.340 GC heap after
{Heap after GC invocations=8 (full 0):
 garbage-first heap   total 88064K, used 36864K [0x0000000081c00000, 0x0000000100000000)
  region size 1024K, 1 young (1024K), 1 survivors (1024K)
 Metaspace       used 23352K, committed 23616K, reserved 1073152K
  class space    used 2640K, committed 2752K, reserved 1048576K
}
Event: 12.829 GC heap before
{Heap before GC invocations=8 (full 0):
 garbage-first heap   total 88064K, used 63488K [0x0000000081c00000, 0x0000000100000000)
  region size 1024K, 26 young (26624K), 1 survivors (1024K)
 Metaspace       used 25461K, committed 25664K, reserved 1073152K
  class space    used 2891K, committed 2944K, reserved 1048576K
}
Event: 12.843 GC heap after
{Heap after GC invocations=9 (full 0):
 garbage-first heap   total 88064K, used 41984K [0x0000000081c00000, 0x0000000100000000)
  region size 1024K, 4 young (4096K), 4 survivors (4096K)
 Metaspace       used 25461K, committed 25664K, reserved 1073152K
  class space    used 2891K, committed 2944K, reserved 1048576K
}
Event: 13.772 GC heap before
{Heap before GC invocations=10 (full 0):
 garbage-first heap   total 88064K, used 55296K [0x0000000081c00000, 0x0000000100000000)
  region size 1024K, 16 young (16384K), 4 survivors (4096K)
 Metaspace       used 25813K, committed 26112K, reserved 1073152K
  class space    used 2900K, committed 3072K, reserved 1048576K
}
Event: 13.786 GC heap after
{Heap after GC invocations=11 (full 0):
 garbage-first heap   total 88064K, used 43008K [0x0000000081c00000, 0x0000000100000000)
  region size 1024K, 1 young (1024K), 1 survivors (1024K)
 Metaspace       used 25813K, committed 26112K, reserved 1073152K
  class space    used 2900K, committed 3072K, reserved 1048576K
}
Event: 14.371 GC heap before
{Heap before GC invocations=12 (full 0):
 garbage-first heap   total 88064K, used 69632K [0x0000000081c00000, 0x0000000100000000)
  region size 1024K, 24 young (24576K), 1 survivors (1024K)
 Metaspace       used 25890K, committed 26240K, reserved 1073152K
  class space    used 2900K, committed 3072K, reserved 1048576K
}
Event: 14.389 GC heap after
{Heap after GC invocations=13 (full 0):
 garbage-first heap   total 88064K, used 60090K [0x0000000081c00000, 0x0000000100000000)
  region size 1024K, 3 young (3072K), 3 survivors (3072K)
 Metaspace       used 25890K, committed 26240K, reserved 1073152K
  class space    used 2900K, committed 3072K, reserved 1048576K
}
Event: 14.400 GC heap before
{Heap before GC invocations=13 (full 0):
 garbage-first heap   total 88064K, used 61114K [0x0000000081c00000, 0x0000000100000000)
  region size 1024K, 4 young (4096K), 3 survivors (3072K)
 Metaspace       used 25890K, committed 26240K, reserved 1073152K
  class space    used 2900K, committed 3072K, reserved 1048576K
}
Event: 14.413 GC heap after
{Heap after GC invocations=14 (full 0):
 garbage-first heap   total 88064K, used 53293K [0x0000000081c00000, 0x0000000100000000)
  region size 1024K, 1 young (1024K), 1 survivors (1024K)
 Metaspace       used 25890K, committed 26240K, reserved 1073152K
  class space    used 2900K, committed 3072K, reserved 1048576K
}
Event: 14.498 GC heap before
{Heap before GC invocations=14 (full 0):
 garbage-first heap   total 88064K, used 56365K [0x0000000081c00000, 0x0000000100000000)
  region size 1024K, 4 young (4096K), 1 survivors (1024K)
 Metaspace       used 25890K, committed 26240K, reserved 1073152K
  class space    used 2900K, committed 3072K, reserved 1048576K
}

Deoptimization events (20 events):
Event: 13.851 Thread 0x00000162e2195680 DEOPT PACKING pc=0x00000162f17be494 sp=0x0000001897afcf50
Event: 13.851 Thread 0x00000162e2195680 DEOPT UNPACKING pc=0x00000162e9a623a3 sp=0x0000001897afcee0 mode 2
Event: 13.852 Thread 0x00000162e2195680 Uncommon trap: trap_request=0xffffffde fr.pc=0x00000162f17ab4f0 relative=0x0000000000004f90
Event: 13.852 Thread 0x00000162e2195680 Uncommon trap: reason=class_check action=maybe_recompile pc=0x00000162f17ab4f0 method=com.sun.tools.javac.code.Symtab.lookupPackage(Lcom/sun/tools/javac/code/Symbol$ModuleSymbol;Lcom/sun/tools/javac/util/Name;Z)Lcom/sun/tools/javac/code/Symbol$PackageSymb
Event: 13.852 Thread 0x00000162e2195680 DEOPT PACKING pc=0x00000162f17ab4f0 sp=0x0000001897afce40
Event: 13.852 Thread 0x00000162e2195680 DEOPT UNPACKING pc=0x00000162e9a623a3 sp=0x0000001897afce50 mode 2
Event: 13.852 Thread 0x00000162e2195680 Uncommon trap: trap_request=0xffffffde fr.pc=0x00000162f17ab4f0 relative=0x0000000000004f90
Event: 13.852 Thread 0x00000162e2195680 Uncommon trap: reason=class_check action=maybe_recompile pc=0x00000162f17ab4f0 method=com.sun.tools.javac.code.Symtab.lookupPackage(Lcom/sun/tools/javac/code/Symbol$ModuleSymbol;Lcom/sun/tools/javac/util/Name;Z)Lcom/sun/tools/javac/code/Symbol$PackageSymb
Event: 13.852 Thread 0x00000162e2195680 DEOPT PACKING pc=0x00000162f17ab4f0 sp=0x0000001897afce40
Event: 13.852 Thread 0x00000162e2195680 DEOPT UNPACKING pc=0x00000162e9a623a3 sp=0x0000001897afce50 mode 2
Event: 13.852 Thread 0x00000162e2195680 Uncommon trap: trap_request=0xffffffde fr.pc=0x00000162f17ab4f0 relative=0x0000000000004f90
Event: 13.852 Thread 0x00000162e2195680 Uncommon trap: reason=class_check action=maybe_recompile pc=0x00000162f17ab4f0 method=com.sun.tools.javac.code.Symtab.lookupPackage(Lcom/sun/tools/javac/code/Symbol$ModuleSymbol;Lcom/sun/tools/javac/util/Name;Z)Lcom/sun/tools/javac/code/Symbol$PackageSymb
Event: 13.852 Thread 0x00000162e2195680 DEOPT PACKING pc=0x00000162f17ab4f0 sp=0x0000001897afce40
Event: 13.852 Thread 0x00000162e2195680 DEOPT UNPACKING pc=0x00000162e9a623a3 sp=0x0000001897afce50 mode 2
Event: 13.852 Thread 0x00000162e2195680 Uncommon trap: trap_request=0xffffffde fr.pc=0x00000162f17ab4f0 relative=0x0000000000004f90
Event: 13.852 Thread 0x00000162e2195680 Uncommon trap: reason=class_check action=maybe_recompile pc=0x00000162f17ab4f0 method=com.sun.tools.javac.code.Symtab.lookupPackage(Lcom/sun/tools/javac/code/Symbol$ModuleSymbol;Lcom/sun/tools/javac/util/Name;Z)Lcom/sun/tools/javac/code/Symbol$PackageSymb
Event: 13.852 Thread 0x00000162e2195680 DEOPT PACKING pc=0x00000162f17ab4f0 sp=0x0000001897afce40
Event: 13.852 Thread 0x00000162e2195680 DEOPT UNPACKING pc=0x00000162e9a623a3 sp=0x0000001897afce50 mode 2
Event: 14.192 Thread 0x00000162e2195680 DEOPT PACKING pc=0x00000162ea794e59 sp=0x0000001897afc2b0
Event: 14.192 Thread 0x00000162e2195680 DEOPT UNPACKING pc=0x00000162e9a62b43 sp=0x0000001897afb850 mode 0

Classes unloaded (0 events):
No events

Classes redefined (0 events):
No events

Internal exceptions (20 events):
Event: 13.217 Thread 0x00000162e2195680 Exception <a 'sun/nio/fs/WindowsException'{0x0000000088c3caa8}> (0x0000000088c3caa8) 
thrown [s\open\src\hotspot\share\prims\jni.cpp, line 516]
Event: 13.218 Thread 0x00000162e2195680 Exception <a 'sun/nio/fs/WindowsException'{0x0000000088c429a0}> (0x0000000088c429a0) 
thrown [s\open\src\hotspot\share\prims\jni.cpp, line 516]
Event: 13.218 Thread 0x00000162e2195680 Exception <a 'sun/nio/fs/WindowsException'{0x0000000088c42d78}> (0x0000000088c42d78) 
thrown [s\open\src\hotspot\share\prims\jni.cpp, line 516]
Event: 13.219 Thread 0x00000162e2195680 Exception <a 'sun/nio/fs/WindowsException'{0x0000000088c51f70}> (0x0000000088c51f70) 
thrown [s\open\src\hotspot\share\prims\jni.cpp, line 516]
Event: 13.219 Thread 0x00000162e2195680 Exception <a 'sun/nio/fs/WindowsException'{0x0000000088c52390}> (0x0000000088c52390) 
thrown [s\open\src\hotspot\share\prims\jni.cpp, line 516]
Event: 13.219 Thread 0x00000162e2195680 Exception <a 'sun/nio/fs/WindowsException'{0x0000000088c543f8}> (0x0000000088c543f8) 
thrown [s\open\src\hotspot\share\prims\jni.cpp, line 516]
Event: 13.220 Thread 0x00000162e2195680 Exception <a 'sun/nio/fs/WindowsException'{0x0000000088c548a0}> (0x0000000088c548a0) 
thrown [s\open\src\hotspot\share\prims\jni.cpp, line 516]
Event: 13.242 Thread 0x00000162e2195680 Exception <a 'sun/nio/fs/WindowsException'{0x0000000088cb1fe8}> (0x0000000088cb1fe8) 
thrown [s\open\src\hotspot\share\prims\jni.cpp, line 516]
Event: 13.252 Thread 0x00000162e2195680 Exception <a 'sun/nio/fs/WindowsException'{0x0000000088cd0480}> (0x0000000088cd0480) 
thrown [s\open\src\hotspot\share\prims\jni.cpp, line 516]
Event: 13.848 Thread 0x00000162e2195680 Exception <a 'sun/nio/fs/WindowsException'{0x0000000088d91bc8}> (0x0000000088d91bc8) 
thrown [s\open\src\hotspot\share\prims\jni.cpp, line 516]
Event: 13.848 Thread 0x00000162e2195680 Exception <a 'sun/nio/fs/WindowsException'{0x0000000088d91f18}> (0x0000000088d91f18) 
thrown [s\open\src\hotspot\share\prims\jni.cpp, line 516]
Event: 13.850 Thread 0x00000162e2195680 Implicit null exception at 0x00000162f17cc4d3 to 0x00000162f17cc628
Event: 13.854 Thread 0x00000162e2195680 Exception <a 'sun/nio/fs/WindowsException'{0x0000000088df43e8}> (0x0000000088df43e8) 
thrown [s\open\src\hotspot\share\prims\jni.cpp, line 516]
Event: 13.854 Thread 0x00000162e2195680 Exception <a 'sun/nio/fs/WindowsException'{0x0000000088df4628}> (0x0000000088df4628) 
thrown [s\open\src\hotspot\share\prims\jni.cpp, line 516]
Event: 14.052 Thread 0x00000162e2195680 Exception <a 'sun/nio/fs/WindowsException'{0x00000000887bfc48}> (0x00000000887bfc48) 
thrown [s\open\src\hotspot\share\prims\jni.cpp, line 516]
Event: 14.054 Thread 0x00000162e2195680 Exception <a 'sun/nio/fs/WindowsException'{0x00000000887bffb8}> (0x00000000887bffb8) 
thrown [s\open\src\hotspot\share\prims\jni.cpp, line 516]
Event: 14.055 Thread 0x00000162e2195680 Exception <a 'sun/nio/fs/WindowsException'{0x00000000887c1130}> (0x00000000887c1130) 
thrown [s\open\src\hotspot\share\prims\jni.cpp, line 516]
Event: 14.055 Thread 0x00000162e2195680 Exception <a 'sun/nio/fs/WindowsException'{0x00000000887c1568}> (0x00000000887c1568) 
thrown [s\open\src\hotspot\share\prims\jni.cpp, line 516]
Event: 14.055 Thread 0x00000162e2195680 Exception <a 'sun/nio/fs/WindowsException'{0x00000000887c2780}> (0x00000000887c2780) 
thrown [s\open\src\hotspot\share\prims\jni.cpp, line 516]
Event: 14.055 Thread 0x00000162e2195680 Exception <a 'sun/nio/fs/WindowsException'{0x00000000887c2b10}> (0x00000000887c2b10) 
thrown [s\open\src\hotspot\share\prims\jni.cpp, line 516]

VM Operations (20 events):
Event: 13.067 Executing VM operation: ICBufferFull done
Event: 13.250 Executing VM operation: ICBufferFull
Event: 13.250 Executing VM operation: ICBufferFull done
Event: 13.523 Executing VM operation: HandshakeAllThreads
Event: 13.523 Executing VM operation: HandshakeAllThreads done
Event: 13.539 Executing VM operation: HandshakeAllThreads
Event: 13.539 Executing VM operation: HandshakeAllThreads done
Event: 13.600 Executing VM operation: HandshakeAllThreads
Event: 13.600 Executing VM operation: HandshakeAllThreads done
Event: 13.772 Executing VM operation: G1TryInitiateConcMark
Event: 13.786 Executing VM operation: G1TryInitiateConcMark done
Event: 13.855 Executing VM operation: G1Concurrent
Event: 13.862 Executing VM operation: G1Concurrent done
Event: 13.897 Executing VM operation: G1Concurrent
Event: 13.897 Executing VM operation: G1Concurrent done
Event: 14.371 Executing VM operation: G1CollectForAllocation
Event: 14.389 Executing VM operation: G1CollectForAllocation done
Event: 14.400 Executing VM operation: G1CollectForAllocation
Event: 14.414 Executing VM operation: G1CollectForAllocation done
Event: 14.498 Executing VM operation: G1CollectForAllocation

Events (20 events):
Event: 13.612 Thread 0x00000162ffa48ac0 flushing nmethod 0x00000162eab23110
Event: 13.612 Thread 0x00000162ffa48ac0 flushing nmethod 0x00000162eab2b310
Event: 13.612 Thread 0x00000162ffa48ac0 flushing nmethod 0x00000162eab41b90
Event: 13.612 Thread 0x00000162ffa48ac0 flushing nmethod 0x00000162eab4db10
Event: 13.613 Thread 0x00000162ffa48ac0 flushing nmethod 0x00000162eab5bc90
Event: 13.613 Thread 0x00000162ffa48ac0 flushing nmethod 0x00000162eab62690
Event: 13.613 Thread 0x00000162ffa48ac0 flushing nmethod 0x00000162eab6ae10
Event: 13.613 Thread 0x00000162ffa48ac0 flushing nmethod 0x00000162eab6da10
Event: 13.613 Thread 0x00000162ffa48ac0 flushing nmethod 0x00000162eab71190
Event: 13.613 Thread 0x00000162ffa48ac0 flushing nmethod 0x00000162eab71590
Event: 13.613 Thread 0x00000162ffa48ac0 flushing nmethod 0x00000162eab73590
Event: 13.613 Thread 0x00000162ffa48ac0 flushing nmethod 0x00000162eab76e10
Event: 13.613 Thread 0x00000162ffa48ac0 flushing nmethod 0x00000162eab77490
Event: 13.613 Thread 0x00000162ffa48ac0 flushing nmethod 0x00000162eab77810
Event: 13.613 Thread 0x00000162ffa48ac0 flushing nmethod 0x00000162eab78090
Event: 13.613 Thread 0x00000162ffa48ac0 flushing nmethod 0x00000162eab7b190
Event: 13.613 Thread 0x00000162ffa48ac0 flushing nmethod 0x00000162eab7b510
Event: 13.613 Thread 0x00000162ffa48ac0 flushing nmethod 0x00000162eab7b910
Event: 13.613 Thread 0x00000162ffa48ac0 flushing nmethod 0x00000162eab7d010
Event: 13.613 Thread 0x00000162ffa48ac0 flushing nmethod 0x00000162eab9ab10


Dynamic libraries:
0x00007ff7eb830000 - 0x00007ff7eb840000 	C:\Program Files\Java\jdk-17.0.5\bin\javaw.exe
0x00007ff81a750000 - 0x00007ff81a948000 	C:\WINDOWS\SYSTEM32\ntdll.dll
0x00007ff818780000 - 0x00007ff81883d000 	C:\WINDOWS\System32\KERNEL32.DLL
0x00007ff818480000 - 0x00007ff818776000 	C:\WINDOWS\System32\KERNELBASE.dll
0x00007ff818190000 - 0x00007ff818290000 	C:\WINDOWS\System32\ucrtbase.dll
0x00007ff80c860000 - 0x00007ff80c878000 	C:\Program Files\Java\jdk-17.0.5\bin\jli.dll
0x00007ff818930000 - 0x00007ff8189e0000 	C:\WINDOWS\System32\ADVAPI32.dll
0x00007ff818840000 - 0x00007ff8188de000 	C:\WINDOWS\System32\msvcrt.dll
0x00007ff819b00000 - 0x00007ff819ba0000 	C:\WINDOWS\System32\sechost.dll
0x00007ff818a60000 - 0x00007ff818b83000 	C:\WINDOWS\System32\RPCRT4.dll
0x00007ff818330000 - 0x00007ff818357000 	C:\WINDOWS\System32\bcrypt.dll
0x00007ff818e20000 - 0x00007ff818fbf000 	C:\WINDOWS\System32\USER32.dll
0x00007ff818160000 - 0x00007ff818182000 	C:\WINDOWS\System32\win32u.dll
0x00007ff819e30000 - 0x00007ff819e5b000 	C:\WINDOWS\System32\GDI32.dll
0x00007ff817e50000 - 0x00007ff817f67000 	C:\WINDOWS\System32\gdi32full.dll
0x00007ff818290000 - 0x00007ff81832d000 	C:\WINDOWS\System32\msvcp_win.dll
0x00007ff802bd0000 - 0x00007ff802bea000 	C:\Program Files\Java\jdk-17.0.5\bin\VCRUNTIME140.dll
0x00007ffff8bc0000 - 0x00007ffff8e5a000 	C:\WINDOWS\WinSxS\amd64_microsoft.windows.common-controls_6595b64144ccf1df_6.0.19041.3636_none_60b6a03d71f818d5\COMCTL32.dll
0x00007ff80cd80000 - 0x00007ff80cd8a000 	C:\WINDOWS\SYSTEM32\VERSION.dll
0x00007ff8188e0000 - 0x00007ff818912000 	C:\WINDOWS\System32\IMM32.DLL
0x00007ff80dda0000 - 0x00007ff80ddac000 	C:\Program Files\Java\jdk-17.0.5\bin\vcruntime140_1.dll
0x00007fffda570000 - 0x00007fffda5fd000 	C:\Program Files\Java\jdk-17.0.5\bin\msvcp140.dll
0x00007fff8c650000 - 0x00007fff8d212000 	C:\Program Files\Java\jdk-17.0.5\bin\server\jvm.dll
0x00007ff818e10000 - 0x00007ff818e18000 	C:\WINDOWS\System32\PSAPI.DLL
0x00007ff801590000 - 0x00007ff801599000 	C:\WINDOWS\SYSTEM32\WSOCK32.dll
0x00007ff819c40000 - 0x00007ff819cab000 	C:\WINDOWS\System32\WS2_32.dll
0x00007ff801080000 - 0x00007ff8010a7000 	C:\WINDOWS\SYSTEM32\WINMM.dll
0x00007ff8165e0000 - 0x00007ff8165f2000 	C:\WINDOWS\SYSTEM32\kernel.appcore.dll
0x00007ff80cbb0000 - 0x00007ff80cbba000 	C:\Program Files\Java\jdk-17.0.5\bin\jimage.dll
0x00007ff811cc0000 - 0x00007ff811ea4000 	C:\WINDOWS\SYSTEM32\DBGHELP.DLL
0x00007ffffc690000 - 0x00007ffffc6c4000 	C:\WINDOWS\SYSTEM32\dbgcore.DLL
0x00007ff817f70000 - 0x00007ff817ff2000 	C:\WINDOWS\System32\bcryptPrimitives.dll
0x00007fffe98a0000 - 0x00007fffe98c5000 	C:\Program Files\Java\jdk-17.0.5\bin\java.dll
0x00007fffd6620000 - 0x00007fffd66f6000 	C:\Program Files\Java\jdk-17.0.5\bin\jsvml.dll
0x00007ff819e60000 - 0x00007ff81a5cb000 	C:\WINDOWS\System32\SHELL32.dll
0x00007ff8158a0000 - 0x00007ff81603e000 	C:\WINDOWS\SYSTEM32\windows.storage.dll
0x00007ff818fc0000 - 0x00007ff819313000 	C:\WINDOWS\System32\combase.dll
0x00007ff8176e0000 - 0x00007ff81770e000 	C:\WINDOWS\SYSTEM32\Wldp.dll
0x00007ff818b90000 - 0x00007ff818c5d000 	C:\WINDOWS\System32\OLEAUT32.dll
0x00007ff819320000 - 0x00007ff8193cd000 	C:\WINDOWS\System32\SHCORE.dll
0x00007ff8199f0000 - 0x00007ff819a45000 	C:\WINDOWS\System32\shlwapi.dll
0x00007ff817d30000 - 0x00007ff817d53000 	C:\WINDOWS\SYSTEM32\profapi.dll
0x00007ff802920000 - 0x00007ff802939000 	C:\Program Files\Java\jdk-17.0.5\bin\net.dll
0x00007ff806210000 - 0x00007ff80631a000 	C:\WINDOWS\SYSTEM32\WINHTTP.dll
0x00007ff8174c0000 - 0x00007ff81752a000 	C:\WINDOWS\system32\mswsock.dll
0x00007ffffa4d0000 - 0x00007ffffa4e6000 	C:\Program Files\Java\jdk-17.0.5\bin\nio.dll
0x00007ffff3f90000 - 0x00007ffff3fa8000 	C:\Program Files\Java\jdk-17.0.5\bin\zip.dll
0x0000000069ac0000 - 0x0000000069ae4000 	C:\Users\IT CARE\AppData\Local\Temp\jansi-2.4.0-3899a0ee0d851093-jansi.dll
0x00007ff80c990000 - 0x00007ff80c9a0000 	C:\Program Files\Java\jdk-17.0.5\bin\verify.dll

dbghelp: loaded successfully - version: 4.0.5 - missing functions: none
symbol engine: initialized successfully - sym options: 0x614 - pdb path: .;C:\Program Files\Java\jdk-17.0.5\bin;C:\WINDOWS\SYSTEM32;C:\WINDOWS\WinSxS\amd64_microsoft.windows.common-controls_6595b64144ccf1df_6.0.19041.3636_none_60b6a03d71f818d5;C:\Program Files\Java\jdk-17.0.5\bin\server;C:\Users\IT CARE\AppData\Local\Temp

VM Arguments:
jvm_args: -Dmaven.home=EMBEDDED -Dclassworlds.conf=C:\Users\IT CARE\Documents\myAPP2\.metadata\.plugins\org.eclipse.m2e.launching\launches\m2conf2561367578461599932.tmp -Dmaven.multiModuleProjectDirectory=E:\io5\io4\spring-boot-spring-security-jwt-authentication-master -Dfile.encoding=UTF-8 -XX:+ShowCodeDetailsInExceptionMessages 
java_command: org.codehaus.plexus.classworlds.launcher.Launcher -B -Dstyle.color=always install
java_class_path (initial): D:\Downloads\sts-4.16.1.RELEASE\plugins\org.eclipse.m2e.maven.runtime_3.8.601.20220820-1147\jars\plexus-classworlds-2.6.0.jar
Launcher Type: SUN_STANDARD

[Global flags]
     intx CICompilerCount                          = 3                                         {product} {ergonomic}
     uint ConcGCThreads                            = 1                                         {product} {ergonomic}
     uint G1ConcRefinementThreads                  = 4                                         {product} {ergonomic}
   size_t G1HeapRegionSize                         = 1048576                                   {product} {ergonomic}
    uintx GCDrainStackTargetSize                   = 64                                        {product} {ergonomic}
   size_t InitialHeapSize                          = 134217728                                 {product} {ergonomic}
   size_t MarkStackSize                            = 4194304                                   {product} {ergonomic}
   size_t MaxHeapSize                              = 2118123520                                {product} {ergonomic}
   size_t MaxNewSize                               = 1270874112                                {product} {ergonomic}
   size_t MinHeapDeltaBytes                        = 1048576                                   {product} {ergonomic}
   size_t MinHeapSize                              = 8388608                                   {product} {ergonomic}
    uintx NonNMethodCodeHeapSize                   = 5832780                                {pd product} {ergonomic}
    uintx NonProfiledCodeHeapSize                  = 122912730                              {pd product} {ergonomic}
    uintx ProfiledCodeHeapSize                     = 122912730                              {pd product} {ergonomic}
    uintx ReservedCodeCacheSize                    = 251658240                              {pd product} {ergonomic}
     bool SegmentedCodeCache                       = true                                      {product} {ergonomic}
     bool ShowCodeDetailsInExceptionMessages       = true                                   {manageable} {command line}
   size_t SoftMaxHeapSize                          = 2118123520                             {manageable} {ergonomic}
     bool UseCompressedClassPointers               = true                           {product lp64_product} {ergonomic}
     bool UseCompressedOops                        = true                           {product lp64_product} {ergonomic}
     bool UseG1GC                                  = true                                      {product} {ergonomic}
     bool UseLargePagesIndividualAllocation        = false                                  {pd product} {ergonomic}

Logging:
Log output configuration:
 #0: stdout all=warning uptime,level,tags
 #1: stderr all=off uptime,level,tags

Environment Variables:
JAVA_HOME=C:\Program Files\Java\jdk-17.0.5
CLASSPATH=C:\Program Files\Java\jdk-17.0.5\bin
PATH=D:/Downloads/sts-4.16.1.RELEASE//plugins/org.eclipse.justj.openjdk.hotspot.jre.full.win32.x86_64_17.0.4.v20221004-1257/jre/bin/server;D:/Downloads/sts-4.16.1.RELEASE//plugins/org.eclipse.justj.openjdk.hotspot.jre.full.win32.x86_64_17.0.4.v20221004-1257/jre/bin;C:\Python312\Scripts\;C:\Python312\;E:\InformaticaInstalations\clients\tools\datadirect;E:\InformaticaInstalations\java\jre\bin\server;E:\InformaticaInstalations\tools\odbcdrv;E:\InformaticaInstalations\tools\jdbcdrv;E:\InformaticaInstalations\tools\sharedlibs;E:\InformaticaInstalations\tools\datadirect;E:\\java\jre\bin\server;E:\\tools\odbcdrv;E:\\tools\jdbcdrv;E:\\tools\sharedlibs;E:\\tools\datadirect;C:\WINDOWS\system32;C:\WINDOWS;C:\WINDOWS\System32\Wbem;C:\WINDOWS\System32\WindowsPowerShell\v1.0\;C:\WINDOWS\System32\OpenSSH\;C:\Users\IT CARE\Downloads\apache-maven-3.8.6-bin\apache-maven-3.8.6\bin;C:\Program Files\Git\cmd;C:\Program Files\Notepad++;C:\ProgramData\chocolatey\bin;C:\Program Files\PuTTY\;C:\Program Files\Java\jdk-17.0.5\bin;C:\Program Files\Docker\Docker\resources\bin;C:\minikube;C:\Program Files\nodejs\;C:\Program Files\Terraform\;C:\Program Files\Amazon\AWSCLIV2\;C:\Users\IT CARE\AppData\Local\Microsoft\WindowsApps;C:\Program Files\JetBrains\IntelliJ IDEA Community Edition 2022.2.3\bin;;C:\Users\IT CARE\AppData\Local\Programs\Microsoft VS Code\bin;D:\minikube;C:\Program Files\Java\jdk-17.0.5\bin;D:\IntelliJ IDEA 2023.2.3\bin;;C:\Users\IT CARE\AppData\Roaming\npm;C:\Program Files\Terraform\;;C:\WINDOWS\System32;
USERNAME=IT CARE
OS=Windows_NT
PROCESSOR_IDENTIFIER=Intel64 Family 6 Model 78 Stepping 3, GenuineIntel



---------------  S Y S T E M  ---------------

OS:
 Windows 10 , 64 bit Build 19041 (10.0.19041.3636)
OS uptime: 6 days 6:57 hours
Hyper-V role detected

CPU: total 4 (initial active 4) (2 cores per cpu, 2 threads per core) family 6 model 78 stepping 3 microcode 0xcc, cx8, cmov, fxsr, ht, mmx, 3dnowpref, sse, sse2, sse3, ssse3, sse4.1, sse4.2, popcnt, lzcnt, tsc, tscinvbit, avx, avx2, aes, erms, clmul, bmi1, bmi2, rtm, adx, fma, vzeroupper, clflush, clflushopt, hv

Memory: 4k page, system-wide physical 8072M (669M free)
TotalPageFile size 19847M (AvailPageFile size 118M)
current process WorkingSet (physical memory assigned to process): 215M, peak: 233M
current process commit charge ("private bytes"): 290M, peak: 414M

vm_info: Java HotSpot(TM) 64-Bit Server VM (17.0.5+9-LTS-191) for windows-amd64 JRE (17.0.5+9-LTS-191), built on Sep 13 2022 17:31:43 by "mach5one" with MS VC++ 16.8 / 16.9 (VS2019)

END.
