#
# There is insufficient memory for the Java Runtime Environment to continue.
# Native memory allocation (mmap) failed to map 130023424 bytes for G1 virtual space
# Possible reasons:
#   The system is out of physical RAM or swap space
#   The process is running with CompressedOops enabled, and the Java Heap may be blocking the growth of the native heap
# Possible solutions:
#   Reduce memory load on the system
#   Increase physical memory or swap space
#   Check if swap backing store is full
#   Decrease Java heap size (-Xmx/-Xms)
#   Decrease number of Java threads
#   Decrease Java thread stack sizes (-Xss)
#   Set larger code cache with -XX:ReservedCodeCacheSize=
#   JVM is running with Unscaled Compressed Oops mode in which the Java heap is
#     placed in the first 4GB address space. The Java Heap base address is the
#     maximum limit for the native heap growth. Please use -XX:HeapBaseMinAddress
#     to set the Java Heap base and to place the Java Heap above 4GB virtual address.
# This output file may be truncated or incomplete.
#
#  Out of Memory Error (os_windows.cpp:3541), pid=2280, tid=14592
#
# JRE version: Java(TM) SE Runtime Environment (17.0.5+9) (build 17.0.5+9-LTS-191)
# Java VM: Java HotSpot(TM) 64-Bit Server VM (17.0.5+9-LTS-191, mixed mode, sharing, tiered, compressed oops, compressed class ptrs, g1 gc, windows-amd64)
# No core dump will be written. Minidumps are not enabled by default on client versions of Windows
#

---------------  S U M M A R Y ------------

Command Line: -Dmaven.home=EMBEDDED -Dclassworlds.conf=C:\Users\IT CARE\Documents\myAPP2\.metadata\.plugins\org.eclipse.m2e.launching\launches\m2conf8060733935837805039.tmp -Dmaven.multiModuleProjectDirectory=E:\io5\io4\spring-boot-spring-security-jwt-authentication-master -Dfile.encoding=UTF-8 -XX:+ShowCodeDetailsInExceptionMessages org.codehaus.plexus.classworlds.launcher.Launcher -B -Dstyle.color=always install

Host: Intel(R) Core(TM) i5-6300U CPU @ 2.40GHz, 4 cores, 7G,  Windows 10 , 64 bit Build 19041 (10.0.19041.3636)
Time: Sun Apr 21 18:12:43 2024 India Standard Time elapsed time: 13.936899 seconds (0d 0h 0m 13s)

---------------  T H R E A D  ---------------

Current thread (0x000001c377e60e70):  VMThread "VM Thread" [stack: 0x000000963e900000,0x000000963ea00000] [id=14592]

Stack: [0x000000963e900000,0x000000963ea00000]
Native frames: (J=compiled Java code, j=interpreted, Vv=VM code, C=native code)
V  [jvm.dll+0x672eea]
V  [jvm.dll+0x7d2a04]
V  [jvm.dll+0x7d41ae]
V  [jvm.dll+0x7d4813]
V  [jvm.dll+0x242c15]
V  [jvm.dll+0x66fe09]
V  [jvm.dll+0x664682]
V  [jvm.dll+0x300e8b]
V  [jvm.dll+0x308426]
V  [jvm.dll+0x357ffe]
V  [jvm.dll+0x35822f]
V  [jvm.dll+0x2d80a8]
V  [jvm.dll+0x2d6374]
V  [jvm.dll+0x2d597c]
V  [jvm.dll+0x3193eb]
V  [jvm.dll+0x7d8ceb]
V  [jvm.dll+0x7d9a24]
V  [jvm.dll+0x7d9f3c]
V  [jvm.dll+0x7da314]
V  [jvm.dll+0x7da3e0]
V  [jvm.dll+0x782b4a]
V  [jvm.dll+0x671d75]
C  [ucrtbase.dll+0x21bb2]
C  [KERNEL32.DLL+0x17344]
C  [ntdll.dll+0x526b1]

VM_Operation (0x000000963e3fb0c0): G1CollectForAllocation, mode: safepoint, requested by thread 0x000001c3586b5680


---------------  P R O C E S S  ---------------

Threads class SMR info:
_java_thread_list=0x000001c379646240, length=13, elements={
0x000001c3586b5680, 0x000001c377e669e0, 0x000001c377e69530, 0x000001c377e7b1a0,
0x000001c377e7bc60, 0x000001c377e7edd0, 0x000001c377e7fe30, 0x000001c377e86700,
0x000001c377e84870, 0x000001c377e85170, 0x000001c3789a46b0, 0x000001c3789adca0,
0x000001c379897210
}

Java Threads: ( => current thread )
  0x000001c3586b5680 JavaThread "main" [_thread_blocked, id=8808, stack(0x000000963e300000,0x000000963e400000)]
  0x000001c377e669e0 JavaThread "Reference Handler" daemon [_thread_blocked, id=16096, stack(0x000000963ea00000,0x000000963eb00000)]
  0x000001c377e69530 JavaThread "Finalizer" daemon [_thread_blocked, id=13108, stack(0x000000963eb00000,0x000000963ec00000)]
  0x000001c377e7b1a0 JavaThread "Signal Dispatcher" daemon [_thread_blocked, id=9700, stack(0x000000963ec00000,0x000000963ed00000)]
  0x000001c377e7bc60 JavaThread "Attach Listener" daemon [_thread_blocked, id=4644, stack(0x000000963ed00000,0x000000963ee00000)]
  0x000001c377e7edd0 JavaThread "Service Thread" daemon [_thread_blocked, id=11096, stack(0x000000963ee00000,0x000000963ef00000)]
  0x000001c377e7fe30 JavaThread "Monitor Deflation Thread" daemon [_thread_blocked, id=21008, stack(0x000000963ef00000,0x000000963f000000)]
  0x000001c377e86700 JavaThread "C2 CompilerThread0" daemon [_thread_blocked, id=21240, stack(0x000000963f000000,0x000000963f100000)]
  0x000001c377e84870 JavaThread "C1 CompilerThread0" daemon [_thread_blocked, id=9256, stack(0x000000963f100000,0x000000963f200000)]
  0x000001c377e85170 JavaThread "Sweeper thread" daemon [_thread_blocked, id=9816, stack(0x000000963f200000,0x000000963f300000)]
  0x000001c3789a46b0 JavaThread "Notification Thread" daemon [_thread_blocked, id=14368, stack(0x000000963f300000,0x000000963f400000)]
  0x000001c3789adca0 JavaThread "Common-Cleaner" daemon [_thread_blocked, id=3648, stack(0x000000963f500000,0x000000963f600000)]
  0x000001c379897210 JavaThread "C2 CompilerThread1" daemon [_thread_blocked, id=2040, stack(0x000000963f900000,0x000000963fa00000)]

Other Threads:
=>0x000001c377e60e70 VMThread "VM Thread" [stack: 0x000000963e900000,0x000000963ea00000] [id=14592]
  0x000001c3789a6b90 WatcherThread [stack: 0x000000963f400000,0x000000963f500000] [id=14352]
  0x000001c35870ec60 GCTaskThread "GC Thread#0" [stack: 0x000000963e400000,0x000000963e500000] [id=14392]
  0x000001c379340c00 GCTaskThread "GC Thread#1" [stack: 0x000000963f600000,0x000000963f700000] [id=12048]
  0x000001c3791c4f10 GCTaskThread "GC Thread#2" [stack: 0x000000963f700000,0x000000963f800000] [id=880]
  0x000001c3791d3910 GCTaskThread "GC Thread#3" [stack: 0x000000963f800000,0x000000963f900000] [id=21068]
  0x000001c358720740 ConcurrentGCThread "G1 Main Marker" [stack: 0x000000963e500000,0x000000963e600000] [id=17076]
  0x000001c358722950 ConcurrentGCThread "G1 Conc#0" [stack: 0x000000963e600000,0x000000963e700000] [id=5784]
  0x000001c358787e40 ConcurrentGCThread "G1 Refine#0" [stack: 0x000000963e700000,0x000000963e800000] [id=8428]
  0x000001c37b08dbc0 ConcurrentGCThread "G1 Refine#1" [stack: 0x000000963fa00000,0x000000963fb00000] [id=13848]
  0x000001c37b08e460 ConcurrentGCThread "G1 Refine#2" [stack: 0x000000963fb00000,0x000000963fc00000] [id=10724]
  0x000001c37b08ea20 ConcurrentGCThread "G1 Refine#3" [stack: 0x000000963fc00000,0x000000963fd00000] [id=6876]
  0x000001c377d210a0 ConcurrentGCThread "G1 Service" [stack: 0x000000963e800000,0x000000963e900000] [id=20616]

Threads with active compile tasks:

VM state: at safepoint (normal execution)

VM Mutex/Monitor currently owned by a thread:  ([mutex/lock_event])
[0x000001c3586b05a0] Threads_lock - owner thread: 0x000001c377e60e70
[0x000001c3586b0900] Heap_lock - owner thread: 0x000001c3586b5680

Heap address: 0x0000000081c00000, size: 2020 MB, Compressed Oops mode: 32-bit

CDS archive(s) mapped at: [0x0000000800000000-0x0000000800bd0000-0x0000000800bd0000), size 12386304, SharedBaseAddress: 0x0000000800000000, ArchiveRelocationMode: 0.
Compressed class space mapped at: 0x0000000800c00000-0x0000000840c00000, reserved size: 1073741824
Narrow klass base: 0x0000000800000000, Narrow klass shift: 0, Narrow klass range: 0x100000000

GC Precious Log:
 CPUs: 4 total, 4 available
 Memory: 8072M
 Large Page Support: Disabled
 NUMA Support: Disabled
 Compressed Oops: Enabled (32-bit)
 Heap Region Size: 1M
 Heap Min Capacity: 8M
 Heap Initial Capacity: 128M
 Heap Max Capacity: 2020M
 Pre-touch: Disabled
 Parallel Workers: 4
 Concurrent Workers: 1
 Concurrent Refinement Workers: 4
 Periodic GC: Disabled

Heap:
 garbage-first heap   total 137216K, used 53207K [0x0000000081c00000, 0x0000000100000000)
  region size 1024K, 1 young (1024K), 1 survivors (1024K)
 Metaspace       used 25936K, committed 26240K, reserved 1073152K
  class space    used 2899K, committed 3072K, reserved 1048576K

Heap Regions: E=young(eden), S=young(survivor), O=old, HS=humongous(starts), HC=humongous(continues), CS=collection set, F=free, OA=open archive, CA=closed archive, TAMS=top-at-mark-start (previous, next)
|   0|0x0000000081c00000, 0x0000000081d00000, 0x0000000081d00000|100%| O|  |TAMS 0x0000000081d00000, 0x0000000081c00000| Untracked 
|   1|0x0000000081d00000, 0x0000000081e00000, 0x0000000081e00000|100%| O|  |TAMS 0x0000000081e00000, 0x0000000081d00000| Untracked 
|   2|0x0000000081e00000, 0x0000000081f00000, 0x0000000081f00000|100%| O|  |TAMS 0x0000000081f00000, 0x0000000081e00000| Untracked 
|   3|0x0000000081f00000, 0x0000000081ff5e00, 0x0000000082000000| 96%| O|  |TAMS 0x0000000081f00000, 0x0000000081f00000| Untracked 
|   4|0x0000000082000000, 0x0000000082000000, 0x0000000082100000|  0%| F|  |TAMS 0x0000000082000000, 0x0000000082000000| Untracked 
|   5|0x0000000082100000, 0x0000000082200000, 0x0000000082200000|100%|HS|  |TAMS 0x0000000082200000, 0x0000000082100000| Complete 
|   6|0x0000000082200000, 0x0000000082300000, 0x0000000082300000|100%|HC|  |TAMS 0x0000000082300000, 0x0000000082200000| Complete 
|   7|0x0000000082300000, 0x0000000082400000, 0x0000000082400000|100%|HS|  |TAMS 0x0000000082300000, 0x0000000082300000| Complete 
|   8|0x0000000082400000, 0x0000000082500000, 0x0000000082500000|100%|HS|  |TAMS 0x0000000082500000, 0x0000000082400000| Complete 
|   9|0x0000000082500000, 0x0000000082600000, 0x0000000082600000|100%| O|  |TAMS 0x0000000082600000, 0x0000000082500000| Untracked 
|  10|0x0000000082600000, 0x0000000082700000, 0x0000000082700000|100%| O|  |TAMS 0x0000000082700000, 0x0000000082600000| Untracked 
|  11|0x0000000082700000, 0x0000000082800000, 0x0000000082800000|100%|HS|  |TAMS 0x0000000082700000, 0x0000000082700000| Complete 
|  12|0x0000000082800000, 0x0000000082900000, 0x0000000082900000|100%| O|  |TAMS 0x0000000082900000, 0x0000000082800000| Untracked 
|  13|0x0000000082900000, 0x0000000082a00000, 0x0000000082a00000|100%| O|  |TAMS 0x0000000082a00000, 0x0000000082900000| Untracked 
|  14|0x0000000082a00000, 0x0000000082b00000, 0x0000000082b00000|100%| O|  |TAMS 0x0000000082b00000, 0x0000000082a00000| Untracked 
|  15|0x0000000082b00000, 0x0000000082c00000, 0x0000000082c00000|100%| O|  |TAMS 0x0000000082c00000, 0x0000000082b00000| Untracked 
|  16|0x0000000082c00000, 0x0000000082c00000, 0x0000000082d00000|  0%| F|  |TAMS 0x0000000082c00000, 0x0000000082c00000| Untracked 
|  17|0x0000000082d00000, 0x0000000082e00000, 0x0000000082e00000|100%| O|  |TAMS 0x0000000082e00000, 0x0000000082d00000| Untracked 
|  18|0x0000000082e00000, 0x0000000082e00000, 0x0000000082f00000|  0%| F|  |TAMS 0x0000000082e00000, 0x0000000082e00000| Untracked 
|  19|0x0000000082f00000, 0x0000000083000000, 0x0000000083000000|100%| O|  |TAMS 0x0000000082f00000, 0x0000000082f00000| Untracked 
|  20|0x0000000083000000, 0x0000000083000000, 0x0000000083100000|  0%| F|  |TAMS 0x0000000083000000, 0x0000000083000000| Untracked 
|  21|0x0000000083100000, 0x0000000083200000, 0x0000000083200000|100%|HS|  |TAMS 0x0000000083200000, 0x0000000083100000| Complete 
|  22|0x0000000083200000, 0x0000000083300000, 0x0000000083300000|100%|HC|  |TAMS 0x0000000083300000, 0x0000000083200000| Complete 
|  23|0x0000000083300000, 0x0000000083400000, 0x0000000083400000|100%| O|  |TAMS 0x0000000083300000, 0x0000000083300000| Untracked 
|  24|0x0000000083400000, 0x0000000083500000, 0x0000000083500000|100%| O|  |TAMS 0x0000000083400000, 0x0000000083400000| Untracked 
|  25|0x0000000083500000, 0x0000000083500000, 0x0000000083600000|  0%| F|  |TAMS 0x0000000083500000, 0x0000000083500000| Untracked 
|  26|0x0000000083600000, 0x0000000083700000, 0x0000000083700000|100%| O|  |TAMS 0x0000000083700000, 0x0000000083600000| Untracked 
|  27|0x0000000083700000, 0x0000000083700000, 0x0000000083800000|  0%| F|  |TAMS 0x0000000083700000, 0x0000000083700000| Untracked 
|  28|0x0000000083800000, 0x0000000083900000, 0x0000000083900000|100%| O|  |TAMS 0x0000000083900000, 0x0000000083800000| Untracked 
|  29|0x0000000083900000, 0x0000000083a00000, 0x0000000083a00000|100%| O|  |TAMS 0x0000000083900000, 0x0000000083900000| Untracked 
|  30|0x0000000083a00000, 0x0000000083b00000, 0x0000000083b00000|100%| O|  |TAMS 0x0000000083a00000, 0x0000000083a00000| Untracked 
|  31|0x0000000083b00000, 0x0000000083c00000, 0x0000000083c00000|100%|HS|  |TAMS 0x0000000083b00000, 0x0000000083b00000| Complete 
|  32|0x0000000083c00000, 0x0000000083d00000, 0x0000000083d00000|100%|HC|  |TAMS 0x0000000083c00000, 0x0000000083c00000| Complete 
|  33|0x0000000083d00000, 0x0000000083e00000, 0x0000000083e00000|100%| O|  |TAMS 0x0000000083d00000, 0x0000000083d00000| Untracked 
|  34|0x0000000083e00000, 0x0000000083f00000, 0x0000000083f00000|100%| O|  |TAMS 0x0000000083e00000, 0x0000000083e00000| Untracked 
|  35|0x0000000083f00000, 0x0000000084000000, 0x0000000084000000|100%| O|  |TAMS 0x0000000084000000, 0x0000000083f00000| Untracked 
|  36|0x0000000084000000, 0x0000000084100000, 0x0000000084100000|100%| O|  |TAMS 0x0000000084100000, 0x0000000084000000| Untracked 
|  37|0x0000000084100000, 0x0000000084200000, 0x0000000084200000|100%| O|  |TAMS 0x0000000084200000, 0x0000000084100000| Untracked 
|  38|0x0000000084200000, 0x0000000084300000, 0x0000000084300000|100%| O|  |TAMS 0x0000000084300000, 0x0000000084200000| Untracked 
|  39|0x0000000084300000, 0x0000000084400000, 0x0000000084400000|100%| O|  |TAMS 0x0000000084400000, 0x0000000084300000| Untracked 
|  40|0x0000000084400000, 0x0000000084500000, 0x0000000084500000|100%| O|  |TAMS 0x0000000084500000, 0x0000000084400000| Untracked 
|  41|0x0000000084500000, 0x0000000084600000, 0x0000000084600000|100%| O|  |TAMS 0x0000000084500000, 0x0000000084500000| Untracked 
|  42|0x0000000084600000, 0x0000000084700000, 0x0000000084700000|100%| O|  |TAMS 0x0000000084600000, 0x0000000084600000| Untracked 
|  43|0x0000000084700000, 0x0000000084800000, 0x0000000084800000|100%| O|  |TAMS 0x0000000084700000, 0x0000000084700000| Untracked 
|  44|0x0000000084800000, 0x0000000084900000, 0x0000000084900000|100%| O|  |TAMS 0x0000000084800000, 0x0000000084800000| Untracked 
|  45|0x0000000084900000, 0x0000000084a00000, 0x0000000084a00000|100%| O|  |TAMS 0x0000000084900000, 0x0000000084900000| Untracked 
|  46|0x0000000084a00000, 0x0000000084b00000, 0x0000000084b00000|100%| O|  |TAMS 0x0000000084a00000, 0x0000000084a00000| Untracked 
|  47|0x0000000084b00000, 0x0000000084c00000, 0x0000000084c00000|100%| O|  |TAMS 0x0000000084b00000, 0x0000000084b00000| Untracked 
|  48|0x0000000084c00000, 0x0000000084d00000, 0x0000000084d00000|100%| O|  |TAMS 0x0000000084c00000, 0x0000000084c00000| Untracked 
|  49|0x0000000084d00000, 0x0000000084e00000, 0x0000000084e00000|100%| O|  |TAMS 0x0000000084d00000, 0x0000000084d00000| Untracked 
|  50|0x0000000084e00000, 0x0000000084f00000, 0x0000000084f00000|100%| O|  |TAMS 0x0000000084e00000, 0x0000000084e00000| Untracked 
|  51|0x0000000084f00000, 0x0000000085000000, 0x0000000085000000|100%| O|  |TAMS 0x0000000084f00000, 0x0000000084f00000| Untracked 
|  52|0x0000000085000000, 0x0000000085100000, 0x0000000085100000|100%| O|  |TAMS 0x0000000085000000, 0x0000000085000000| Untracked 
|  53|0x0000000085100000, 0x0000000085100000, 0x0000000085200000|  0%| F|  |TAMS 0x0000000085100000, 0x0000000085100000| Untracked 
|  54|0x0000000085200000, 0x0000000085200000, 0x0000000085300000|  0%| F|  |TAMS 0x0000000085200000, 0x0000000085200000| Untracked 
|  55|0x0000000085300000, 0x0000000085300000, 0x0000000085400000|  0%| F|  |TAMS 0x0000000085300000, 0x0000000085300000| Untracked 
|  56|0x0000000085400000, 0x0000000085500000, 0x0000000085500000|100%| O|  |TAMS 0x0000000085400000, 0x0000000085400000| Untracked 
|  57|0x0000000085500000, 0x0000000085500000, 0x0000000085600000|  0%| F|  |TAMS 0x0000000085500000, 0x0000000085500000| Untracked 
|  58|0x0000000085600000, 0x0000000085600000, 0x0000000085700000|  0%| F|  |TAMS 0x0000000085600000, 0x0000000085600000| Untracked 
|  59|0x0000000085700000, 0x0000000085700000, 0x0000000085800000|  0%| F|  |TAMS 0x0000000085700000, 0x0000000085700000| Untracked 
|  60|0x0000000085800000, 0x0000000085800000, 0x0000000085900000|  0%| F|  |TAMS 0x0000000085800000, 0x0000000085800000| Untracked 
|  61|0x0000000085900000, 0x0000000085900000, 0x0000000085a00000|  0%| F|  |TAMS 0x0000000085900000, 0x0000000085900000| Untracked 
|  62|0x0000000085a00000, 0x0000000085a00000, 0x0000000085b00000|  0%| F|  |TAMS 0x0000000085a00000, 0x0000000085a00000| Untracked 
|  63|0x0000000085b00000, 0x0000000085b00000, 0x0000000085c00000|  0%| F|  |TAMS 0x0000000085b00000, 0x0000000085b00000| Untracked 
|  64|0x0000000085c00000, 0x0000000085c00000, 0x0000000085d00000|  0%| F|  |TAMS 0x0000000085c00000, 0x0000000085c00000| Untracked 
|  65|0x0000000085d00000, 0x0000000085d00000, 0x0000000085e00000|  0%| F|  |TAMS 0x0000000085d00000, 0x0000000085d00000| Untracked 
|  66|0x0000000085e00000, 0x0000000085e00000, 0x0000000085f00000|  0%| F|  |TAMS 0x0000000085e00000, 0x0000000085e00000| Untracked 
|  67|0x0000000085f00000, 0x0000000085f00000, 0x0000000086000000|  0%| F|  |TAMS 0x0000000085f00000, 0x0000000085f00000| Untracked 
|  68|0x0000000086000000, 0x0000000086000000, 0x0000000086100000|  0%| F|  |TAMS 0x0000000086000000, 0x0000000086000000| Untracked 
|  69|0x0000000086100000, 0x0000000086100000, 0x0000000086200000|  0%| F|  |TAMS 0x0000000086100000, 0x0000000086100000| Untracked 
|  70|0x0000000086200000, 0x0000000086200000, 0x0000000086300000|  0%| F|  |TAMS 0x0000000086200000, 0x0000000086200000| Untracked 
|  71|0x0000000086300000, 0x0000000086300000, 0x0000000086400000|  0%| F|  |TAMS 0x0000000086300000, 0x0000000086300000| Untracked 
|  72|0x0000000086400000, 0x0000000086400000, 0x0000000086500000|  0%| F|  |TAMS 0x0000000086400000, 0x0000000086400000| Untracked 
|  73|0x0000000086500000, 0x0000000086500000, 0x0000000086600000|  0%| F|  |TAMS 0x0000000086500000, 0x0000000086500000| Untracked 
|  74|0x0000000086600000, 0x0000000086600000, 0x0000000086700000|  0%| F|  |TAMS 0x0000000086600000, 0x0000000086600000| Untracked 
|  75|0x0000000086700000, 0x0000000086700000, 0x0000000086800000|  0%| F|  |TAMS 0x0000000086700000, 0x0000000086700000| Untracked 
|  76|0x0000000086800000, 0x0000000086800000, 0x0000000086900000|  0%| F|  |TAMS 0x0000000086800000, 0x0000000086800000| Untracked 
|  77|0x0000000086900000, 0x0000000086900000, 0x0000000086a00000|  0%| F|  |TAMS 0x0000000086900000, 0x0000000086900000| Untracked 
|  78|0x0000000086a00000, 0x0000000086a00000, 0x0000000086b00000|  0%| F|  |TAMS 0x0000000086a00000, 0x0000000086a00000| Untracked 
|  79|0x0000000086b00000, 0x0000000086b00000, 0x0000000086c00000|  0%| F|  |TAMS 0x0000000086b00000, 0x0000000086b00000| Untracked 
|  80|0x0000000086c00000, 0x0000000086c00000, 0x0000000086d00000|  0%| F|  |TAMS 0x0000000086c00000, 0x0000000086c00000| Untracked 
|  81|0x0000000086d00000, 0x0000000086d00000, 0x0000000086e00000|  0%| F|  |TAMS 0x0000000086d00000, 0x0000000086d00000| Untracked 
|  82|0x0000000086e00000, 0x0000000086e00000, 0x0000000086f00000|  0%| F|  |TAMS 0x0000000086e00000, 0x0000000086e00000| Untracked 
|  83|0x0000000086f00000, 0x0000000086f00000, 0x0000000087000000|  0%| F|  |TAMS 0x0000000086f00000, 0x0000000086f00000| Untracked 
|  84|0x0000000087000000, 0x0000000087000000, 0x0000000087100000|  0%| F|  |TAMS 0x0000000087000000, 0x0000000087000000| Untracked 
|  85|0x0000000087100000, 0x0000000087100000, 0x0000000087200000|  0%| F|  |TAMS 0x0000000087100000, 0x0000000087100000| Untracked 
|  86|0x0000000087200000, 0x0000000087200000, 0x0000000087300000|  0%| F|  |TAMS 0x0000000087200000, 0x0000000087200000| Untracked 
|  87|0x0000000087300000, 0x0000000087300000, 0x0000000087400000|  0%| F|  |TAMS 0x0000000087300000, 0x0000000087300000| Untracked 
|  88|0x0000000087400000, 0x0000000087400000, 0x0000000087500000|  0%| F|  |TAMS 0x0000000087400000, 0x0000000087400000| Untracked 
|  89|0x0000000087500000, 0x0000000087500000, 0x0000000087600000|  0%| F|  |TAMS 0x0000000087500000, 0x0000000087500000| Untracked 
|  90|0x0000000087600000, 0x0000000087600000, 0x0000000087700000|  0%| F|  |TAMS 0x0000000087600000, 0x0000000087600000| Untracked 
|  91|0x0000000087700000, 0x0000000087700000, 0x0000000087800000|  0%| F|  |TAMS 0x0000000087700000, 0x0000000087700000| Untracked 
|  92|0x0000000087800000, 0x0000000087800000, 0x0000000087900000|  0%| F|  |TAMS 0x0000000087800000, 0x0000000087800000| Untracked 
|  93|0x0000000087900000, 0x0000000087900000, 0x0000000087a00000|  0%| F|  |TAMS 0x0000000087900000, 0x0000000087900000| Untracked 
|  94|0x0000000087a00000, 0x0000000087a00000, 0x0000000087b00000|  0%| F|  |TAMS 0x0000000087a00000, 0x0000000087a00000| Untracked 
|  95|0x0000000087b00000, 0x0000000087b00000, 0x0000000087c00000|  0%| F|  |TAMS 0x0000000087b00000, 0x0000000087b00000| Untracked 
|  96|0x0000000087c00000, 0x0000000087c00000, 0x0000000087d00000|  0%| F|  |TAMS 0x0000000087c00000, 0x0000000087c00000| Untracked 
|  97|0x0000000087d00000, 0x0000000087d00000, 0x0000000087e00000|  0%| F|  |TAMS 0x0000000087d00000, 0x0000000087d00000| Untracked 
|  98|0x0000000087e00000, 0x0000000087e00000, 0x0000000087f00000|  0%| F|  |TAMS 0x0000000087e00000, 0x0000000087e00000| Untracked 
|  99|0x0000000087f00000, 0x0000000087f00000, 0x0000000088000000|  0%| F|  |TAMS 0x0000000087f00000, 0x0000000087f00000| Untracked 
| 100|0x0000000088000000, 0x0000000088000000, 0x0000000088100000|  0%| F|  |TAMS 0x0000000088000000, 0x0000000088000000| Untracked 
| 101|0x0000000088100000, 0x0000000088100000, 0x0000000088200000|  0%| F|  |TAMS 0x0000000088100000, 0x0000000088100000| Untracked 
| 102|0x0000000088200000, 0x0000000088200000, 0x0000000088300000|  0%| F|  |TAMS 0x0000000088200000, 0x0000000088200000| Untracked 
| 103|0x0000000088300000, 0x0000000088300000, 0x0000000088400000|  0%| F|  |TAMS 0x0000000088300000, 0x0000000088300000| Untracked 
| 104|0x0000000088400000, 0x0000000088400000, 0x0000000088500000|  0%| F|  |TAMS 0x0000000088400000, 0x0000000088400000| Untracked 
| 105|0x0000000088500000, 0x0000000088500000, 0x0000000088600000|  0%| F|  |TAMS 0x0000000088500000, 0x0000000088500000| Untracked 
| 106|0x0000000088600000, 0x0000000088600000, 0x0000000088700000|  0%| F|  |TAMS 0x0000000088600000, 0x0000000088600000| Untracked 
| 107|0x0000000088700000, 0x0000000088700000, 0x0000000088800000|  0%| F|  |TAMS 0x0000000088700000, 0x0000000088700000| Untracked 
| 108|0x0000000088800000, 0x0000000088800000, 0x0000000088900000|  0%| F|  |TAMS 0x0000000088800000, 0x0000000088800000| Untracked 
| 109|0x0000000088900000, 0x0000000088900000, 0x0000000088a00000|  0%| F|  |TAMS 0x0000000088900000, 0x0000000088900000| Untracked 
| 110|0x0000000088a00000, 0x0000000088a00000, 0x0000000088b00000|  0%| F|  |TAMS 0x0000000088a00000, 0x0000000088a00000| Untracked 
| 111|0x0000000088b00000, 0x0000000088b00000, 0x0000000088c00000|  0%| F|  |TAMS 0x0000000088b00000, 0x0000000088b00000| Untracked 
| 112|0x0000000088c00000, 0x0000000088c00000, 0x0000000088d00000|  0%| F|  |TAMS 0x0000000088c00000, 0x0000000088c00000| Untracked 
| 113|0x0000000088d00000, 0x0000000088d00000, 0x0000000088e00000|  0%| F|  |TAMS 0x0000000088d00000, 0x0000000088d00000| Untracked 
| 114|0x0000000088e00000, 0x0000000088e00000, 0x0000000088f00000|  0%| F|  |TAMS 0x0000000088e00000, 0x0000000088e00000| Untracked 
| 115|0x0000000088f00000, 0x0000000088f00000, 0x0000000089000000|  0%| F|  |TAMS 0x0000000088f00000, 0x0000000088f00000| Untracked 
| 116|0x0000000089000000, 0x0000000089000000, 0x0000000089100000|  0%| F|  |TAMS 0x0000000089000000, 0x0000000089000000| Untracked 
| 117|0x0000000089100000, 0x0000000089100000, 0x0000000089200000|  0%| F|  |TAMS 0x0000000089100000, 0x0000000089100000| Untracked 
| 118|0x0000000089200000, 0x0000000089200000, 0x0000000089300000|  0%| F|  |TAMS 0x0000000089200000, 0x0000000089200000| Untracked 
| 119|0x0000000089300000, 0x0000000089300000, 0x0000000089400000|  0%| F|  |TAMS 0x0000000089300000, 0x0000000089300000| Untracked 
| 120|0x0000000089400000, 0x0000000089400000, 0x0000000089500000|  0%| F|  |TAMS 0x0000000089400000, 0x0000000089400000| Untracked 
| 121|0x0000000089500000, 0x0000000089500000, 0x0000000089600000|  0%| F|  |TAMS 0x0000000089500000, 0x0000000089500000| Untracked 
| 122|0x0000000089600000, 0x0000000089600000, 0x0000000089700000|  0%| F|  |TAMS 0x0000000089600000, 0x0000000089600000| Untracked 
| 123|0x0000000089700000, 0x0000000089700000, 0x0000000089800000|  0%| F|  |TAMS 0x0000000089700000, 0x0000000089700000| Untracked 
| 124|0x0000000089800000, 0x0000000089800000, 0x0000000089900000|  0%| F|  |TAMS 0x0000000089800000, 0x0000000089800000| Untracked 
| 125|0x0000000089900000, 0x0000000089900000, 0x0000000089a00000|  0%| F|  |TAMS 0x0000000089900000, 0x0000000089900000| Untracked 
| 126|0x0000000089a00000, 0x0000000089a00000, 0x0000000089b00000|  0%| F|  |TAMS 0x0000000089a00000, 0x0000000089a00000| Untracked 
| 127|0x0000000089b00000, 0x0000000089c00000, 0x0000000089c00000|100%| S|CS|TAMS 0x0000000089b00000, 0x0000000089b00000| Complete 
|2014|0x00000000ffa00000, 0x00000000ffb00000, 0x00000000ffb00000|100%| O|  |TAMS 0x00000000ffb00000, 0x00000000ffa00000| Untracked 
|2015|0x00000000ffb00000, 0x00000000ffb00000, 0x00000000ffc00000|  0%| F|  |TAMS 0x00000000ffb00000, 0x00000000ffb00000| Untracked 
|2016|0x00000000ffc00000, 0x00000000ffd00000, 0x00000000ffd00000|100%| O|  |TAMS 0x00000000ffd00000, 0x00000000ffc00000| Untracked 
|2017|0x00000000ffd00000, 0x00000000ffd00000, 0x00000000ffe00000|  0%| F|  |TAMS 0x00000000ffd00000, 0x00000000ffd00000| Untracked 
|2018|0x00000000ffe00000, 0x00000000ffe00000, 0x00000000fff00000|  0%| F|  |TAMS 0x00000000ffe00000, 0x00000000ffe00000| Untracked 
|2019|0x00000000fff00000, 0x0000000100000000, 0x0000000100000000|100%| O|  |TAMS 0x0000000100000000, 0x00000000fff00000| Untracked 

Card table byte_map: [0x000001c371150000,0x000001c371550000] _byte_map_base: 0x000001c370d42000

Marking Bits (Prev, Next): (CMBitMap*) 0x000001c3587101d0, (CMBitMap*) 0x000001c358710190
 Prev Bits: [0x000001c3738e0000, 0x000001c375870000)
 Next Bits: [0x000001c371950000, 0x000001c3738e0000)

Polling page: 0x000001c3616e0000

Metaspace:

Usage:
  Non-class:     22.50 MB used.
      Class:      2.83 MB used.
       Both:     25.33 MB used.

Virtual space:
  Non-class space:       24.00 MB reserved,      22.62 MB ( 94%) committed,  3 nodes.
      Class space:        1.00 GB reserved,       3.00 MB ( <1%) committed,  1 nodes.
             Both:        1.02 GB reserved,      25.62 MB (  2%) committed. 

Chunk freelists:
   Non-Class:  769.00 KB
       Class:  1007.00 KB
        Both:  1.73 MB

MaxMetaspaceSize: unlimited
CompressedClassSpaceSize: 1.00 GB
Initial GC threshold: 21.00 MB
Current GC threshold: 42.62 MB
CDS: on
MetaspaceReclaimPolicy: balanced
 - commit_granule_bytes: 65536.
 - commit_granule_words: 8192.
 - virtual_space_node_default_size: 1048576.
 - enlarge_chunks_in_place: 1.
 - new_chunks_are_fully_committed: 0.
 - uncommit_free_chunks: 1.
 - use_allocation_guard: 0.
 - handle_deallocations: 1.


Internal statistics:

num_allocs_failed_limit: 6.
num_arena_births: 190.
num_arena_deaths: 0.
num_vsnodes_births: 4.
num_vsnodes_deaths: 0.
num_space_committed: 410.
num_space_uncommitted: 0.
num_chunks_returned_to_freelist: 6.
num_chunks_taken_from_freelist: 1106.
num_chunk_merges: 6.
num_chunk_splits: 796.
num_chunks_enlarged: 627.
num_purges: 0.
num_inconsistent_stats: 0.

CodeHeap 'non-profiled nmethods': size=120000Kb used=2942Kb max_used=3303Kb free=117057Kb
 bounds [0x000001c3691d0000, 0x000001c369520000, 0x000001c370700000]
CodeHeap 'profiled nmethods': size=120000Kb used=11206Kb max_used=13407Kb free=108793Kb
 bounds [0x000001c361ca0000, 0x000001c3629d0000, 0x000001c3691d0000]
CodeHeap 'non-nmethods': size=5760Kb used=1201Kb max_used=1305Kb free=4558Kb
 bounds [0x000001c361700000, 0x000001c361970000, 0x000001c361ca0000]
 total_blobs=5898 nmethods=5397 adapters=413
 compilation: enabled
              stopped_count=0, restarted_count=0
 full_count=0

Compilation events (20 events):
Event: 13.703 Thread 0x000001c377e84870 nmethod 6278 0x000001c361cf9a90 code [0x000001c361cf9ca0, 0x000001c361cfa308]
Event: 13.703 Thread 0x000001c377e84870 6279       3       jdk.nio.zipfs.ZipFileSystem::getInputStream (186 bytes)
Event: 13.705 Thread 0x000001c377e84870 nmethod 6279 0x000001c362444510 code [0x000001c362444800, 0x000001c362445a78]
Event: 13.718 Thread 0x000001c377e86700 6280       4       java.util.concurrent.locks.AbstractQueuedSynchronizer::acquireShared (20 bytes)
Event: 13.718 Thread 0x000001c377e84870 6281   !   3       sun.nio.fs.WindowsLinkSupport::getFinalPath (175 bytes)
Event: 13.720 Thread 0x000001c377e84870 nmethod 6281 0x000001c361e4b910 code [0x000001c361e4bc60, 0x000001c361e4cfe8]
Event: 13.721 Thread 0x000001c377e86700 nmethod 6280 0x000001c3692a6d90 code [0x000001c3692a6f20, 0x000001c3692a71b8]
Event: 13.734 Thread 0x000001c377e84870 6282       3       java.util.Collections$SingletonMap::containsKey (9 bytes)
Event: 13.734 Thread 0x000001c377e84870 nmethod 6282 0x000001c361d09b10 code [0x000001c361d09cc0, 0x000001c361d09fa8]
Event: 13.747 Thread 0x000001c377e84870 6283       3       jdk.nio.zipfs.ZipCoder$UTF8::getBytes (40 bytes)
Event: 13.748 Thread 0x000001c377e84870 nmethod 6283 0x000001c361eb3410 code [0x000001c361eb3660, 0x000001c361eb3fd8]
Event: 13.755 Thread 0x000001c377e86700 6284       4       java.util.concurrent.locks.ReentrantReadWriteLock$Sync::tryReleaseShared (146 bytes)
Event: 13.757 Thread 0x000001c377e86700 nmethod 6284 0x000001c3693ed110 code [0x000001c3693ed280, 0x000001c3693ed3f8]
Event: 13.761 Thread 0x000001c379897210 nmethod 6192 0x000001c369509c10 code [0x000001c36950a120, 0x000001c369510ac8]
Event: 13.777 Thread 0x000001c377e84870 6285  s    3       com.sun.tools.javac.file.FSInfo::getJarFSProvider (64 bytes)
Event: 13.778 Thread 0x000001c377e84870 nmethod 6285 0x000001c361eec790 code [0x000001c361eec9c0, 0x000001c361eed258]
Event: 13.848 Thread 0x000001c379897210 6286       4       jdk.nio.zipfs.ZipPath::equals (38 bytes)
Event: 13.848 Thread 0x000001c377e86700 6287       4       jdk.nio.zipfs.ZipPath::compareTo (87 bytes)
Event: 13.852 Thread 0x000001c377e86700 nmethod 6287 0x000001c3691fa490 code [0x000001c3691fa620, 0x000001c3691fa7f8]
Event: 13.852 Thread 0x000001c379897210 nmethod 6286 0x000001c369424490 code [0x000001c369424620, 0x000001c369424818]

GC Heap History (20 events):
Event: 2.367 GC heap after
{Heap after GC invocations=2 (full 0):
 garbage-first heap   total 131072K, used 3619K [0x0000000081c00000, 0x0000000100000000)
  region size 1024K, 1 young (1024K), 1 survivors (1024K)
 Metaspace       used 4948K, committed 5056K, reserved 1056768K
  class space    used 579K, committed 640K, reserved 1048576K
}
Event: 5.780 GC heap before
{Heap before GC invocations=2 (full 0):
 garbage-first heap   total 131072K, used 80419K [0x0000000081c00000, 0x0000000100000000)
  region size 1024K, 76 young (77824K), 1 survivors (1024K)
 Metaspace       used 12871K, committed 13056K, reserved 1064960K
  class space    used 1477K, committed 1536K, reserved 1048576K
}
Event: 5.798 GC heap after
{Heap after GC invocations=3 (full 0):
 garbage-first heap   total 131072K, used 10614K [0x0000000081c00000, 0x0000000100000000)
  region size 1024K, 8 young (8192K), 8 survivors (8192K)
 Metaspace       used 12871K, committed 13056K, reserved 1064960K
  class space    used 1477K, committed 1536K, reserved 1048576K
}
Event: 8.446 GC heap before
{Heap before GC invocations=3 (full 0):
 garbage-first heap   total 131072K, used 111990K [0x0000000081c00000, 0x0000000100000000)
  region size 1024K, 76 young (77824K), 8 survivors (8192K)
 Metaspace       used 16785K, committed 17024K, reserved 1064960K
  class space    used 1859K, committed 1984K, reserved 1048576K
}
Event: 8.464 GC heap after
{Heap after GC invocations=4 (full 0):
 garbage-first heap   total 131072K, used 14679K [0x0000000081c00000, 0x0000000100000000)
  region size 1024K, 5 young (5120K), 5 survivors (5120K)
 Metaspace       used 16785K, committed 17024K, reserved 1064960K
  class space    used 1859K, committed 1984K, reserved 1048576K
}
Event: 9.172 GC heap before
{Heap before GC invocations=4 (full 0):
 garbage-first heap   total 131072K, used 30039K [0x0000000081c00000, 0x0000000100000000)
  region size 1024K, 17 young (17408K), 5 survivors (5120K)
 Metaspace       used 21280K, committed 21504K, reserved 1073152K
  class space    used 2432K, committed 2560K, reserved 1048576K
}
Event: 9.184 GC heap after
{Heap after GC invocations=5 (full 0):
 garbage-first heap   total 131072K, used 22971K [0x0000000081c00000, 0x0000000100000000)
  region size 1024K, 9 young (9216K), 9 survivors (9216K)
 Metaspace       used 21280K, committed 21504K, reserved 1073152K
  class space    used 2432K, committed 2560K, reserved 1048576K
}
Event: 10.501 GC heap before
{Heap before GC invocations=6 (full 0):
 garbage-first heap   total 81920K, used 63931K [0x0000000081c00000, 0x0000000100000000)
  region size 1024K, 48 young (49152K), 9 survivors (9216K)
 Metaspace       used 23340K, committed 23552K, reserved 1073152K
  class space    used 2639K, committed 2752K, reserved 1048576K
}
Event: 10.535 GC heap after
{Heap after GC invocations=7 (full 0):
 garbage-first heap   total 88064K, used 35645K [0x0000000081c00000, 0x0000000100000000)
  region size 1024K, 6 young (6144K), 6 survivors (6144K)
 Metaspace       used 23340K, committed 23552K, reserved 1073152K
  class space    used 2639K, committed 2752K, reserved 1048576K
}
Event: 10.544 GC heap before
{Heap before GC invocations=7 (full 0):
 garbage-first heap   total 88064K, used 36669K [0x0000000081c00000, 0x0000000100000000)
  region size 1024K, 7 young (7168K), 6 survivors (6144K)
 Metaspace       used 23340K, committed 23552K, reserved 1073152K
  class space    used 2639K, committed 2752K, reserved 1048576K
}
Event: 10.556 GC heap after
{Heap after GC invocations=8 (full 0):
 garbage-first heap   total 88064K, used 36864K [0x0000000081c00000, 0x0000000100000000)
  region size 1024K, 1 young (1024K), 1 survivors (1024K)
 Metaspace       used 23340K, committed 23552K, reserved 1073152K
  class space    used 2639K, committed 2752K, reserved 1048576K
}
Event: 12.004 GC heap before
{Heap before GC invocations=8 (full 0):
 garbage-first heap   total 88064K, used 62464K [0x0000000081c00000, 0x0000000100000000)
  region size 1024K, 26 young (26624K), 1 survivors (1024K)
 Metaspace       used 25471K, committed 25728K, reserved 1073152K
  class space    used 2890K, committed 3008K, reserved 1048576K
}
Event: 12.019 GC heap after
{Heap after GC invocations=9 (full 0):
 garbage-first heap   total 88064K, used 41984K [0x0000000081c00000, 0x0000000100000000)
  region size 1024K, 4 young (4096K), 4 survivors (4096K)
 Metaspace       used 25471K, committed 25728K, reserved 1073152K
  class space    used 2890K, committed 3008K, reserved 1048576K
}
Event: 13.145 GC heap before
{Heap before GC invocations=10 (full 0):
 garbage-first heap   total 88064K, used 55296K [0x0000000081c00000, 0x0000000100000000)
  region size 1024K, 16 young (16384K), 4 survivors (4096K)
 Metaspace       used 25850K, committed 26176K, reserved 1073152K
  class space    used 2899K, committed 3072K, reserved 1048576K
}
Event: 13.160 GC heap after
{Heap after GC invocations=11 (full 0):
 garbage-first heap   total 88064K, used 42952K [0x0000000081c00000, 0x0000000100000000)
  region size 1024K, 1 young (1024K), 1 survivors (1024K)
 Metaspace       used 25850K, committed 26176K, reserved 1073152K
  class space    used 2899K, committed 3072K, reserved 1048576K
}
Event: 13.804 GC heap before
{Heap before GC invocations=12 (full 0):
 garbage-first heap   total 88064K, used 68552K [0x0000000081c00000, 0x0000000100000000)
  region size 1024K, 24 young (24576K), 1 survivors (1024K)
 Metaspace       used 25936K, committed 26240K, reserved 1073152K
  class space    used 2899K, committed 3072K, reserved 1048576K
}
Event: 13.823 GC heap after
{Heap after GC invocations=13 (full 0):
 garbage-first heap   total 88064K, used 58368K [0x0000000081c00000, 0x0000000100000000)
  region size 1024K, 3 young (3072K), 3 survivors (3072K)
 Metaspace       used 25936K, committed 26240K, reserved 1073152K
  class space    used 2899K, committed 3072K, reserved 1048576K
}
Event: 13.834 GC heap before
{Heap before GC invocations=13 (full 0):
 garbage-first heap   total 88064K, used 59392K [0x0000000081c00000, 0x0000000100000000)
  region size 1024K, 4 young (4096K), 3 survivors (3072K)
 Metaspace       used 25936K, committed 26240K, reserved 1073152K
  class space    used 2899K, committed 3072K, reserved 1048576K
}
Event: 13.846 GC heap after
{Heap after GC invocations=14 (full 0):
 garbage-first heap   total 88064K, used 52349K [0x0000000081c00000, 0x0000000100000000)
  region size 1024K, 1 young (1024K), 1 survivors (1024K)
 Metaspace       used 25936K, committed 26240K, reserved 1073152K
  class space    used 2899K, committed 3072K, reserved 1048576K
}
Event: 13.931 GC heap before
{Heap before GC invocations=14 (full 0):
 garbage-first heap   total 88064K, used 55421K [0x0000000081c00000, 0x0000000100000000)
  region size 1024K, 4 young (4096K), 1 survivors (1024K)
 Metaspace       used 25936K, committed 26240K, reserved 1073152K
  class space    used 2899K, committed 3072K, reserved 1048576K
}

Deoptimization events (20 events):
Event: 13.228 Thread 0x000001c3586b5680 Uncommon trap: trap_request=0xffffffde fr.pc=0x000001c3694a74f0 relative=0x0000000000004ff0
Event: 13.228 Thread 0x000001c3586b5680 Uncommon trap: reason=class_check action=maybe_recompile pc=0x000001c3694a74f0 method=com.sun.tools.javac.code.Symtab.lookupPackage(Lcom/sun/tools/javac/code/Symbol$ModuleSymbol;Lcom/sun/tools/javac/util/Name;Z)Lcom/sun/tools/javac/code/Symbol$PackageSymb
Event: 13.228 Thread 0x000001c3586b5680 DEOPT PACKING pc=0x000001c3694a74f0 sp=0x000000963e3fd160
Event: 13.228 Thread 0x000001c3586b5680 DEOPT UNPACKING pc=0x000001c3617523a3 sp=0x000000963e3fd170 mode 2
Event: 13.228 Thread 0x000001c3586b5680 Uncommon trap: trap_request=0xffffffde fr.pc=0x000001c3694a74f0 relative=0x0000000000004ff0
Event: 13.228 Thread 0x000001c3586b5680 Uncommon trap: reason=class_check action=maybe_recompile pc=0x000001c3694a74f0 method=com.sun.tools.javac.code.Symtab.lookupPackage(Lcom/sun/tools/javac/code/Symbol$ModuleSymbol;Lcom/sun/tools/javac/util/Name;Z)Lcom/sun/tools/javac/code/Symbol$PackageSymb
Event: 13.228 Thread 0x000001c3586b5680 DEOPT PACKING pc=0x000001c3694a74f0 sp=0x000000963e3fd160
Event: 13.228 Thread 0x000001c3586b5680 DEOPT UNPACKING pc=0x000001c3617523a3 sp=0x000000963e3fd170 mode 2
Event: 13.228 Thread 0x000001c3586b5680 Uncommon trap: trap_request=0xffffffde fr.pc=0x000001c3694a74f0 relative=0x0000000000004ff0
Event: 13.228 Thread 0x000001c3586b5680 Uncommon trap: reason=class_check action=maybe_recompile pc=0x000001c3694a74f0 method=com.sun.tools.javac.code.Symtab.lookupPackage(Lcom/sun/tools/javac/code/Symbol$ModuleSymbol;Lcom/sun/tools/javac/util/Name;Z)Lcom/sun/tools/javac/code/Symbol$PackageSymb
Event: 13.228 Thread 0x000001c3586b5680 DEOPT PACKING pc=0x000001c3694a74f0 sp=0x000000963e3fd160
Event: 13.228 Thread 0x000001c3586b5680 DEOPT UNPACKING pc=0x000001c3617523a3 sp=0x000000963e3fd170 mode 2
Event: 13.228 Thread 0x000001c3586b5680 Uncommon trap: trap_request=0xffffffde fr.pc=0x000001c3694a74f0 relative=0x0000000000004ff0
Event: 13.228 Thread 0x000001c3586b5680 Uncommon trap: reason=class_check action=maybe_recompile pc=0x000001c3694a74f0 method=com.sun.tools.javac.code.Symtab.lookupPackage(Lcom/sun/tools/javac/code/Symbol$ModuleSymbol;Lcom/sun/tools/javac/util/Name;Z)Lcom/sun/tools/javac/code/Symbol$PackageSymb
Event: 13.235 Thread 0x000001c3586b5680 DEOPT PACKING pc=0x000001c3694a74f0 sp=0x000000963e3fd160
Event: 13.235 Thread 0x000001c3586b5680 DEOPT UNPACKING pc=0x000001c3617523a3 sp=0x000000963e3fd170 mode 2
Event: 13.321 Thread 0x000001c3586b5680 DEOPT PACKING pc=0x000001c3623cedb4 sp=0x000000963e3fcd90
Event: 13.321 Thread 0x000001c3586b5680 DEOPT UNPACKING pc=0x000001c361752b43 sp=0x000000963e3fc200 mode 0
Event: 13.321 Thread 0x000001c3586b5680 DEOPT PACKING pc=0x000001c3623cedb4 sp=0x000000963e3fcd90
Event: 13.321 Thread 0x000001c3586b5680 DEOPT UNPACKING pc=0x000001c361752b43 sp=0x000000963e3fc200 mode 0

Classes unloaded (0 events):
No events

Classes redefined (0 events):
No events

Internal exceptions (20 events):
Event: 12.628 Thread 0x000001c3586b5680 Exception <a 'sun/nio/fs/WindowsException'{0x0000000088c52ae0}> (0x0000000088c52ae0) 
thrown [s\open\src\hotspot\share\prims\jni.cpp, line 516]
Event: 12.629 Thread 0x000001c3586b5680 Exception <a 'sun/nio/fs/WindowsException'{0x0000000088c52f00}> (0x0000000088c52f00) 
thrown [s\open\src\hotspot\share\prims\jni.cpp, line 516]
Event: 12.629 Thread 0x000001c3586b5680 Exception <a 'sun/nio/fs/WindowsException'{0x0000000088c58df8}> (0x0000000088c58df8) 
thrown [s\open\src\hotspot\share\prims\jni.cpp, line 516]
Event: 12.629 Thread 0x000001c3586b5680 Exception <a 'sun/nio/fs/WindowsException'{0x0000000088c591d0}> (0x0000000088c591d0) 
thrown [s\open\src\hotspot\share\prims\jni.cpp, line 516]
Event: 12.630 Thread 0x000001c3586b5680 Exception <a 'sun/nio/fs/WindowsException'{0x0000000088c68348}> (0x0000000088c68348) 
thrown [s\open\src\hotspot\share\prims\jni.cpp, line 516]
Event: 12.630 Thread 0x000001c3586b5680 Exception <a 'sun/nio/fs/WindowsException'{0x0000000088c68768}> (0x0000000088c68768) 
thrown [s\open\src\hotspot\share\prims\jni.cpp, line 516]
Event: 12.630 Thread 0x000001c3586b5680 Exception <a 'sun/nio/fs/WindowsException'{0x0000000088c6a7d0}> (0x0000000088c6a7d0) 
thrown [s\open\src\hotspot\share\prims\jni.cpp, line 516]
Event: 12.630 Thread 0x000001c3586b5680 Exception <a 'sun/nio/fs/WindowsException'{0x0000000088c6ac78}> (0x0000000088c6ac78) 
thrown [s\open\src\hotspot\share\prims\jni.cpp, line 516]
Event: 12.650 Thread 0x000001c3586b5680 Exception <a 'sun/nio/fs/WindowsException'{0x0000000088cc8418}> (0x0000000088cc8418) 
thrown [s\open\src\hotspot\share\prims\jni.cpp, line 516]
Event: 12.659 Thread 0x000001c3586b5680 Exception <a 'sun/nio/fs/WindowsException'{0x0000000088ce6af8}> (0x0000000088ce6af8) 
thrown [s\open\src\hotspot\share\prims\jni.cpp, line 516]
Event: 13.225 Thread 0x000001c3586b5680 Exception <a 'sun/nio/fs/WindowsException'{0x0000000088d91b90}> (0x0000000088d91b90) 
thrown [s\open\src\hotspot\share\prims\jni.cpp, line 516]
Event: 13.226 Thread 0x000001c3586b5680 Exception <a 'sun/nio/fs/WindowsException'{0x0000000088d91ee0}> (0x0000000088d91ee0) 
thrown [s\open\src\hotspot\share\prims\jni.cpp, line 516]
Event: 13.251 Thread 0x000001c3586b5680 Exception <a 'sun/nio/fs/WindowsException'{0x0000000088df43c8}> (0x0000000088df43c8) 
thrown [s\open\src\hotspot\share\prims\jni.cpp, line 516]
Event: 13.251 Thread 0x000001c3586b5680 Exception <a 'sun/nio/fs/WindowsException'{0x0000000088df4608}> (0x0000000088df4608) 
thrown [s\open\src\hotspot\share\prims\jni.cpp, line 516]
Event: 13.460 Thread 0x000001c3586b5680 Exception <a 'sun/nio/fs/WindowsException'{0x00000000887bfd38}> (0x00000000887bfd38) 
thrown [s\open\src\hotspot\share\prims\jni.cpp, line 516]
Event: 13.460 Thread 0x000001c3586b5680 Exception <a 'sun/nio/fs/WindowsException'{0x00000000887c00a8}> (0x00000000887c00a8) 
thrown [s\open\src\hotspot\share\prims\jni.cpp, line 516]
Event: 13.466 Thread 0x000001c3586b5680 Exception <a 'sun/nio/fs/WindowsException'{0x00000000887c1220}> (0x00000000887c1220) 
thrown [s\open\src\hotspot\share\prims\jni.cpp, line 516]
Event: 13.466 Thread 0x000001c3586b5680 Exception <a 'sun/nio/fs/WindowsException'{0x00000000887c1658}> (0x00000000887c1658) 
thrown [s\open\src\hotspot\share\prims\jni.cpp, line 516]
Event: 13.467 Thread 0x000001c3586b5680 Exception <a 'sun/nio/fs/WindowsException'{0x00000000887c2870}> (0x00000000887c2870) 
thrown [s\open\src\hotspot\share\prims\jni.cpp, line 516]
Event: 13.467 Thread 0x000001c3586b5680 Exception <a 'sun/nio/fs/WindowsException'{0x00000000887c2c00}> (0x00000000887c2c00) 
thrown [s\open\src\hotspot\share\prims\jni.cpp, line 516]

VM Operations (20 events):
Event: 12.414 Executing VM operation: HandshakeAllThreads done
Event: 12.491 Executing VM operation: ICBufferFull
Event: 12.492 Executing VM operation: ICBufferFull done
Event: 13.145 Executing VM operation: G1TryInitiateConcMark
Event: 13.161 Executing VM operation: G1TryInitiateConcMark done
Event: 13.229 Executing VM operation: HandshakeAllThreads
Event: 13.229 Executing VM operation: HandshakeAllThreads done
Event: 13.235 Executing VM operation: G1Concurrent
Event: 13.243 Executing VM operation: G1Concurrent done
Event: 13.278 Executing VM operation: G1Concurrent
Event: 13.278 Executing VM operation: G1Concurrent done
Event: 13.294 Executing VM operation: HandshakeAllThreads
Event: 13.294 Executing VM operation: HandshakeAllThreads done
Event: 13.611 Executing VM operation: HandshakeAllThreads
Event: 13.611 Executing VM operation: HandshakeAllThreads done
Event: 13.804 Executing VM operation: G1CollectForAllocation
Event: 13.824 Executing VM operation: G1CollectForAllocation done
Event: 13.834 Executing VM operation: G1CollectForAllocation
Event: 13.846 Executing VM operation: G1CollectForAllocation done
Event: 13.931 Executing VM operation: G1CollectForAllocation

Events (20 events):
Event: 13.621 Thread 0x000001c377e85170 flushing nmethod 0x000001c36274d890
Event: 13.621 Thread 0x000001c377e85170 flushing nmethod 0x000001c362765d90
Event: 13.621 Thread 0x000001c377e85170 flushing nmethod 0x000001c362766590
Event: 13.621 Thread 0x000001c377e85170 flushing nmethod 0x000001c362767010
Event: 13.621 Thread 0x000001c377e85170 flushing nmethod 0x000001c36277e910
Event: 13.621 Thread 0x000001c377e85170 flushing nmethod 0x000001c362788c90
Event: 13.621 Thread 0x000001c377e85170 flushing nmethod 0x000001c36278a910
Event: 13.621 Thread 0x000001c377e85170 flushing nmethod 0x000001c36278f790
Event: 13.621 Thread 0x000001c377e85170 flushing nmethod 0x000001c3627bb510
Event: 13.621 Thread 0x000001c377e85170 flushing nmethod 0x000001c3627d0690
Event: 13.621 Thread 0x000001c377e85170 flushing nmethod 0x000001c3627d2b10
Event: 13.621 Thread 0x000001c377e85170 flushing nmethod 0x000001c3627df590
Event: 13.621 Thread 0x000001c377e85170 flushing nmethod 0x000001c362818990
Event: 13.621 Thread 0x000001c377e85170 flushing nmethod 0x000001c362829a10
Event: 13.621 Thread 0x000001c377e85170 flushing nmethod 0x000001c36282a790
Event: 13.621 Thread 0x000001c377e85170 flushing nmethod 0x000001c36284ed90
Event: 13.622 Thread 0x000001c377e85170 flushing nmethod 0x000001c362880610
Event: 13.622 Thread 0x000001c377e85170 flushing nmethod 0x000001c36289b710
Event: 13.622 Thread 0x000001c377e85170 flushing nmethod 0x000001c362927c10
Event: 13.622 Thread 0x000001c377e85170 flushing nmethod 0x000001c362928990


Dynamic libraries:
0x00007ff627fc0000 - 0x00007ff627fd0000 	C:\Program Files\Java\jdk-17.0.5\bin\javaw.exe
0x00007ff81a750000 - 0x00007ff81a948000 	C:\WINDOWS\SYSTEM32\ntdll.dll
0x00007ff818780000 - 0x00007ff81883d000 	C:\WINDOWS\System32\KERNEL32.DLL
0x00007ff818480000 - 0x00007ff818776000 	C:\WINDOWS\System32\KERNELBASE.dll
0x00007ff818190000 - 0x00007ff818290000 	C:\WINDOWS\System32\ucrtbase.dll
0x00007ff80ddb0000 - 0x00007ff80ddc8000 	C:\Program Files\Java\jdk-17.0.5\bin\jli.dll
0x00007ff818930000 - 0x00007ff8189e0000 	C:\WINDOWS\System32\ADVAPI32.dll
0x00007ff818840000 - 0x00007ff8188de000 	C:\WINDOWS\System32\msvcrt.dll
0x00007ff819b00000 - 0x00007ff819ba0000 	C:\WINDOWS\System32\sechost.dll
0x00007ff818a60000 - 0x00007ff818b83000 	C:\WINDOWS\System32\RPCRT4.dll
0x00007ff818330000 - 0x00007ff818357000 	C:\WINDOWS\System32\bcrypt.dll
0x00007ff818e20000 - 0x00007ff818fbf000 	C:\WINDOWS\System32\USER32.dll
0x00007ff818160000 - 0x00007ff818182000 	C:\WINDOWS\System32\win32u.dll
0x00007ff819e30000 - 0x00007ff819e5b000 	C:\WINDOWS\System32\GDI32.dll
0x00007ff817e50000 - 0x00007ff817f67000 	C:\WINDOWS\System32\gdi32full.dll
0x00007ff818290000 - 0x00007ff81832d000 	C:\WINDOWS\System32\msvcp_win.dll
0x00007ff80c8a0000 - 0x00007ff80c8ba000 	C:\Program Files\Java\jdk-17.0.5\bin\VCRUNTIME140.dll
0x00007ffff8bc0000 - 0x00007ffff8e5a000 	C:\WINDOWS\WinSxS\amd64_microsoft.windows.common-controls_6595b64144ccf1df_6.0.19041.3636_none_60b6a03d71f818d5\COMCTL32.dll
0x00007ff80cd80000 - 0x00007ff80cd8a000 	C:\WINDOWS\SYSTEM32\VERSION.dll
0x00007ff8188e0000 - 0x00007ff818912000 	C:\WINDOWS\System32\IMM32.DLL
0x00007ff80fd60000 - 0x00007ff80fd6c000 	C:\Program Files\Java\jdk-17.0.5\bin\vcruntime140_1.dll
0x00007fffdc800000 - 0x00007fffdc88d000 	C:\Program Files\Java\jdk-17.0.5\bin\msvcp140.dll
0x00007fff8c650000 - 0x00007fff8d212000 	C:\Program Files\Java\jdk-17.0.5\bin\server\jvm.dll
0x00007ff818e10000 - 0x00007ff818e18000 	C:\WINDOWS\System32\PSAPI.DLL
0x00007ff801590000 - 0x00007ff801599000 	C:\WINDOWS\SYSTEM32\WSOCK32.dll
0x00007ff819c40000 - 0x00007ff819cab000 	C:\WINDOWS\System32\WS2_32.dll
0x00007ff801080000 - 0x00007ff8010a7000 	C:\WINDOWS\SYSTEM32\WINMM.dll
0x00007ff8165e0000 - 0x00007ff8165f2000 	C:\WINDOWS\SYSTEM32\kernel.appcore.dll
0x00007ff80fd30000 - 0x00007ff80fd3a000 	C:\Program Files\Java\jdk-17.0.5\bin\jimage.dll
0x00007ff811cc0000 - 0x00007ff811ea4000 	C:\WINDOWS\SYSTEM32\DBGHELP.DLL
0x00007ffffc690000 - 0x00007ffffc6c4000 	C:\WINDOWS\SYSTEM32\dbgcore.DLL
0x00007ff817f70000 - 0x00007ff817ff2000 	C:\WINDOWS\System32\bcryptPrimitives.dll
0x00007ff80c870000 - 0x00007ff80c895000 	C:\Program Files\Java\jdk-17.0.5\bin\java.dll
0x00007fffda520000 - 0x00007fffda5f6000 	C:\Program Files\Java\jdk-17.0.5\bin\jsvml.dll
0x00007ff819e60000 - 0x00007ff81a5cb000 	C:\WINDOWS\System32\SHELL32.dll
0x00007ff8158a0000 - 0x00007ff81603e000 	C:\WINDOWS\SYSTEM32\windows.storage.dll
0x00007ff818fc0000 - 0x00007ff819313000 	C:\WINDOWS\System32\combase.dll
0x00007ff8176e0000 - 0x00007ff81770e000 	C:\WINDOWS\SYSTEM32\Wldp.dll
0x00007ff818b90000 - 0x00007ff818c5d000 	C:\WINDOWS\System32\OLEAUT32.dll
0x00007ff819320000 - 0x00007ff8193cd000 	C:\WINDOWS\System32\SHCORE.dll
0x00007ff8199f0000 - 0x00007ff819a45000 	C:\WINDOWS\System32\shlwapi.dll
0x00007ff817d30000 - 0x00007ff817d53000 	C:\WINDOWS\SYSTEM32\profapi.dll
0x00007ff80c850000 - 0x00007ff80c869000 	C:\Program Files\Java\jdk-17.0.5\bin\net.dll
0x00007ff806210000 - 0x00007ff80631a000 	C:\WINDOWS\SYSTEM32\WINHTTP.dll
0x00007ff8174c0000 - 0x00007ff81752a000 	C:\WINDOWS\system32\mswsock.dll
0x00007ffffa4d0000 - 0x00007ffffa4e6000 	C:\Program Files\Java\jdk-17.0.5\bin\nio.dll
0x00007ffff3f90000 - 0x00007ffff3fa8000 	C:\Program Files\Java\jdk-17.0.5\bin\zip.dll
0x0000000069ac0000 - 0x0000000069ae4000 	C:\Users\IT CARE\AppData\Local\Temp\jansi-2.4.0-cec4275e78dc008-jansi.dll
0x00007ff80dda0000 - 0x00007ff80ddb0000 	C:\Program Files\Java\jdk-17.0.5\bin\verify.dll

dbghelp: loaded successfully - version: 4.0.5 - missing functions: none
symbol engine: initialized successfully - sym options: 0x614 - pdb path: .;C:\Program Files\Java\jdk-17.0.5\bin;C:\WINDOWS\SYSTEM32;C:\WINDOWS\WinSxS\amd64_microsoft.windows.common-controls_6595b64144ccf1df_6.0.19041.3636_none_60b6a03d71f818d5;C:\Program Files\Java\jdk-17.0.5\bin\server;C:\Users\IT CARE\AppData\Local\Temp

VM Arguments:
jvm_args: -Dmaven.home=EMBEDDED -Dclassworlds.conf=C:\Users\IT CARE\Documents\myAPP2\.metadata\.plugins\org.eclipse.m2e.launching\launches\m2conf8060733935837805039.tmp -Dmaven.multiModuleProjectDirectory=E:\io5\io4\spring-boot-spring-security-jwt-authentication-master -Dfile.encoding=UTF-8 -XX:+ShowCodeDetailsInExceptionMessages 
java_command: org.codehaus.plexus.classworlds.launcher.Launcher -B -Dstyle.color=always install
java_class_path (initial): D:\Downloads\sts-4.16.1.RELEASE\plugins\org.eclipse.m2e.maven.runtime_3.8.601.20220820-1147\jars\plexus-classworlds-2.6.0.jar
Launcher Type: SUN_STANDARD

[Global flags]
     intx CICompilerCount                          = 3                                         {product} {ergonomic}
     uint ConcGCThreads                            = 1                                         {product} {ergonomic}
     uint G1ConcRefinementThreads                  = 4                                         {product} {ergonomic}
   size_t G1HeapRegionSize                         = 1048576                                   {product} {ergonomic}
    uintx GCDrainStackTargetSize                   = 64                                        {product} {ergonomic}
   size_t InitialHeapSize                          = 134217728                                 {product} {ergonomic}
   size_t MarkStackSize                            = 4194304                                   {product} {ergonomic}
   size_t MaxHeapSize                              = 2118123520                                {product} {ergonomic}
   size_t MaxNewSize                               = 1270874112                                {product} {ergonomic}
   size_t MinHeapDeltaBytes                        = 1048576                                   {product} {ergonomic}
   size_t MinHeapSize                              = 8388608                                   {product} {ergonomic}
    uintx NonNMethodCodeHeapSize                   = 5832780                                {pd product} {ergonomic}
    uintx NonProfiledCodeHeapSize                  = 122912730                              {pd product} {ergonomic}
    uintx ProfiledCodeHeapSize                     = 122912730                              {pd product} {ergonomic}
    uintx ReservedCodeCacheSize                    = 251658240                              {pd product} {ergonomic}
     bool SegmentedCodeCache                       = true                                      {product} {ergonomic}
     bool ShowCodeDetailsInExceptionMessages       = true                                   {manageable} {command line}
   size_t SoftMaxHeapSize                          = 2118123520                             {manageable} {ergonomic}
     bool UseCompressedClassPointers               = true                           {product lp64_product} {ergonomic}
     bool UseCompressedOops                        = true                           {product lp64_product} {ergonomic}
     bool UseG1GC                                  = true                                      {product} {ergonomic}
     bool UseLargePagesIndividualAllocation        = false                                  {pd product} {ergonomic}

Logging:
Log output configuration:
 #0: stdout all=warning uptime,level,tags
 #1: stderr all=off uptime,level,tags

Environment Variables:
JAVA_HOME=C:\Program Files\Java\jdk-17.0.5
CLASSPATH=C:\Program Files\Java\jdk-17.0.5\bin
PATH=D:/Downloads/sts-4.16.1.RELEASE//plugins/org.eclipse.justj.openjdk.hotspot.jre.full.win32.x86_64_17.0.4.v20221004-1257/jre/bin/server;D:/Downloads/sts-4.16.1.RELEASE//plugins/org.eclipse.justj.openjdk.hotspot.jre.full.win32.x86_64_17.0.4.v20221004-1257/jre/bin;C:\Python312\Scripts\;C:\Python312\;E:\InformaticaInstalations\clients\tools\datadirect;E:\InformaticaInstalations\java\jre\bin\server;E:\InformaticaInstalations\tools\odbcdrv;E:\InformaticaInstalations\tools\jdbcdrv;E:\InformaticaInstalations\tools\sharedlibs;E:\InformaticaInstalations\tools\datadirect;E:\\java\jre\bin\server;E:\\tools\odbcdrv;E:\\tools\jdbcdrv;E:\\tools\sharedlibs;E:\\tools\datadirect;C:\WINDOWS\system32;C:\WINDOWS;C:\WINDOWS\System32\Wbem;C:\WINDOWS\System32\WindowsPowerShell\v1.0\;C:\WINDOWS\System32\OpenSSH\;C:\Users\IT CARE\Downloads\apache-maven-3.8.6-bin\apache-maven-3.8.6\bin;C:\Program Files\Git\cmd;C:\Program Files\Notepad++;C:\ProgramData\chocolatey\bin;C:\Program Files\PuTTY\;C:\Program Files\Java\jdk-17.0.5\bin;C:\Program Files\Docker\Docker\resources\bin;C:\minikube;C:\Program Files\nodejs\;C:\Program Files\Terraform\;C:\Program Files\Amazon\AWSCLIV2\;C:\Users\IT CARE\AppData\Local\Microsoft\WindowsApps;C:\Program Files\JetBrains\IntelliJ IDEA Community Edition 2022.2.3\bin;;C:\Users\IT CARE\AppData\Local\Programs\Microsoft VS Code\bin;D:\minikube;C:\Program Files\Java\jdk-17.0.5\bin;D:\IntelliJ IDEA 2023.2.3\bin;;C:\Users\IT CARE\AppData\Roaming\npm;C:\Program Files\Terraform\;;C:\WINDOWS\System32;
USERNAME=IT CARE
OS=Windows_NT
PROCESSOR_IDENTIFIER=Intel64 Family 6 Model 78 Stepping 3, GenuineIntel



---------------  S Y S T E M  ---------------

OS:
 Windows 10 , 64 bit Build 19041 (10.0.19041.3636)
OS uptime: 6 days 5:49 hours
Hyper-V role detected

CPU: total 4 (initial active 4) (2 cores per cpu, 2 threads per core) family 6 model 78 stepping 3 microcode 0xcc, cx8, cmov, fxsr, ht, mmx, 3dnowpref, sse, sse2, sse3, ssse3, sse4.1, sse4.2, popcnt, lzcnt, tsc, tscinvbit, avx, avx2, aes, erms, clmul, bmi1, bmi2, rtm, adx, fma, vzeroupper, clflush, clflushopt, hv

Memory: 4k page, system-wide physical 8072M (404M free)
TotalPageFile size 19847M (AvailPageFile size 70M)
current process WorkingSet (physical memory assigned to process): 227M, peak: 240M
current process commit charge ("private bytes"): 300M, peak: 424M

vm_info: Java HotSpot(TM) 64-Bit Server VM (17.0.5+9-LTS-191) for windows-amd64 JRE (17.0.5+9-LTS-191), built on Sep 13 2022 17:31:43 by "mach5one" with MS VC++ 16.8 / 16.9 (VS2019)

END.
