#
# There is insufficient memory for the Java Runtime Environment to continue.
# Native memory allocation (mmap) failed to map 138412032 bytes for G1 virtual space
# Possible reasons:
#   The system is out of physical RAM or swap space
#   The process is running with CompressedOops enabled, and the Java Heap may be blocking the growth of the native heap
# Possible solutions:
#   Reduce memory load on the system
#   Increase physical memory or swap space
#   Check if swap backing store is full
#   Decrease Java heap size (-Xmx/-Xms)
#   Decrease number of Java threads
#   Decrease Java thread stack sizes (-Xss)
#   Set larger code cache with -XX:ReservedCodeCacheSize=
#   JVM is running with Unscaled Compressed Oops mode in which the Java heap is
#     placed in the first 4GB address space. The Java Heap base address is the
#     maximum limit for the native heap growth. Please use -XX:HeapBaseMinAddress
#     to set the Java Heap base and to place the Java Heap above 4GB virtual address.
# This output file may be truncated or incomplete.
#
#  Out of Memory Error (os_windows.cpp:3541), pid=13384, tid=16100
#
# JRE version: Java(TM) SE Runtime Environment (17.0.5+9) (build 17.0.5+9-LTS-191)
# Java VM: Java HotSpot(TM) 64-Bit Server VM (17.0.5+9-LTS-191, mixed mode, sharing, tiered, compressed oops, compressed class ptrs, g1 gc, windows-amd64)
# No core dump will be written. Minidumps are not enabled by default on client versions of Windows
#

---------------  S U M M A R Y ------------

Command Line: -Dmaven.home=EMBEDDED -Dclassworlds.conf=C:\Users\IT CARE\Documents\myAPP2\.metadata\.plugins\org.eclipse.m2e.launching\launches\m2conf176109705737280409.tmp -Dmaven.multiModuleProjectDirectory=E:\io5\io4\spring-boot-spring-security-jwt-authentication-master -Dfile.encoding=UTF-8 -XX:+ShowCodeDetailsInExceptionMessages org.codehaus.plexus.classworlds.launcher.Launcher -B -Dstyle.color=always install

Host: Intel(R) Core(TM) i5-6300U CPU @ 2.40GHz, 4 cores, 7G,  Windows 10 , 64 bit Build 19041 (10.0.19041.3636)
Time: Sun Apr 21 18:08:42 2024 India Standard Time elapsed time: 13.573989 seconds (0d 0h 0m 13s)

---------------  T H R E A D  ---------------

Current thread (0x000001ba7eba2ff0):  VMThread "VM Thread" [stack: 0x00000056f2000000,0x00000056f2100000] [id=16100]

Stack: [0x00000056f2000000,0x00000056f2100000]
Native frames: (J=compiled Java code, j=interpreted, Vv=VM code, C=native code)
V  [jvm.dll+0x672eea]
V  [jvm.dll+0x7d2a04]
V  [jvm.dll+0x7d41ae]
V  [jvm.dll+0x7d4813]
V  [jvm.dll+0x242c15]
V  [jvm.dll+0x66fe09]
V  [jvm.dll+0x664682]
V  [jvm.dll+0x300e8b]
V  [jvm.dll+0x308426]
V  [jvm.dll+0x357ffe]
V  [jvm.dll+0x35822f]
V  [jvm.dll+0x2d80a8]
V  [jvm.dll+0x2d6374]
V  [jvm.dll+0x2d597c]
V  [jvm.dll+0x3193eb]
V  [jvm.dll+0x7d8ceb]
V  [jvm.dll+0x7d9a24]
V  [jvm.dll+0x7d9f3c]
V  [jvm.dll+0x7da314]
V  [jvm.dll+0x7da3e0]
V  [jvm.dll+0x782b4a]
V  [jvm.dll+0x671d75]
C  [ucrtbase.dll+0x21bb2]
C  [KERNEL32.DLL+0x17344]
C  [ntdll.dll+0x526b1]

VM_Operation (0x00000056f1afc030): G1CollectForAllocation, mode: safepoint, requested by thread 0x000001ba723b58b0


---------------  P R O C E S S  ---------------

Threads class SMR info:
_java_thread_list=0x000001ba16c0d6e0, length=13, elements={
0x000001ba723b58b0, 0x000001ba7eba84b0, 0x000001ba7eba9460, 0x000001ba7ebb9ae0,
0x000001ba7ebbb6a0, 0x000001ba7ebbc250, 0x000001ba7ebca120, 0x000001ba7ebcae00,
0x000001ba7ebdc060, 0x000001ba7ec371e0, 0x000001ba7f8a5060, 0x000001ba7f8b2810,
0x000001ba144d6ca0
}

Java Threads: ( => current thread )
  0x000001ba723b58b0 JavaThread "main" [_thread_blocked, id=8260, stack(0x00000056f1a00000,0x00000056f1b00000)]
  0x000001ba7eba84b0 JavaThread "Reference Handler" daemon [_thread_blocked, id=20428, stack(0x00000056f2100000,0x00000056f2200000)]
  0x000001ba7eba9460 JavaThread "Finalizer" daemon [_thread_blocked, id=16508, stack(0x00000056f2200000,0x00000056f2300000)]
  0x000001ba7ebb9ae0 JavaThread "Signal Dispatcher" daemon [_thread_blocked, id=3808, stack(0x00000056f2300000,0x00000056f2400000)]
  0x000001ba7ebbb6a0 JavaThread "Attach Listener" daemon [_thread_blocked, id=15324, stack(0x00000056f2400000,0x00000056f2500000)]
  0x000001ba7ebbc250 JavaThread "Service Thread" daemon [_thread_blocked, id=4328, stack(0x00000056f2500000,0x00000056f2600000)]
  0x000001ba7ebca120 JavaThread "Monitor Deflation Thread" daemon [_thread_blocked, id=10016, stack(0x00000056f2600000,0x00000056f2700000)]
  0x000001ba7ebcae00 JavaThread "C2 CompilerThread0" daemon [_thread_blocked, id=6688, stack(0x00000056f2700000,0x00000056f2800000)]
  0x000001ba7ebdc060 JavaThread "C1 CompilerThread0" daemon [_thread_blocked, id=15260, stack(0x00000056f2800000,0x00000056f2900000)]
  0x000001ba7ec371e0 JavaThread "Sweeper thread" daemon [_thread_blocked, id=3228, stack(0x00000056f2900000,0x00000056f2a00000)]
  0x000001ba7f8a5060 JavaThread "Notification Thread" daemon [_thread_blocked, id=13084, stack(0x00000056f2a00000,0x00000056f2b00000)]
  0x000001ba7f8b2810 JavaThread "Common-Cleaner" daemon [_thread_blocked, id=10596, stack(0x00000056f2c00000,0x00000056f2d00000)]
  0x000001ba144d6ca0 JavaThread "C2 CompilerThread1" daemon [_thread_blocked, id=21152, stack(0x00000056f3000000,0x00000056f3100000)]

Other Threads:
=>0x000001ba7eba2ff0 VMThread "VM Thread" [stack: 0x00000056f2000000,0x00000056f2100000] [id=16100]
  0x000001ba7f8a7540 WatcherThread [stack: 0x00000056f2b00000,0x00000056f2c00000] [id=8452]
  0x000001ba7240ef70 GCTaskThread "GC Thread#0" [stack: 0x00000056f1b00000,0x00000056f1c00000] [id=21100]
  0x000001ba133e21d0 GCTaskThread "GC Thread#1" [stack: 0x00000056f2d00000,0x00000056f2e00000] [id=3708]
  0x000001ba133e2480 GCTaskThread "GC Thread#2" [stack: 0x00000056f2e00000,0x00000056f2f00000] [id=744]
  0x000001ba13394b00 GCTaskThread "GC Thread#3" [stack: 0x00000056f2f00000,0x00000056f3000000] [id=18376]
  0x000001ba7241fb30 ConcurrentGCThread "G1 Main Marker" [stack: 0x00000056f1c00000,0x00000056f1d00000] [id=17592]
  0x000001ba72421550 ConcurrentGCThread "G1 Conc#0" [stack: 0x00000056f1d00000,0x00000056f1e00000] [id=19020]
  0x000001ba7ea60090 ConcurrentGCThread "G1 Refine#0" [stack: 0x00000056f1e00000,0x00000056f1f00000] [id=9544]
  0x000001ba15bddc40 ConcurrentGCThread "G1 Refine#1" [stack: 0x00000056f3100000,0x00000056f3200000] [id=14088]
  0x000001ba14639b70 ConcurrentGCThread "G1 Refine#2" [stack: 0x00000056f3200000,0x00000056f3300000] [id=4292]
  0x000001ba7ea60ab0 ConcurrentGCThread "G1 Service" [stack: 0x00000056f1f00000,0x00000056f2000000] [id=16176]

Threads with active compile tasks:
C2 CompilerThread0    13636 6294       4       jdk.nio.zipfs.ZipPath::getResolvedPath (42 bytes)

VM state: at safepoint (normal execution)

VM Mutex/Monitor currently owned by a thread:  ([mutex/lock_event])
[0x000001ba723b0b20] Threads_lock - owner thread: 0x000001ba7eba2ff0
[0x000001ba723aed50] Heap_lock - owner thread: 0x000001ba723b58b0

Heap address: 0x0000000081c00000, size: 2020 MB, Compressed Oops mode: 32-bit

CDS archive(s) mapped at: [0x0000000800000000-0x0000000800bd0000-0x0000000800bd0000), size 12386304, SharedBaseAddress: 0x0000000800000000, ArchiveRelocationMode: 0.
Compressed class space mapped at: 0x0000000800c00000-0x0000000840c00000, reserved size: 1073741824
Narrow klass base: 0x0000000800000000, Narrow klass shift: 0, Narrow klass range: 0x100000000

GC Precious Log:
 CPUs: 4 total, 4 available
 Memory: 8072M
 Large Page Support: Disabled
 NUMA Support: Disabled
 Compressed Oops: Enabled (32-bit)
 Heap Region Size: 1M
 Heap Min Capacity: 8M
 Heap Initial Capacity: 128M
 Heap Max Capacity: 2020M
 Pre-touch: Disabled
 Parallel Workers: 4
 Concurrent Workers: 1
 Concurrent Refinement Workers: 4
 Periodic GC: Disabled

Heap:
 garbage-first heap   total 135168K, used 60761K [0x0000000081c00000, 0x0000000100000000)
  region size 1024K, 2 young (2048K), 2 survivors (2048K)
 Metaspace       used 25981K, committed 26304K, reserved 1073152K
  class space    used 2902K, committed 3072K, reserved 1048576K

Heap Regions: E=young(eden), S=young(survivor), O=old, HS=humongous(starts), HC=humongous(continues), CS=collection set, F=free, OA=open archive, CA=closed archive, TAMS=top-at-mark-start (previous, next)
|   0|0x0000000081c00000, 0x0000000081d00000, 0x0000000081d00000|100%| O|  |TAMS 0x0000000081d00000, 0x0000000081d00000| Untracked 
|   1|0x0000000081d00000, 0x0000000081e00000, 0x0000000081e00000|100%| O|  |TAMS 0x0000000081e00000, 0x0000000081e00000| Untracked 
|   2|0x0000000081e00000, 0x0000000081f00000, 0x0000000081f00000|100%| O|  |TAMS 0x0000000081f00000, 0x0000000081f00000| Untracked 
|   3|0x0000000081f00000, 0x0000000082000000, 0x0000000082000000|100%| O|  |TAMS 0x0000000082000000, 0x0000000082000000| Untracked 
|   4|0x0000000082000000, 0x0000000082100000, 0x0000000082100000|100%| O|  |TAMS 0x0000000082100000, 0x0000000082100000| Untracked 
|   5|0x0000000082100000, 0x0000000082200000, 0x0000000082200000|100%|HS|  |TAMS 0x0000000082200000, 0x0000000082200000| Complete 
|   6|0x0000000082200000, 0x0000000082300000, 0x0000000082300000|100%|HC|  |TAMS 0x0000000082300000, 0x0000000082300000| Complete 
|   7|0x0000000082300000, 0x0000000082400000, 0x0000000082400000|100%| O|  |TAMS 0x0000000082300000, 0x0000000082400000| Untracked 
|   8|0x0000000082400000, 0x0000000082500000, 0x0000000082500000|100%|HS|  |TAMS 0x0000000082500000, 0x0000000082500000| Complete 
|   9|0x0000000082500000, 0x0000000082600000, 0x0000000082600000|100%| O|  |TAMS 0x0000000082600000, 0x0000000082600000| Untracked 
|  10|0x0000000082600000, 0x0000000082700000, 0x0000000082700000|100%| O|  |TAMS 0x0000000082700000, 0x0000000082700000| Untracked 
|  11|0x0000000082700000, 0x0000000082800000, 0x0000000082800000|100%| O|  |TAMS 0x0000000082800000, 0x0000000082800000| Untracked 
|  12|0x0000000082800000, 0x0000000082900000, 0x0000000082900000|100%| O|  |TAMS 0x0000000082900000, 0x0000000082900000| Untracked 
|  13|0x0000000082900000, 0x0000000082a00000, 0x0000000082a00000|100%| O|  |TAMS 0x0000000082a00000, 0x0000000082a00000| Untracked 
|  14|0x0000000082a00000, 0x0000000082b00000, 0x0000000082b00000|100%| O|  |TAMS 0x0000000082b00000, 0x0000000082b00000| Untracked 
|  15|0x0000000082b00000, 0x0000000082c00000, 0x0000000082c00000|100%| O|  |TAMS 0x0000000082c00000, 0x0000000082c00000| Untracked 
|  16|0x0000000082c00000, 0x0000000082d00000, 0x0000000082d00000|100%| O|  |TAMS 0x0000000082d00000, 0x0000000082d00000| Untracked 
|  17|0x0000000082d00000, 0x0000000082e00000, 0x0000000082e00000|100%| O|  |TAMS 0x0000000082e00000, 0x0000000082e00000| Untracked 
|  18|0x0000000082e00000, 0x0000000082f00000, 0x0000000082f00000|100%| O|  |TAMS 0x0000000082f00000, 0x0000000082f00000| Untracked 
|  19|0x0000000082f00000, 0x0000000083000000, 0x0000000083000000|100%| O|  |TAMS 0x0000000083000000, 0x0000000083000000| Untracked 
|  20|0x0000000083000000, 0x0000000083100000, 0x0000000083100000|100%|HS|  |TAMS 0x0000000083000000, 0x0000000083100000| Complete 
|  21|0x0000000083100000, 0x0000000083200000, 0x0000000083200000|100%|HS|  |TAMS 0x0000000083200000, 0x0000000083200000| Complete 
|  22|0x0000000083200000, 0x0000000083300000, 0x0000000083300000|100%|HC|  |TAMS 0x0000000083300000, 0x0000000083300000| Complete 
|  23|0x0000000083300000, 0x0000000083400000, 0x0000000083400000|100%| O|  |TAMS 0x0000000083300000, 0x0000000083400000| Untracked 
|  24|0x0000000083400000, 0x0000000083500000, 0x0000000083500000|100%|HS|  |TAMS 0x0000000083400000, 0x0000000083500000| Complete 
|  25|0x0000000083500000, 0x0000000083600000, 0x0000000083600000|100%|HC|  |TAMS 0x0000000083500000, 0x0000000083600000| Complete 
|  26|0x0000000083600000, 0x0000000083700000, 0x0000000083700000|100%|HS|  |TAMS 0x0000000083600000, 0x0000000083700000| Complete 
|  27|0x0000000083700000, 0x0000000083800000, 0x0000000083800000|100%| O|  |TAMS 0x0000000083800000, 0x0000000083800000| Untracked 
|  28|0x0000000083800000, 0x0000000083900000, 0x0000000083900000|100%| O|  |TAMS 0x0000000083900000, 0x0000000083900000| Untracked 
|  29|0x0000000083900000, 0x0000000083a00000, 0x0000000083a00000|100%| O|  |TAMS 0x0000000083a00000, 0x0000000083a00000| Untracked 
|  30|0x0000000083a00000, 0x0000000083b00000, 0x0000000083b00000|100%| O|  |TAMS 0x0000000083b00000, 0x0000000083b00000| Untracked 
|  31|0x0000000083b00000, 0x0000000083c00000, 0x0000000083c00000|100%| O|  |TAMS 0x0000000083c00000, 0x0000000083c00000| Untracked 
|  32|0x0000000083c00000, 0x0000000083d00000, 0x0000000083d00000|100%| O|  |TAMS 0x0000000083c00000, 0x0000000083d00000| Untracked 
|  33|0x0000000083d00000, 0x0000000083e00000, 0x0000000083e00000|100%| O|  |TAMS 0x0000000083d00000, 0x0000000083e00000| Untracked 
|  34|0x0000000083e00000, 0x0000000083f00000, 0x0000000083f00000|100%| O|  |TAMS 0x0000000083e00000, 0x0000000083f00000| Untracked 
|  35|0x0000000083f00000, 0x0000000084000000, 0x0000000084000000|100%| O|  |TAMS 0x0000000084000000, 0x0000000084000000| Untracked 
|  36|0x0000000084000000, 0x0000000084100000, 0x0000000084100000|100%| O|  |TAMS 0x0000000084100000, 0x0000000084100000| Untracked 
|  37|0x0000000084100000, 0x0000000084200000, 0x0000000084200000|100%| O|  |TAMS 0x0000000084200000, 0x0000000084200000| Untracked 
|  38|0x0000000084200000, 0x0000000084300000, 0x0000000084300000|100%| O|  |TAMS 0x0000000084300000, 0x0000000084300000| Untracked 
|  39|0x0000000084300000, 0x0000000084400000, 0x0000000084400000|100%| O|  |TAMS 0x0000000084400000, 0x0000000084400000| Untracked 
|  40|0x0000000084400000, 0x0000000084500000, 0x0000000084500000|100%| O|  |TAMS 0x0000000084500000, 0x0000000084500000| Untracked 
|  41|0x0000000084500000, 0x0000000084600000, 0x0000000084600000|100%| O|  |TAMS 0x0000000084500000, 0x0000000084600000| Untracked 
|  42|0x0000000084600000, 0x0000000084700000, 0x0000000084700000|100%| O|  |TAMS 0x0000000084600000, 0x0000000084700000| Untracked 
|  43|0x0000000084700000, 0x0000000084800000, 0x0000000084800000|100%| O|  |TAMS 0x0000000084700000, 0x0000000084800000| Untracked 
|  44|0x0000000084800000, 0x0000000084900000, 0x0000000084900000|100%| O|  |TAMS 0x0000000084800000, 0x0000000084900000| Untracked 
|  45|0x0000000084900000, 0x0000000084a00000, 0x0000000084a00000|100%| O|  |TAMS 0x0000000084900000, 0x0000000084a00000| Untracked 
|  46|0x0000000084a00000, 0x0000000084b00000, 0x0000000084b00000|100%| O|  |TAMS 0x0000000084a00000, 0x0000000084b00000| Untracked 
|  47|0x0000000084b00000, 0x0000000084c00000, 0x0000000084c00000|100%| O|  |TAMS 0x0000000084b00000, 0x0000000084c00000| Untracked 
|  48|0x0000000084c00000, 0x0000000084d00000, 0x0000000084d00000|100%| O|  |TAMS 0x0000000084c00000, 0x0000000084d00000| Untracked 
|  49|0x0000000084d00000, 0x0000000084e00000, 0x0000000084e00000|100%| O|  |TAMS 0x0000000084d00000, 0x0000000084e00000| Untracked 
|  50|0x0000000084e00000, 0x0000000084f00000, 0x0000000084f00000|100%| O|  |TAMS 0x0000000084e00000, 0x0000000084f00000| Untracked 
|  51|0x0000000084f00000, 0x0000000085000000, 0x0000000085000000|100%| O|  |TAMS 0x0000000084f00000, 0x0000000085000000| Untracked 
|  52|0x0000000085000000, 0x0000000085100000, 0x0000000085100000|100%| O|  |TAMS 0x0000000085000000, 0x0000000085000000| Untracked 
|  53|0x0000000085100000, 0x0000000085200000, 0x0000000085200000|100%| O|  |TAMS 0x0000000085100000, 0x0000000085100000| Untracked 
|  54|0x0000000085200000, 0x0000000085256400, 0x0000000085300000| 33%| O|  |TAMS 0x0000000085200000, 0x0000000085200000| Untracked 
|  55|0x0000000085300000, 0x0000000085300000, 0x0000000085400000|  0%| F|  |TAMS 0x0000000085300000, 0x0000000085300000| Untracked 
|  56|0x0000000085400000, 0x0000000085400000, 0x0000000085500000|  0%| F|  |TAMS 0x0000000085400000, 0x0000000085400000| Untracked 
|  57|0x0000000085500000, 0x0000000085500000, 0x0000000085600000|  0%| F|  |TAMS 0x0000000085500000, 0x0000000085500000| Untracked 
|  58|0x0000000085600000, 0x0000000085600000, 0x0000000085700000|  0%| F|  |TAMS 0x0000000085600000, 0x0000000085600000| Untracked 
|  59|0x0000000085700000, 0x0000000085700000, 0x0000000085800000|  0%| F|  |TAMS 0x0000000085700000, 0x0000000085700000| Untracked 
|  60|0x0000000085800000, 0x0000000085800000, 0x0000000085900000|  0%| F|  |TAMS 0x0000000085800000, 0x0000000085800000| Untracked 
|  61|0x0000000085900000, 0x0000000085900000, 0x0000000085a00000|  0%| F|  |TAMS 0x0000000085900000, 0x0000000085900000| Untracked 
|  62|0x0000000085a00000, 0x0000000085a00000, 0x0000000085b00000|  0%| F|  |TAMS 0x0000000085a00000, 0x0000000085a00000| Untracked 
|  63|0x0000000085b00000, 0x0000000085b00000, 0x0000000085c00000|  0%| F|  |TAMS 0x0000000085b00000, 0x0000000085b00000| Untracked 
|  64|0x0000000085c00000, 0x0000000085c00000, 0x0000000085d00000|  0%| F|  |TAMS 0x0000000085c00000, 0x0000000085c00000| Untracked 
|  65|0x0000000085d00000, 0x0000000085d00000, 0x0000000085e00000|  0%| F|  |TAMS 0x0000000085d00000, 0x0000000085d00000| Untracked 
|  66|0x0000000085e00000, 0x0000000085e00000, 0x0000000085f00000|  0%| F|  |TAMS 0x0000000085e00000, 0x0000000085e00000| Untracked 
|  67|0x0000000085f00000, 0x0000000085f00000, 0x0000000086000000|  0%| F|  |TAMS 0x0000000085f00000, 0x0000000085f00000| Untracked 
|  68|0x0000000086000000, 0x0000000086000000, 0x0000000086100000|  0%| F|  |TAMS 0x0000000086000000, 0x0000000086000000| Untracked 
|  69|0x0000000086100000, 0x0000000086100000, 0x0000000086200000|  0%| F|  |TAMS 0x0000000086100000, 0x0000000086100000| Untracked 
|  70|0x0000000086200000, 0x0000000086200000, 0x0000000086300000|  0%| F|  |TAMS 0x0000000086200000, 0x0000000086200000| Untracked 
|  71|0x0000000086300000, 0x0000000086400000, 0x0000000086400000|100%| S|CS|TAMS 0x0000000086300000, 0x0000000086300000| Complete 
|  72|0x0000000086400000, 0x0000000086500000, 0x0000000086500000|100%| S|CS|TAMS 0x0000000086400000, 0x0000000086400000| Complete 
|  73|0x0000000086500000, 0x0000000086500000, 0x0000000086600000|  0%| F|  |TAMS 0x0000000086500000, 0x0000000086500000| Untracked 
|  74|0x0000000086600000, 0x0000000086600000, 0x0000000086700000|  0%| F|  |TAMS 0x0000000086600000, 0x0000000086600000| Untracked 
|  75|0x0000000086700000, 0x0000000086700000, 0x0000000086800000|  0%| F|  |TAMS 0x0000000086700000, 0x0000000086700000| Untracked 
|  76|0x0000000086800000, 0x0000000086800000, 0x0000000086900000|  0%| F|  |TAMS 0x0000000086800000, 0x0000000086800000| Untracked 
|  77|0x0000000086900000, 0x0000000086900000, 0x0000000086a00000|  0%| F|  |TAMS 0x0000000086900000, 0x0000000086900000| Untracked 
|  78|0x0000000086a00000, 0x0000000086a00000, 0x0000000086b00000|  0%| F|  |TAMS 0x0000000086a00000, 0x0000000086a00000| Untracked 
|  79|0x0000000086b00000, 0x0000000086b00000, 0x0000000086c00000|  0%| F|  |TAMS 0x0000000086b00000, 0x0000000086b00000| Untracked 
|  80|0x0000000086c00000, 0x0000000086c00000, 0x0000000086d00000|  0%| F|  |TAMS 0x0000000086c00000, 0x0000000086c00000| Untracked 
|  81|0x0000000086d00000, 0x0000000086d00000, 0x0000000086e00000|  0%| F|  |TAMS 0x0000000086d00000, 0x0000000086d00000| Untracked 
|  82|0x0000000086e00000, 0x0000000086e00000, 0x0000000086f00000|  0%| F|  |TAMS 0x0000000086e00000, 0x0000000086e00000| Untracked 
|  83|0x0000000086f00000, 0x0000000086f00000, 0x0000000087000000|  0%| F|  |TAMS 0x0000000086f00000, 0x0000000086f00000| Untracked 
|  84|0x0000000087000000, 0x0000000087000000, 0x0000000087100000|  0%| F|  |TAMS 0x0000000087000000, 0x0000000087000000| Untracked 
|  85|0x0000000087100000, 0x0000000087100000, 0x0000000087200000|  0%| F|  |TAMS 0x0000000087100000, 0x0000000087100000| Untracked 
|  86|0x0000000087200000, 0x0000000087200000, 0x0000000087300000|  0%| F|  |TAMS 0x0000000087200000, 0x0000000087200000| Untracked 
|  87|0x0000000087300000, 0x0000000087300000, 0x0000000087400000|  0%| F|  |TAMS 0x0000000087300000, 0x0000000087300000| Untracked 
|  88|0x0000000087400000, 0x0000000087400000, 0x0000000087500000|  0%| F|  |TAMS 0x0000000087400000, 0x0000000087400000| Untracked 
|  89|0x0000000087500000, 0x0000000087500000, 0x0000000087600000|  0%| F|  |TAMS 0x0000000087500000, 0x0000000087500000| Untracked 
|  90|0x0000000087600000, 0x0000000087600000, 0x0000000087700000|  0%| F|  |TAMS 0x0000000087600000, 0x0000000087600000| Untracked 
|  91|0x0000000087700000, 0x0000000087700000, 0x0000000087800000|  0%| F|  |TAMS 0x0000000087700000, 0x0000000087700000| Untracked 
|  92|0x0000000087800000, 0x0000000087800000, 0x0000000087900000|  0%| F|  |TAMS 0x0000000087800000, 0x0000000087800000| Untracked 
|  93|0x0000000087900000, 0x0000000087900000, 0x0000000087a00000|  0%| F|  |TAMS 0x0000000087900000, 0x0000000087900000| Untracked 
|  94|0x0000000087a00000, 0x0000000087a00000, 0x0000000087b00000|  0%| F|  |TAMS 0x0000000087a00000, 0x0000000087a00000| Untracked 
|  95|0x0000000087b00000, 0x0000000087b00000, 0x0000000087c00000|  0%| F|  |TAMS 0x0000000087b00000, 0x0000000087b00000| Untracked 
|  96|0x0000000087c00000, 0x0000000087c00000, 0x0000000087d00000|  0%| F|  |TAMS 0x0000000087c00000, 0x0000000087c00000| Untracked 
|  97|0x0000000087d00000, 0x0000000087d00000, 0x0000000087e00000|  0%| F|  |TAMS 0x0000000087d00000, 0x0000000087d00000| Untracked 
|  98|0x0000000087e00000, 0x0000000087e00000, 0x0000000087f00000|  0%| F|  |TAMS 0x0000000087e00000, 0x0000000087e00000| Untracked 
|  99|0x0000000087f00000, 0x0000000087f00000, 0x0000000088000000|  0%| F|  |TAMS 0x0000000087f00000, 0x0000000087f00000| Untracked 
| 100|0x0000000088000000, 0x0000000088000000, 0x0000000088100000|  0%| F|  |TAMS 0x0000000088000000, 0x0000000088000000| Untracked 
| 101|0x0000000088100000, 0x0000000088100000, 0x0000000088200000|  0%| F|  |TAMS 0x0000000088100000, 0x0000000088100000| Untracked 
| 102|0x0000000088200000, 0x0000000088200000, 0x0000000088300000|  0%| F|  |TAMS 0x0000000088200000, 0x0000000088200000| Untracked 
| 103|0x0000000088300000, 0x0000000088300000, 0x0000000088400000|  0%| F|  |TAMS 0x0000000088300000, 0x0000000088300000| Untracked 
| 104|0x0000000088400000, 0x0000000088400000, 0x0000000088500000|  0%| F|  |TAMS 0x0000000088400000, 0x0000000088400000| Untracked 
| 105|0x0000000088500000, 0x0000000088500000, 0x0000000088600000|  0%| F|  |TAMS 0x0000000088500000, 0x0000000088500000| Untracked 
| 106|0x0000000088600000, 0x0000000088600000, 0x0000000088700000|  0%| F|  |TAMS 0x0000000088600000, 0x0000000088600000| Untracked 
| 107|0x0000000088700000, 0x0000000088700000, 0x0000000088800000|  0%| F|  |TAMS 0x0000000088700000, 0x0000000088700000| Untracked 
| 108|0x0000000088800000, 0x0000000088800000, 0x0000000088900000|  0%| F|  |TAMS 0x0000000088800000, 0x0000000088800000| Untracked 
| 109|0x0000000088900000, 0x0000000088900000, 0x0000000088a00000|  0%| F|  |TAMS 0x0000000088900000, 0x0000000088900000| Untracked 
| 110|0x0000000088a00000, 0x0000000088a00000, 0x0000000088b00000|  0%| F|  |TAMS 0x0000000088a00000, 0x0000000088a00000| Untracked 
| 111|0x0000000088b00000, 0x0000000088b00000, 0x0000000088c00000|  0%| F|  |TAMS 0x0000000088b00000, 0x0000000088b00000| Untracked 
| 112|0x0000000088c00000, 0x0000000088c00000, 0x0000000088d00000|  0%| F|  |TAMS 0x0000000088c00000, 0x0000000088c00000| Untracked 
| 113|0x0000000088d00000, 0x0000000088d00000, 0x0000000088e00000|  0%| F|  |TAMS 0x0000000088d00000, 0x0000000088d00000| Untracked 
| 114|0x0000000088e00000, 0x0000000088e00000, 0x0000000088f00000|  0%| F|  |TAMS 0x0000000088e00000, 0x0000000088e00000| Untracked 
| 115|0x0000000088f00000, 0x0000000088f00000, 0x0000000089000000|  0%| F|  |TAMS 0x0000000088f00000, 0x0000000088f00000| Untracked 
| 116|0x0000000089000000, 0x0000000089000000, 0x0000000089100000|  0%| F|  |TAMS 0x0000000089000000, 0x0000000089000000| Untracked 
| 117|0x0000000089100000, 0x0000000089100000, 0x0000000089200000|  0%| F|  |TAMS 0x0000000089100000, 0x0000000089100000| Untracked 
| 118|0x0000000089200000, 0x0000000089200000, 0x0000000089300000|  0%| F|  |TAMS 0x0000000089200000, 0x0000000089200000| Untracked 
| 119|0x0000000089300000, 0x0000000089300000, 0x0000000089400000|  0%| F|  |TAMS 0x0000000089300000, 0x0000000089300000| Untracked 
| 120|0x0000000089400000, 0x0000000089400000, 0x0000000089500000|  0%| F|  |TAMS 0x0000000089400000, 0x0000000089400000| Untracked 
| 121|0x0000000089500000, 0x0000000089500000, 0x0000000089600000|  0%| F|  |TAMS 0x0000000089500000, 0x0000000089500000| Untracked 
| 122|0x0000000089600000, 0x0000000089600000, 0x0000000089700000|  0%| F|  |TAMS 0x0000000089600000, 0x0000000089600000| Untracked 
| 123|0x0000000089700000, 0x0000000089700000, 0x0000000089800000|  0%| F|  |TAMS 0x0000000089700000, 0x0000000089700000| Untracked 
| 124|0x0000000089800000, 0x0000000089800000, 0x0000000089900000|  0%| F|  |TAMS 0x0000000089800000, 0x0000000089800000| Untracked 
| 125|0x0000000089900000, 0x0000000089900000, 0x0000000089a00000|  0%| F|  |TAMS 0x0000000089900000, 0x0000000089900000| Untracked 
| 126|0x0000000089a00000, 0x0000000089a00000, 0x0000000089b00000|  0%| F|  |TAMS 0x0000000089a00000, 0x0000000089a00000| Untracked 
| 127|0x0000000089b00000, 0x0000000089b00000, 0x0000000089c00000|  0%| F|  |TAMS 0x0000000089b00000, 0x0000000089b00000| Untracked 
|2016|0x00000000ffc00000, 0x00000000ffc00000, 0x00000000ffd00000|  0%| F|  |TAMS 0x00000000ffc00000, 0x00000000ffc00000| Untracked 
|2017|0x00000000ffd00000, 0x00000000ffe00000, 0x00000000ffe00000|100%| O|  |TAMS 0x00000000ffe00000, 0x00000000ffe00000| Untracked 
|2018|0x00000000ffe00000, 0x00000000fff00000, 0x00000000fff00000|100%| O|  |TAMS 0x00000000fff00000, 0x00000000fff00000| Untracked 
|2019|0x00000000fff00000, 0x0000000100000000, 0x0000000100000000|100%| O|  |TAMS 0x0000000100000000, 0x0000000100000000| Untracked 

Card table byte_map: [0x000001ba7be30000,0x000001ba7c230000] _byte_map_base: 0x000001ba7ba22000

Marking Bits (Prev, Next): (CMBitMap*) 0x000001ba7240f580, (CMBitMap*) 0x000001ba7240f5c0
 Prev Bits: [0x000001ba7c630000, 0x000001ba7e5c0000)
 Next Bits: [0x000001ba0f000000, 0x000001ba10f90000)

Polling page: 0x000001ba7b3e0000

Metaspace:

Usage:
  Non-class:     22.54 MB used.
      Class:      2.83 MB used.
       Both:     25.37 MB used.

Virtual space:
  Non-class space:       24.00 MB reserved,      22.69 MB ( 95%) committed,  3 nodes.
      Class space:        1.00 GB reserved,       3.00 MB ( <1%) committed,  1 nodes.
             Both:        1.02 GB reserved,      25.69 MB (  2%) committed. 

Chunk freelists:
   Non-Class:  737.00 KB
       Class:  991.00 KB
        Both:  1.69 MB

MaxMetaspaceSize: unlimited
CompressedClassSpaceSize: 1.00 GB
Initial GC threshold: 21.00 MB
Current GC threshold: 42.31 MB
CDS: on
MetaspaceReclaimPolicy: balanced
 - commit_granule_bytes: 65536.
 - commit_granule_words: 8192.
 - virtual_space_node_default_size: 1048576.
 - enlarge_chunks_in_place: 1.
 - new_chunks_are_fully_committed: 0.
 - uncommit_free_chunks: 1.
 - use_allocation_guard: 0.
 - handle_deallocations: 1.


Internal statistics:

num_allocs_failed_limit: 6.
num_arena_births: 190.
num_arena_deaths: 0.
num_vsnodes_births: 4.
num_vsnodes_deaths: 0.
num_space_committed: 411.
num_space_uncommitted: 0.
num_chunks_returned_to_freelist: 6.
num_chunks_taken_from_freelist: 1087.
num_chunk_merges: 6.
num_chunk_splits: 795.
num_chunks_enlarged: 636.
num_purges: 0.
num_inconsistent_stats: 0.

CodeHeap 'non-profiled nmethods': size=120000Kb used=2763Kb max_used=3167Kb free=117236Kb
 bounds [0x000001ba07ad0000, 0x000001ba07df0000, 0x000001ba0f000000]
CodeHeap 'profiled nmethods': size=120000Kb used=11465Kb max_used=13785Kb free=108534Kb
 bounds [0x000001ba005a0000, 0x000001ba01320000, 0x000001ba07ad0000]
CodeHeap 'non-nmethods': size=5760Kb used=1200Kb max_used=1331Kb free=4559Kb
 bounds [0x000001ba00000000, 0x000001ba00270000, 0x000001ba005a0000]
 total_blobs=5897 nmethods=5396 adapters=413
 compilation: enabled
              stopped_count=0, restarted_count=0
 full_count=0

Compilation events (20 events):
Event: 13.435 Thread 0x000001ba7ebcae00 6287       4       sun.nio.fs.NativeBuffers::releaseNativeBuffer (97 bytes)
Event: 13.443 Thread 0x000001ba7ebcae00 nmethod 6287 0x000001ba07b6cb90 code [0x000001ba07b6cd40, 0x000001ba07b6d038]
Event: 13.443 Thread 0x000001ba7ebcae00 6285       4       java.util.concurrent.locks.ReentrantReadWriteLock$NonfairSync::readerShouldBlock (5 bytes)
Event: 13.444 Thread 0x000001ba7ebcae00 nmethod 6285 0x000001ba07afae90 code [0x000001ba07afb000, 0x000001ba07afb098]
Event: 13.444 Thread 0x000001ba7ebcae00 6286       4       java.util.concurrent.locks.AbstractQueuedSynchronizer::apparentlyFirstQueuedIsExclusive (38 bytes)
Event: 13.444 Thread 0x000001ba7ebcae00 nmethod 6286 0x000001ba07afe110 code [0x000001ba07afe280, 0x000001ba07afe318]
Event: 13.446 Thread 0x000001ba7ebcae00 6288       4       jdk.nio.zipfs.ZipFileSystem$IndexNode::equals (40 bytes)
Event: 13.447 Thread 0x000001ba7ebcae00 nmethod 6288 0x000001ba07ba4990 code [0x000001ba07ba4b00, 0x000001ba07ba4cb8]
Event: 13.460 Thread 0x000001ba7ebdc060 6289  s    3       com.sun.tools.javac.file.FSInfo::getJarFSProvider (64 bytes)
Event: 13.460 Thread 0x000001ba7ebdc060 nmethod 6289 0x000001ba0064ea90 code [0x000001ba0064ecc0, 0x000001ba0064f558]
Event: 13.484 Thread 0x000001ba7ebdc060 6290       3       sun.nio.ch.FileChannelImpl::<init> (144 bytes)
Event: 13.485 Thread 0x000001ba7ebdc060 nmethod 6290 0x000001ba00c45110 code [0x000001ba00c45380, 0x000001ba00c46218]
Event: 13.501 Thread 0x000001ba7ebcae00 6291       4       jdk.nio.zipfs.ZipFileSystem$IndexNode::keyOf (37 bytes)
Event: 13.512 Thread 0x000001ba7ebcae00 nmethod 6291 0x000001ba07c5a590 code [0x000001ba07c5a740, 0x000001ba07c5ab38]
Event: 13.513 Thread 0x000001ba7ebcae00 6292       4       jdk.nio.zipfs.ZipFileSystem::getInode (36 bytes)
Event: 13.537 Thread 0x000001ba7ebcae00 nmethod 6292 0x000001ba07b7a710 code [0x000001ba07b7a900, 0x000001ba07b7b1f0]
Event: 13.537 Thread 0x000001ba7ebcae00 6293       4       java.nio.ByteBuffer::limit (8 bytes)
Event: 13.538 Thread 0x000001ba7ebcae00 nmethod 6293 0x000001ba07ad4f90 code [0x000001ba07ad5100, 0x000001ba07ad51f8]
Event: 13.552 Thread 0x000001ba7ebcae00 6294       4       jdk.nio.zipfs.ZipPath::getResolvedPath (42 bytes)
Event: 13.555 Thread 0x000001ba144d6ca0 nmethod 6201 0x000001ba07d7e390 code [0x000001ba07d7e880, 0x000001ba07d851a8]

GC Heap History (20 events):
Event: 1.437 GC heap after
{Heap after GC invocations=1 (full 0):
 garbage-first heap   total 131072K, used 2797K [0x0000000081c00000, 0x0000000100000000)
  region size 1024K, 2 young (2048K), 2 survivors (2048K)
 Metaspace       used 3094K, committed 3200K, reserved 1056768K
  class space    used 302K, committed 384K, reserved 1048576K
}
Event: 2.202 GC heap before
{Heap before GC invocations=1 (full 0):
 garbage-first heap   total 131072K, used 18157K [0x0000000081c00000, 0x0000000100000000)
  region size 1024K, 17 young (17408K), 2 survivors (2048K)
 Metaspace       used 4939K, committed 5056K, reserved 1056768K
  class space    used 578K, committed 640K, reserved 1048576K
}
Event: 2.207 GC heap after
{Heap after GC invocations=2 (full 0):
 garbage-first heap   total 131072K, used 3493K [0x0000000081c00000, 0x0000000100000000)
  region size 1024K, 1 young (1024K), 1 survivors (1024K)
 Metaspace       used 4939K, committed 5056K, reserved 1056768K
  class space    used 578K, committed 640K, reserved 1048576K
}
Event: 5.914 GC heap before
{Heap before GC invocations=2 (full 0):
 garbage-first heap   total 131072K, used 80293K [0x0000000081c00000, 0x0000000100000000)
  region size 1024K, 76 young (77824K), 1 survivors (1024K)
 Metaspace       used 12864K, committed 13056K, reserved 1064960K
  class space    used 1482K, committed 1536K, reserved 1048576K
}
Event: 5.930 GC heap after
{Heap after GC invocations=3 (full 0):
 garbage-first heap   total 131072K, used 10521K [0x0000000081c00000, 0x0000000100000000)
  region size 1024K, 8 young (8192K), 8 survivors (8192K)
 Metaspace       used 12864K, committed 13056K, reserved 1064960K
  class space    used 1482K, committed 1536K, reserved 1048576K
}
Event: 8.330 GC heap before
{Heap before GC invocations=3 (full 0):
 garbage-first heap   total 131072K, used 111897K [0x0000000081c00000, 0x0000000100000000)
  region size 1024K, 76 young (77824K), 8 survivors (8192K)
 Metaspace       used 16793K, committed 17024K, reserved 1064960K
  class space    used 1864K, committed 1984K, reserved 1048576K
}
Event: 8.349 GC heap after
{Heap after GC invocations=4 (full 0):
 garbage-first heap   total 131072K, used 14798K [0x0000000081c00000, 0x0000000100000000)
  region size 1024K, 5 young (5120K), 5 survivors (5120K)
 Metaspace       used 16793K, committed 17024K, reserved 1064960K
  class space    used 1864K, committed 1984K, reserved 1048576K
}
Event: 9.112 GC heap before
{Heap before GC invocations=4 (full 0):
 garbage-first heap   total 131072K, used 31182K [0x0000000081c00000, 0x0000000100000000)
  region size 1024K, 18 young (18432K), 5 survivors (5120K)
 Metaspace       used 21273K, committed 21504K, reserved 1073152K
  class space    used 2426K, committed 2560K, reserved 1048576K
}
Event: 9.123 GC heap after
{Heap after GC invocations=5 (full 0):
 garbage-first heap   total 131072K, used 23118K [0x0000000081c00000, 0x0000000100000000)
  region size 1024K, 10 young (10240K), 10 survivors (10240K)
 Metaspace       used 21273K, committed 21504K, reserved 1073152K
  class space    used 2426K, committed 2560K, reserved 1048576K
}
Event: 10.413 GC heap before
{Heap before GC invocations=6 (full 0):
 garbage-first heap   total 86016K, used 66126K [0x0000000081c00000, 0x0000000100000000)
  region size 1024K, 50 young (51200K), 10 survivors (10240K)
 Metaspace       used 23379K, committed 23616K, reserved 1073152K
  class space    used 2643K, committed 2752K, reserved 1048576K
}
Event: 10.449 GC heap after
{Heap after GC invocations=7 (full 0):
 garbage-first heap   total 90112K, used 35789K [0x0000000081c00000, 0x0000000100000000)
  region size 1024K, 7 young (7168K), 7 survivors (7168K)
 Metaspace       used 23379K, committed 23616K, reserved 1073152K
  class space    used 2643K, committed 2752K, reserved 1048576K
}
Event: 10.458 GC heap before
{Heap before GC invocations=7 (full 0):
 garbage-first heap   total 90112K, used 36813K [0x0000000081c00000, 0x0000000100000000)
  region size 1024K, 8 young (8192K), 7 survivors (7168K)
 Metaspace       used 23379K, committed 23616K, reserved 1073152K
  class space    used 2643K, committed 2752K, reserved 1048576K
}
Event: 10.470 GC heap after
{Heap after GC invocations=8 (full 0):
 garbage-first heap   total 90112K, used 36864K [0x0000000081c00000, 0x0000000100000000)
  region size 1024K, 1 young (1024K), 1 survivors (1024K)
 Metaspace       used 23379K, committed 23616K, reserved 1073152K
  class space    used 2643K, committed 2752K, reserved 1048576K
}
Event: 12.229 GC heap before
{Heap before GC invocations=8 (full 0):
 garbage-first heap   total 90112K, used 67584K [0x0000000081c00000, 0x0000000100000000)
  region size 1024K, 28 young (28672K), 1 survivors (1024K)
 Metaspace       used 25695K, committed 25984K, reserved 1073152K
  class space    used 2895K, committed 3008K, reserved 1048576K
}
Event: 12.246 GC heap after
{Heap after GC invocations=9 (full 0):
 garbage-first heap   total 90112K, used 43008K [0x0000000081c00000, 0x0000000100000000)
  region size 1024K, 4 young (4096K), 4 survivors (4096K)
 Metaspace       used 25695K, committed 25984K, reserved 1073152K
  class space    used 2895K, committed 3008K, reserved 1048576K
}
Event: 13.264 GC heap before
{Heap before GC invocations=10 (full 0):
 garbage-first heap   total 90112K, used 69632K [0x0000000081c00000, 0x0000000100000000)
  region size 1024K, 27 young (27648K), 4 survivors (4096K)
 Metaspace       used 25966K, committed 26304K, reserved 1073152K
  class space    used 2902K, committed 3072K, reserved 1048576K
}
Event: 13.287 GC heap after
{Heap after GC invocations=11 (full 0):
 garbage-first heap   total 90112K, used 56556K [0x0000000081c00000, 0x0000000100000000)
  region size 1024K, 4 young (4096K), 4 survivors (4096K)
 Metaspace       used 25966K, committed 26304K, reserved 1073152K
  class space    used 2902K, committed 3072K, reserved 1048576K
}
Event: 13.289 GC heap before
{Heap before GC invocations=11 (full 0):
 garbage-first heap   total 90112K, used 57580K [0x0000000081c00000, 0x0000000100000000)
  region size 1024K, 5 young (5120K), 4 survivors (4096K)
 Metaspace       used 25966K, committed 26304K, reserved 1073152K
  class space    used 2902K, committed 3072K, reserved 1048576K
}
Event: 13.301 GC heap after
{Heap after GC invocations=12 (full 0):
 garbage-first heap   total 90112K, used 56818K [0x0000000081c00000, 0x0000000100000000)
  region size 1024K, 1 young (1024K), 1 survivors (1024K)
 Metaspace       used 25966K, committed 26304K, reserved 1073152K
  class space    used 2902K, committed 3072K, reserved 1048576K
}
Event: 13.560 GC heap before
{Heap before GC invocations=12 (full 0):
 garbage-first heap   total 90112K, used 68082K [0x0000000081c00000, 0x0000000100000000)
  region size 1024K, 12 young (12288K), 1 survivors (1024K)
 Metaspace       used 25981K, committed 26304K, reserved 1073152K
  class space    used 2902K, committed 3072K, reserved 1048576K
}

Deoptimization events (20 events):
Event: 13.008 Thread 0x000001ba723b58b0 Uncommon trap: trap_request=0xffffffde fr.pc=0x000001ba07d8d920 relative=0x0000000000004f40
Event: 13.008 Thread 0x000001ba723b58b0 Uncommon trap: reason=class_check action=maybe_recompile pc=0x000001ba07d8d920 method=com.sun.tools.javac.code.Symtab.lookupPackage(Lcom/sun/tools/javac/code/Symbol$ModuleSymbol;Lcom/sun/tools/javac/util/Name;Z)Lcom/sun/tools/javac/code/Symbol$PackageSymb
Event: 13.008 Thread 0x000001ba723b58b0 DEOPT PACKING pc=0x000001ba07d8d920 sp=0x00000056f1afcbf0
Event: 13.008 Thread 0x000001ba723b58b0 DEOPT UNPACKING pc=0x000001ba000523a3 sp=0x00000056f1afcc00 mode 2
Event: 13.008 Thread 0x000001ba723b58b0 Uncommon trap: trap_request=0xffffffde fr.pc=0x000001ba07d8d920 relative=0x0000000000004f40
Event: 13.008 Thread 0x000001ba723b58b0 Uncommon trap: reason=class_check action=maybe_recompile pc=0x000001ba07d8d920 method=com.sun.tools.javac.code.Symtab.lookupPackage(Lcom/sun/tools/javac/code/Symbol$ModuleSymbol;Lcom/sun/tools/javac/util/Name;Z)Lcom/sun/tools/javac/code/Symbol$PackageSymb
Event: 13.008 Thread 0x000001ba723b58b0 DEOPT PACKING pc=0x000001ba07d8d920 sp=0x00000056f1afcbf0
Event: 13.008 Thread 0x000001ba723b58b0 DEOPT UNPACKING pc=0x000001ba000523a3 sp=0x00000056f1afcc00 mode 2
Event: 13.008 Thread 0x000001ba723b58b0 Uncommon trap: trap_request=0xffffffde fr.pc=0x000001ba07d8d920 relative=0x0000000000004f40
Event: 13.008 Thread 0x000001ba723b58b0 Uncommon trap: reason=class_check action=maybe_recompile pc=0x000001ba07d8d920 method=com.sun.tools.javac.code.Symtab.lookupPackage(Lcom/sun/tools/javac/code/Symbol$ModuleSymbol;Lcom/sun/tools/javac/util/Name;Z)Lcom/sun/tools/javac/code/Symbol$PackageSymb
Event: 13.008 Thread 0x000001ba723b58b0 DEOPT PACKING pc=0x000001ba07d8d920 sp=0x00000056f1afcbf0
Event: 13.008 Thread 0x000001ba723b58b0 DEOPT UNPACKING pc=0x000001ba000523a3 sp=0x00000056f1afcc00 mode 2
Event: 13.052 Thread 0x000001ba723b58b0 DEOPT PACKING pc=0x000001ba00cb8ab4 sp=0x00000056f1afc800
Event: 13.052 Thread 0x000001ba723b58b0 DEOPT UNPACKING pc=0x000001ba00052b43 sp=0x00000056f1afbc70 mode 0
Event: 13.052 Thread 0x000001ba723b58b0 DEOPT PACKING pc=0x000001ba00cb8ab4 sp=0x00000056f1afc800
Event: 13.052 Thread 0x000001ba723b58b0 DEOPT UNPACKING pc=0x000001ba00052b43 sp=0x00000056f1afbc70 mode 0
Event: 13.075 Thread 0x000001ba723b58b0 DEOPT PACKING pc=0x000001ba00cb8ab4 sp=0x00000056f1afc830
Event: 13.075 Thread 0x000001ba723b58b0 DEOPT UNPACKING pc=0x000001ba00052b43 sp=0x00000056f1afbca0 mode 0
Event: 13.109 Thread 0x000001ba723b58b0 DEOPT PACKING pc=0x000001ba007e6cb4 sp=0x00000056f1afc2a0
Event: 13.109 Thread 0x000001ba723b58b0 DEOPT UNPACKING pc=0x000001ba00052b43 sp=0x00000056f1afb820 mode 0

Classes unloaded (0 events):
No events

Classes redefined (0 events):
No events

Internal exceptions (20 events):
Event: 12.419 Thread 0x000001ba723b58b0 Exception <a 'sun/nio/fs/WindowsException'{0x0000000088e796b8}> (0x0000000088e796b8) 
thrown [s\open\src\hotspot\share\prims\jni.cpp, line 516]
Event: 12.419 Thread 0x000001ba723b58b0 Exception <a 'sun/nio/fs/WindowsException'{0x0000000088e79ad8}> (0x0000000088e79ad8) 
thrown [s\open\src\hotspot\share\prims\jni.cpp, line 516]
Event: 12.420 Thread 0x000001ba723b58b0 Exception <a 'sun/nio/fs/WindowsException'{0x0000000088e7f9d0}> (0x0000000088e7f9d0) 
thrown [s\open\src\hotspot\share\prims\jni.cpp, line 516]
Event: 12.420 Thread 0x000001ba723b58b0 Exception <a 'sun/nio/fs/WindowsException'{0x0000000088e7fda8}> (0x0000000088e7fda8) 
thrown [s\open\src\hotspot\share\prims\jni.cpp, line 516]
Event: 12.421 Thread 0x000001ba723b58b0 Exception <a 'sun/nio/fs/WindowsException'{0x0000000088e8ef20}> (0x0000000088e8ef20) 
thrown [s\open\src\hotspot\share\prims\jni.cpp, line 516]
Event: 12.421 Thread 0x000001ba723b58b0 Exception <a 'sun/nio/fs/WindowsException'{0x0000000088e8f340}> (0x0000000088e8f340) 
thrown [s\open\src\hotspot\share\prims\jni.cpp, line 516]
Event: 12.421 Thread 0x000001ba723b58b0 Exception <a 'sun/nio/fs/WindowsException'{0x0000000088e913a8}> (0x0000000088e913a8) 
thrown [s\open\src\hotspot\share\prims\jni.cpp, line 516]
Event: 12.421 Thread 0x000001ba723b58b0 Exception <a 'sun/nio/fs/WindowsException'{0x0000000088e91850}> (0x0000000088e91850) 
thrown [s\open\src\hotspot\share\prims\jni.cpp, line 516]
Event: 12.440 Thread 0x000001ba723b58b0 Exception <a 'sun/nio/fs/WindowsException'{0x0000000088eeef68}> (0x0000000088eeef68) 
thrown [s\open\src\hotspot\share\prims\jni.cpp, line 516]
Event: 12.458 Thread 0x000001ba723b58b0 Exception <a 'sun/nio/fs/WindowsException'{0x0000000088d0d8a0}> (0x0000000088d0d8a0) 
thrown [s\open\src\hotspot\share\prims\jni.cpp, line 516]
Event: 13.006 Thread 0x000001ba723b58b0 Exception <a 'sun/nio/fs/WindowsException'{0x0000000086343378}> (0x0000000086343378) 
thrown [s\open\src\hotspot\share\prims\jni.cpp, line 516]
Event: 13.006 Thread 0x000001ba723b58b0 Exception <a 'sun/nio/fs/WindowsException'{0x00000000863436c8}> (0x00000000863436c8) 
thrown [s\open\src\hotspot\share\prims\jni.cpp, line 516]
Event: 13.010 Thread 0x000001ba723b58b0 Exception <a 'sun/nio/fs/WindowsException'{0x00000000863a5bd0}> (0x00000000863a5bd0) 
thrown [s\open\src\hotspot\share\prims\jni.cpp, line 516]
Event: 13.010 Thread 0x000001ba723b58b0 Exception <a 'sun/nio/fs/WindowsException'{0x00000000863a5e10}> (0x00000000863a5e10) 
thrown [s\open\src\hotspot\share\prims\jni.cpp, line 516]
Event: 13.154 Thread 0x000001ba723b58b0 Exception <a 'sun/nio/fs/WindowsException'{0x0000000085d70160}> (0x0000000085d70160) 
thrown [s\open\src\hotspot\share\prims\jni.cpp, line 516]
Event: 13.155 Thread 0x000001ba723b58b0 Exception <a 'sun/nio/fs/WindowsException'{0x0000000085d704d0}> (0x0000000085d704d0) 
thrown [s\open\src\hotspot\share\prims\jni.cpp, line 516]
Event: 13.155 Thread 0x000001ba723b58b0 Exception <a 'sun/nio/fs/WindowsException'{0x0000000085d71648}> (0x0000000085d71648) 
thrown [s\open\src\hotspot\share\prims\jni.cpp, line 516]
Event: 13.155 Thread 0x000001ba723b58b0 Exception <a 'sun/nio/fs/WindowsException'{0x0000000085d71a80}> (0x0000000085d71a80) 
thrown [s\open\src\hotspot\share\prims\jni.cpp, line 516]
Event: 13.155 Thread 0x000001ba723b58b0 Exception <a 'sun/nio/fs/WindowsException'{0x0000000085d72c98}> (0x0000000085d72c98) 
thrown [s\open\src\hotspot\share\prims\jni.cpp, line 516]
Event: 13.156 Thread 0x000001ba723b58b0 Exception <a 'sun/nio/fs/WindowsException'{0x0000000085d73028}> (0x0000000085d73028) 
thrown [s\open\src\hotspot\share\prims\jni.cpp, line 516]

VM Operations (20 events):
Event: 12.167 Executing VM operation: ICBufferFull done
Event: 12.229 Executing VM operation: G1CollectForAllocation
Event: 12.248 Executing VM operation: G1CollectForAllocation done
Event: 12.338 Executing VM operation: G1Concurrent
Event: 12.347 Executing VM operation: G1Concurrent done
Event: 12.384 Executing VM operation: G1Concurrent
Event: 12.384 Executing VM operation: G1Concurrent done
Event: 13.027 Executing VM operation: HandshakeAllThreads
Event: 13.027 Executing VM operation: HandshakeAllThreads done
Event: 13.086 Executing VM operation: HandshakeAllThreads
Event: 13.087 Executing VM operation: HandshakeAllThreads done
Event: 13.111 Executing VM operation: HandshakeAllThreads
Event: 13.111 Executing VM operation: HandshakeAllThreads done
Event: 13.233 Executing VM operation: ICBufferFull
Event: 13.233 Executing VM operation: ICBufferFull done
Event: 13.264 Executing VM operation: G1CollectForAllocation
Event: 13.287 Executing VM operation: G1CollectForAllocation done
Event: 13.289 Executing VM operation: G1CollectForAllocation
Event: 13.301 Executing VM operation: G1CollectForAllocation done
Event: 13.560 Executing VM operation: G1CollectForAllocation

Events (20 events):
Event: 13.122 Thread 0x000001ba7ec371e0 flushing nmethod 0x000001ba010ac510
Event: 13.122 Thread 0x000001ba7ec371e0 flushing nmethod 0x000001ba010af390
Event: 13.122 Thread 0x000001ba7ec371e0 flushing nmethod 0x000001ba010c3690
Event: 13.122 Thread 0x000001ba7ec371e0 flushing nmethod 0x000001ba010c4910
Event: 13.122 Thread 0x000001ba7ec371e0 flushing nmethod 0x000001ba010c9b10
Event: 13.122 Thread 0x000001ba7ec371e0 flushing nmethod 0x000001ba010ca310
Event: 13.122 Thread 0x000001ba7ec371e0 flushing nmethod 0x000001ba010d1490
Event: 13.122 Thread 0x000001ba7ec371e0 flushing nmethod 0x000001ba010d5090
Event: 13.122 Thread 0x000001ba7ec371e0 flushing nmethod 0x000001ba010db310
Event: 13.122 Thread 0x000001ba7ec371e0 flushing nmethod 0x000001ba010dbd10
Event: 13.123 Thread 0x000001ba7ec371e0 flushing nmethod 0x000001ba010ea810
Event: 13.123 Thread 0x000001ba7ec371e0 flushing nmethod 0x000001ba01109310
Event: 13.123 Thread 0x000001ba7ec371e0 flushing nmethod 0x000001ba01115c10
Event: 13.123 Thread 0x000001ba7ec371e0 flushing nmethod 0x000001ba0111e610
Event: 13.123 Thread 0x000001ba7ec371e0 flushing nmethod 0x000001ba0111e990
Event: 13.123 Thread 0x000001ba7ec371e0 flushing nmethod 0x000001ba01142b10
Event: 13.123 Thread 0x000001ba7ec371e0 flushing nmethod 0x000001ba0116a890
Event: 13.123 Thread 0x000001ba7ec371e0 flushing nmethod 0x000001ba01177310
Event: 13.123 Thread 0x000001ba7ec371e0 flushing nmethod 0x000001ba01191390
Event: 13.124 Thread 0x000001ba7ec371e0 flushing nmethod 0x000001ba012bb910


Dynamic libraries:
0x00007ff627fc0000 - 0x00007ff627fd0000 	C:\Program Files\Java\jdk-17.0.5\bin\javaw.exe
0x00007ff81a750000 - 0x00007ff81a948000 	C:\WINDOWS\SYSTEM32\ntdll.dll
0x00007ff818780000 - 0x00007ff81883d000 	C:\WINDOWS\System32\KERNEL32.DLL
0x00007ff818480000 - 0x00007ff818776000 	C:\WINDOWS\System32\KERNELBASE.dll
0x00007ff818190000 - 0x00007ff818290000 	C:\WINDOWS\System32\ucrtbase.dll
0x00007ff80ddb0000 - 0x00007ff80ddca000 	C:\Program Files\Java\jdk-17.0.5\bin\VCRUNTIME140.dll
0x00007ffffa4d0000 - 0x00007ffffa4e8000 	C:\Program Files\Java\jdk-17.0.5\bin\jli.dll
0x00007ff818930000 - 0x00007ff8189e0000 	C:\WINDOWS\System32\ADVAPI32.dll
0x00007ff818840000 - 0x00007ff8188de000 	C:\WINDOWS\System32\msvcrt.dll
0x00007ff819b00000 - 0x00007ff819ba0000 	C:\WINDOWS\System32\sechost.dll
0x00007ff818a60000 - 0x00007ff818b83000 	C:\WINDOWS\System32\RPCRT4.dll
0x00007ff818330000 - 0x00007ff818357000 	C:\WINDOWS\System32\bcrypt.dll
0x00007ff818e20000 - 0x00007ff818fbf000 	C:\WINDOWS\System32\USER32.dll
0x00007ff818160000 - 0x00007ff818182000 	C:\WINDOWS\System32\win32u.dll
0x00007ff819e30000 - 0x00007ff819e5b000 	C:\WINDOWS\System32\GDI32.dll
0x00007ff817e50000 - 0x00007ff817f67000 	C:\WINDOWS\System32\gdi32full.dll
0x00007ff818290000 - 0x00007ff81832d000 	C:\WINDOWS\System32\msvcp_win.dll
0x00007ffff8bc0000 - 0x00007ffff8e5a000 	C:\WINDOWS\WinSxS\amd64_microsoft.windows.common-controls_6595b64144ccf1df_6.0.19041.3636_none_60b6a03d71f818d5\COMCTL32.dll
0x00007ff80cd80000 - 0x00007ff80cd8a000 	C:\WINDOWS\SYSTEM32\VERSION.dll
0x00007ff8188e0000 - 0x00007ff818912000 	C:\WINDOWS\System32\IMM32.DLL
0x00007ff80fd60000 - 0x00007ff80fd6c000 	C:\Program Files\Java\jdk-17.0.5\bin\vcruntime140_1.dll
0x00007fffdc800000 - 0x00007fffdc88d000 	C:\Program Files\Java\jdk-17.0.5\bin\msvcp140.dll
0x00007fff8c650000 - 0x00007fff8d212000 	C:\Program Files\Java\jdk-17.0.5\bin\server\jvm.dll
0x00007ff818e10000 - 0x00007ff818e18000 	C:\WINDOWS\System32\PSAPI.DLL
0x00007ff801590000 - 0x00007ff801599000 	C:\WINDOWS\SYSTEM32\WSOCK32.dll
0x00007ff819c40000 - 0x00007ff819cab000 	C:\WINDOWS\System32\WS2_32.dll
0x00007ff801080000 - 0x00007ff8010a7000 	C:\WINDOWS\SYSTEM32\WINMM.dll
0x00007ff8165e0000 - 0x00007ff8165f2000 	C:\WINDOWS\SYSTEM32\kernel.appcore.dll
0x00007ff80fd30000 - 0x00007ff80fd3a000 	C:\Program Files\Java\jdk-17.0.5\bin\jimage.dll
0x00007ff811cc0000 - 0x00007ff811ea4000 	C:\WINDOWS\SYSTEM32\DBGHELP.DLL
0x00007ffffc690000 - 0x00007ffffc6c4000 	C:\WINDOWS\SYSTEM32\dbgcore.DLL
0x00007ff817f70000 - 0x00007ff817ff2000 	C:\WINDOWS\System32\bcryptPrimitives.dll
0x00007fffe98e0000 - 0x00007fffe9905000 	C:\Program Files\Java\jdk-17.0.5\bin\java.dll
0x00007fffda520000 - 0x00007fffda5f6000 	C:\Program Files\Java\jdk-17.0.5\bin\jsvml.dll
0x00007ff819e60000 - 0x00007ff81a5cb000 	C:\WINDOWS\System32\SHELL32.dll
0x00007ff8158a0000 - 0x00007ff81603e000 	C:\WINDOWS\SYSTEM32\windows.storage.dll
0x00007ff818fc0000 - 0x00007ff819313000 	C:\WINDOWS\System32\combase.dll
0x00007ff8176e0000 - 0x00007ff81770e000 	C:\WINDOWS\SYSTEM32\Wldp.dll
0x00007ff818b90000 - 0x00007ff818c5d000 	C:\WINDOWS\System32\OLEAUT32.dll
0x00007ff819320000 - 0x00007ff8193cd000 	C:\WINDOWS\System32\SHCORE.dll
0x00007ff8199f0000 - 0x00007ff819a45000 	C:\WINDOWS\System32\shlwapi.dll
0x00007ff817d30000 - 0x00007ff817d53000 	C:\WINDOWS\SYSTEM32\profapi.dll
0x00007ffff3f90000 - 0x00007ffff3fa9000 	C:\Program Files\Java\jdk-17.0.5\bin\net.dll
0x00007ff806210000 - 0x00007ff80631a000 	C:\WINDOWS\SYSTEM32\WINHTTP.dll
0x00007ff8174c0000 - 0x00007ff81752a000 	C:\WINDOWS\system32\mswsock.dll
0x00007ffff3740000 - 0x00007ffff3756000 	C:\Program Files\Java\jdk-17.0.5\bin\nio.dll
0x00007ffff2090000 - 0x00007ffff20a8000 	C:\Program Files\Java\jdk-17.0.5\bin\zip.dll
0x0000000069ac0000 - 0x0000000069ae4000 	C:\Users\IT CARE\AppData\Local\Temp\jansi-2.4.0-15e7733527bd160f-jansi.dll
0x00007ff80dda0000 - 0x00007ff80ddb0000 	C:\Program Files\Java\jdk-17.0.5\bin\verify.dll

dbghelp: loaded successfully - version: 4.0.5 - missing functions: none
symbol engine: initialized successfully - sym options: 0x614 - pdb path: .;C:\Program Files\Java\jdk-17.0.5\bin;C:\WINDOWS\SYSTEM32;C:\WINDOWS\WinSxS\amd64_microsoft.windows.common-controls_6595b64144ccf1df_6.0.19041.3636_none_60b6a03d71f818d5;C:\Program Files\Java\jdk-17.0.5\bin\server;C:\Users\IT CARE\AppData\Local\Temp

VM Arguments:
jvm_args: -Dmaven.home=EMBEDDED -Dclassworlds.conf=C:\Users\IT CARE\Documents\myAPP2\.metadata\.plugins\org.eclipse.m2e.launching\launches\m2conf176109705737280409.tmp -Dmaven.multiModuleProjectDirectory=E:\io5\io4\spring-boot-spring-security-jwt-authentication-master -Dfile.encoding=UTF-8 -XX:+ShowCodeDetailsInExceptionMessages 
java_command: org.codehaus.plexus.classworlds.launcher.Launcher -B -Dstyle.color=always install
java_class_path (initial): D:\Downloads\sts-4.16.1.RELEASE\plugins\org.eclipse.m2e.maven.runtime_3.8.601.20220820-1147\jars\plexus-classworlds-2.6.0.jar
Launcher Type: SUN_STANDARD

[Global flags]
     intx CICompilerCount                          = 3                                         {product} {ergonomic}
     uint ConcGCThreads                            = 1                                         {product} {ergonomic}
     uint G1ConcRefinementThreads                  = 4                                         {product} {ergonomic}
   size_t G1HeapRegionSize                         = 1048576                                   {product} {ergonomic}
    uintx GCDrainStackTargetSize                   = 64                                        {product} {ergonomic}
   size_t InitialHeapSize                          = 134217728                                 {product} {ergonomic}
   size_t MarkStackSize                            = 4194304                                   {product} {ergonomic}
   size_t MaxHeapSize                              = 2118123520                                {product} {ergonomic}
   size_t MaxNewSize                               = 1270874112                                {product} {ergonomic}
   size_t MinHeapDeltaBytes                        = 1048576                                   {product} {ergonomic}
   size_t MinHeapSize                              = 8388608                                   {product} {ergonomic}
    uintx NonNMethodCodeHeapSize                   = 5832780                                {pd product} {ergonomic}
    uintx NonProfiledCodeHeapSize                  = 122912730                              {pd product} {ergonomic}
    uintx ProfiledCodeHeapSize                     = 122912730                              {pd product} {ergonomic}
    uintx ReservedCodeCacheSize                    = 251658240                              {pd product} {ergonomic}
     bool SegmentedCodeCache                       = true                                      {product} {ergonomic}
     bool ShowCodeDetailsInExceptionMessages       = true                                   {manageable} {command line}
   size_t SoftMaxHeapSize                          = 2118123520                             {manageable} {ergonomic}
     bool UseCompressedClassPointers               = true                           {product lp64_product} {ergonomic}
     bool UseCompressedOops                        = true                           {product lp64_product} {ergonomic}
     bool UseG1GC                                  = true                                      {product} {ergonomic}
     bool UseLargePagesIndividualAllocation        = false                                  {pd product} {ergonomic}

Logging:
Log output configuration:
 #0: stdout all=warning uptime,level,tags
 #1: stderr all=off uptime,level,tags

Environment Variables:
JAVA_HOME=C:\Program Files\Java\jdk-17.0.5
CLASSPATH=C:\Program Files\Java\jdk-17.0.5\bin
PATH=D:/Downloads/sts-4.16.1.RELEASE//plugins/org.eclipse.justj.openjdk.hotspot.jre.full.win32.x86_64_17.0.4.v20221004-1257/jre/bin/server;D:/Downloads/sts-4.16.1.RELEASE//plugins/org.eclipse.justj.openjdk.hotspot.jre.full.win32.x86_64_17.0.4.v20221004-1257/jre/bin;C:\Python312\Scripts\;C:\Python312\;E:\InformaticaInstalations\clients\tools\datadirect;E:\InformaticaInstalations\java\jre\bin\server;E:\InformaticaInstalations\tools\odbcdrv;E:\InformaticaInstalations\tools\jdbcdrv;E:\InformaticaInstalations\tools\sharedlibs;E:\InformaticaInstalations\tools\datadirect;E:\\java\jre\bin\server;E:\\tools\odbcdrv;E:\\tools\jdbcdrv;E:\\tools\sharedlibs;E:\\tools\datadirect;C:\WINDOWS\system32;C:\WINDOWS;C:\WINDOWS\System32\Wbem;C:\WINDOWS\System32\WindowsPowerShell\v1.0\;C:\WINDOWS\System32\OpenSSH\;C:\Users\IT CARE\Downloads\apache-maven-3.8.6-bin\apache-maven-3.8.6\bin;C:\Program Files\Git\cmd;C:\Program Files\Notepad++;C:\ProgramData\chocolatey\bin;C:\Program Files\PuTTY\;C:\Program Files\Java\jdk-17.0.5\bin;C:\Program Files\Docker\Docker\resources\bin;C:\minikube;C:\Program Files\nodejs\;C:\Program Files\Terraform\;C:\Program Files\Amazon\AWSCLIV2\;C:\Users\IT CARE\AppData\Local\Microsoft\WindowsApps;C:\Program Files\JetBrains\IntelliJ IDEA Community Edition 2022.2.3\bin;;C:\Users\IT CARE\AppData\Local\Programs\Microsoft VS Code\bin;D:\minikube;C:\Program Files\Java\jdk-17.0.5\bin;D:\IntelliJ IDEA 2023.2.3\bin;;C:\Users\IT CARE\AppData\Roaming\npm;C:\Program Files\Terraform\;;C:\WINDOWS\System32;
USERNAME=IT CARE
OS=Windows_NT
PROCESSOR_IDENTIFIER=Intel64 Family 6 Model 78 Stepping 3, GenuineIntel



---------------  S Y S T E M  ---------------

OS:
 Windows 10 , 64 bit Build 19041 (10.0.19041.3636)
OS uptime: 6 days 5:45 hours
Hyper-V role detected

CPU: total 4 (initial active 4) (2 cores per cpu, 2 threads per core) family 6 model 78 stepping 3 microcode 0xcc, cx8, cmov, fxsr, ht, mmx, 3dnowpref, sse, sse2, sse3, ssse3, sse4.1, sse4.2, popcnt, lzcnt, tsc, tscinvbit, avx, avx2, aes, erms, clmul, bmi1, bmi2, rtm, adx, fma, vzeroupper, clflush, clflushopt, hv

Memory: 4k page, system-wide physical 8072M (543M free)
TotalPageFile size 19847M (AvailPageFile size 136M)
current process WorkingSet (physical memory assigned to process): 221M, peak: 234M
current process commit charge ("private bytes"): 291M, peak: 423M

vm_info: Java HotSpot(TM) 64-Bit Server VM (17.0.5+9-LTS-191) for windows-amd64 JRE (17.0.5+9-LTS-191), built on Sep 13 2022 17:31:43 by "mach5one" with MS VC++ 16.8 / 16.9 (VS2019)

END.
